c:\users\alexarse\desktop\axlib\libs\vst3 sdk\public.sdk\samples\vst\again\win\x64\debug\again.lib
c:\users\alexarse\desktop\axlib\libs\vst3 sdk\public.sdk\samples\vst\again\win\x64\debug\again.exp
c:\users\alexarse\desktop\axlib\libs\vst3 sdk\public.sdk\samples\vst\again\win\x64\debug\vc120.pdb
c:\vst\.ilk
c:\vst\.vst3
c:\users\alexarse\desktop\axlib\libs\vst3 sdk\public.sdk\samples\vst\again\win\x64\debug\again.pdb
c:\users\alexarse\desktop\axlib\libs\vst3 sdk\public.sdk\samples\vst\again\win\x64\debug\again.res
c:\users\alexarse\desktop\axlib\libs\vst3 sdk\public.sdk\samples\vst\again\win\x64\debug\again.obj
c:\users\alexarse\desktop\axlib\libs\vst3 sdk\public.sdk\samples\vst\again\win\x64\debug\againcontroller.obj
c:\users\alexarse\desktop\axlib\libs\vst3 sdk\public.sdk\samples\vst\again\win\x64\debug\againeditor.obj
c:\users\alexarse\desktop\axlib\libs\vst3 sdk\public.sdk\samples\vst\again\win\x64\debug\againentry.obj
c:\users\alexarse\desktop\axlib\libs\vst3 sdk\public.sdk\samples\vst\again\win\x64\debug\cvstguitimer.obj
c:\users\alexarse\desktop\axlib\libs\vst3 sdk\public.sdk\samples\vst\again\win\x64\debug\dllmain.obj
c:\users\alexarse\desktop\axlib\libs\vst3 sdk\public.sdk\samples\vst\again\win\x64\debug\funknown.obj
c:\users\alexarse\desktop\axlib\libs\vst3 sdk\public.sdk\samples\vst\again\win\x64\debug\pluginfactoryvst3.obj
c:\users\alexarse\desktop\axlib\libs\vst3 sdk\public.sdk\samples\vst\again\win\x64\debug\pluginview.obj
c:\users\alexarse\desktop\axlib\libs\vst3 sdk\public.sdk\samples\vst\again\win\x64\debug\ustring.obj
c:\users\alexarse\desktop\axlib\libs\vst3 sdk\public.sdk\samples\vst\again\win\x64\debug\vstaudioeffect.obj
c:\users\alexarse\desktop\axlib\libs\vst3 sdk\public.sdk\samples\vst\again\win\x64\debug\vstbus.obj
c:\users\alexarse\desktop\axlib\libs\vst3 sdk\public.sdk\samples\vst\again\win\x64\debug\vstcomponent.obj
c:\users\alexarse\desktop\axlib\libs\vst3 sdk\public.sdk\samples\vst\again\win\x64\debug\vstcomponentbase.obj
c:\users\alexarse\desktop\axlib\libs\vst3 sdk\public.sdk\samples\vst\again\win\x64\debug\vstcontrols.obj
c:\users\alexarse\desktop\axlib\libs\vst3 sdk\public.sdk\samples\vst\again\win\x64\debug\vsteditcontroller.obj
c:\users\alexarse\desktop\axlib\libs\vst3 sdk\public.sdk\samples\vst\again\win\x64\debug\vstgui.obj
c:\users\alexarse\desktop\axlib\libs\vst3 sdk\public.sdk\samples\vst\again\win\x64\debug\vstguidebug.obj
c:\users\alexarse\desktop\axlib\libs\vst3 sdk\public.sdk\samples\vst\again\win\x64\debug\vstguieditor.obj
c:\users\alexarse\desktop\axlib\libs\vst3 sdk\public.sdk\samples\vst\again\win\x64\debug\vstinitiids.obj
c:\users\alexarse\desktop\axlib\libs\vst3 sdk\public.sdk\samples\vst\again\win\x64\debug\vstparameters.obj
c:\users\alexarse\desktop\axlib\libs\vst3 sdk\public.sdk\samples\vst\again\win\x64\debug\again.tlog\again.write.1u.tlog
c:\users\alexarse\desktop\axlib\libs\vst3 sdk\public.sdk\samples\vst\again\win\x64\debug\again.tlog\cl.command.1.tlog
c:\users\alexarse\desktop\axlib\libs\vst3 sdk\public.sdk\samples\vst\again\win\x64\debug\again.tlog\cl.read.1.tlog
c:\users\alexarse\desktop\axlib\libs\vst3 sdk\public.sdk\samples\vst\again\win\x64\debug\again.tlog\cl.write.1.tlog
c:\users\alexarse\desktop\axlib\libs\vst3 sdk\public.sdk\samples\vst\again\win\x64\debug\again.tlog\link.command.1.tlog
c:\users\alexarse\desktop\axlib\libs\vst3 sdk\public.sdk\samples\vst\again\win\x64\debug\again.tlog\link.read.1.tlog
c:\users\alexarse\desktop\axlib\libs\vst3 sdk\public.sdk\samples\vst\again\win\x64\debug\again.tlog\link.write.1.tlog
c:\users\alexarse\desktop\axlib\libs\vst3 sdk\public.sdk\samples\vst\again\win\x64\debug\again.tlog\rc.command.1.tlog
c:\users\alexarse\desktop\axlib\libs\vst3 sdk\public.sdk\samples\vst\again\win\x64\debug\again.tlog\rc.read.1.tlog
c:\users\alexarse\desktop\axlib\libs\vst3 sdk\public.sdk\samples\vst\again\win\x64\debug\again.tlog\rc.write.1.tlog
