c:\users\alexarse\desktop\axlib\libs\vst3 sdk\public.sdk\samples\vst\again\win\win32\debug\vc120.pdb
c:\users\alexarse\desktop\axlib\libs\vst3 sdk\public.sdk\samples\vst\again\win\win32\debug\again.res
c:\users\alexarse\desktop\axlib\libs\vst3 sdk\public.sdk\samples\vst\again\win\win32\debug\again_vc10.vcxprojresolveassemblyreference.cache
c:\users\alexarse\desktop\axlib\libs\vst3 sdk\public.sdk\samples\vst\again\win\win32\debug\again.obj
c:\users\alexarse\desktop\axlib\libs\vst3 sdk\public.sdk\samples\vst\again\win\win32\debug\againcontroller.obj
c:\users\alexarse\desktop\axlib\libs\vst3 sdk\public.sdk\samples\vst\again\win\win32\debug\againeditor.obj
c:\users\alexarse\desktop\axlib\libs\vst3 sdk\public.sdk\samples\vst\again\win\win32\debug\againentry.obj
c:\users\alexarse\desktop\axlib\libs\vst3 sdk\public.sdk\samples\vst\again\win\win32\debug\cvstguitimer.obj
c:\users\alexarse\desktop\axlib\libs\vst3 sdk\public.sdk\samples\vst\again\win\win32\debug\dllmain.obj
c:\users\alexarse\desktop\axlib\libs\vst3 sdk\public.sdk\samples\vst\again\win\win32\debug\funknown.obj
c:\users\alexarse\desktop\axlib\libs\vst3 sdk\public.sdk\samples\vst\again\win\win32\debug\pluginfactoryvst3.obj
c:\users\alexarse\desktop\axlib\libs\vst3 sdk\public.sdk\samples\vst\again\win\win32\debug\pluginview.obj
c:\users\alexarse\desktop\axlib\libs\vst3 sdk\public.sdk\samples\vst\again\win\win32\debug\ustring.obj
c:\users\alexarse\desktop\axlib\libs\vst3 sdk\public.sdk\samples\vst\again\win\win32\debug\vstaudioeffect.obj
c:\users\alexarse\desktop\axlib\libs\vst3 sdk\public.sdk\samples\vst\again\win\win32\debug\vstbus.obj
c:\users\alexarse\desktop\axlib\libs\vst3 sdk\public.sdk\samples\vst\again\win\win32\debug\vstcomponent.obj
c:\users\alexarse\desktop\axlib\libs\vst3 sdk\public.sdk\samples\vst\again\win\win32\debug\vstcomponentbase.obj
c:\users\alexarse\desktop\axlib\libs\vst3 sdk\public.sdk\samples\vst\again\win\win32\debug\vstcontrols.obj
c:\users\alexarse\desktop\axlib\libs\vst3 sdk\public.sdk\samples\vst\again\win\win32\debug\vsteditcontroller.obj
c:\users\alexarse\desktop\axlib\libs\vst3 sdk\public.sdk\samples\vst\again\win\win32\debug\vstgui.obj
c:\users\alexarse\desktop\axlib\libs\vst3 sdk\public.sdk\samples\vst\again\win\win32\debug\vstguidebug.obj
c:\users\alexarse\desktop\axlib\libs\vst3 sdk\public.sdk\samples\vst\again\win\win32\debug\vstguieditor.obj
c:\users\alexarse\desktop\axlib\libs\vst3 sdk\public.sdk\samples\vst\again\win\win32\debug\vstinitiids.obj
c:\users\alexarse\desktop\axlib\libs\vst3 sdk\public.sdk\samples\vst\again\win\win32\debug\vstparameters.obj
c:\users\alexarse\desktop\axlib\libs\vst3 sdk\public.sdk\samples\vst\again\win\win32\debug\vc120.idb
c:\users\alexarse\desktop\axlib\libs\vst3 sdk\public.sdk\samples\vst\again\win\win32\debug\again.sbr
c:\users\alexarse\desktop\axlib\libs\vst3 sdk\public.sdk\samples\vst\again\win\win32\debug\againcontroller.sbr
c:\users\alexarse\desktop\axlib\libs\vst3 sdk\public.sdk\samples\vst\again\win\win32\debug\againeditor.sbr
c:\users\alexarse\desktop\axlib\libs\vst3 sdk\public.sdk\samples\vst\again\win\win32\debug\againentry.sbr
c:\users\alexarse\desktop\axlib\libs\vst3 sdk\public.sdk\samples\vst\again\win\win32\debug\cvstguitimer.sbr
c:\users\alexarse\desktop\axlib\libs\vst3 sdk\public.sdk\samples\vst\again\win\win32\debug\dllmain.sbr
c:\users\alexarse\desktop\axlib\libs\vst3 sdk\public.sdk\samples\vst\again\win\win32\debug\funknown.sbr
c:\users\alexarse\desktop\axlib\libs\vst3 sdk\public.sdk\samples\vst\again\win\win32\debug\pluginfactoryvst3.sbr
c:\users\alexarse\desktop\axlib\libs\vst3 sdk\public.sdk\samples\vst\again\win\win32\debug\pluginview.sbr
c:\users\alexarse\desktop\axlib\libs\vst3 sdk\public.sdk\samples\vst\again\win\win32\debug\ustring.sbr
c:\users\alexarse\desktop\axlib\libs\vst3 sdk\public.sdk\samples\vst\again\win\win32\debug\vstaudioeffect.sbr
c:\users\alexarse\desktop\axlib\libs\vst3 sdk\public.sdk\samples\vst\again\win\win32\debug\vstbus.sbr
c:\users\alexarse\desktop\axlib\libs\vst3 sdk\public.sdk\samples\vst\again\win\win32\debug\vstcomponent.sbr
c:\users\alexarse\desktop\axlib\libs\vst3 sdk\public.sdk\samples\vst\again\win\win32\debug\vstcomponentbase.sbr
c:\users\alexarse\desktop\axlib\libs\vst3 sdk\public.sdk\samples\vst\again\win\win32\debug\vstcontrols.sbr
c:\users\alexarse\desktop\axlib\libs\vst3 sdk\public.sdk\samples\vst\again\win\win32\debug\vsteditcontroller.sbr
c:\users\alexarse\desktop\axlib\libs\vst3 sdk\public.sdk\samples\vst\again\win\win32\debug\vstgui.sbr
c:\users\alexarse\desktop\axlib\libs\vst3 sdk\public.sdk\samples\vst\again\win\win32\debug\vstguidebug.sbr
c:\users\alexarse\desktop\axlib\libs\vst3 sdk\public.sdk\samples\vst\again\win\win32\debug\vstguieditor.sbr
c:\users\alexarse\desktop\axlib\libs\vst3 sdk\public.sdk\samples\vst\again\win\win32\debug\vstinitiids.sbr
c:\users\alexarse\desktop\axlib\libs\vst3 sdk\public.sdk\samples\vst\again\win\win32\debug\vstparameters.sbr
c:\users\alexarse\desktop\axlib\libs\vst3 sdk\public.sdk\samples\vst\again\win\win32\debug\again.tlog\cl.command.1.tlog
c:\users\alexarse\desktop\axlib\libs\vst3 sdk\public.sdk\samples\vst\again\win\win32\debug\again.tlog\cl.read.1.tlog
c:\users\alexarse\desktop\axlib\libs\vst3 sdk\public.sdk\samples\vst\again\win\win32\debug\again.tlog\cl.write.1.tlog
c:\users\alexarse\desktop\axlib\libs\vst3 sdk\public.sdk\samples\vst\again\win\win32\debug\again.tlog\link.command.1.tlog
c:\users\alexarse\desktop\axlib\libs\vst3 sdk\public.sdk\samples\vst\again\win\win32\debug\again.tlog\link.read.1.tlog
c:\users\alexarse\desktop\axlib\libs\vst3 sdk\public.sdk\samples\vst\again\win\win32\debug\again.tlog\link.write.1.tlog
c:\users\alexarse\desktop\axlib\libs\vst3 sdk\public.sdk\samples\vst\again\win\win32\debug\again.tlog\rc.command.1.tlog
c:\users\alexarse\desktop\axlib\libs\vst3 sdk\public.sdk\samples\vst\again\win\win32\debug\again.tlog\rc.read.1.tlog
c:\users\alexarse\desktop\axlib\libs\vst3 sdk\public.sdk\samples\vst\again\win\win32\debug\again.tlog\rc.write.1.tlog
