This file contains any messages produced by compilers while
running configure, to aid debugging if configure makes a mistake.

It was created by cairo configure 1.0.0, which was
generated by GNU Autoconf 2.59.  Invocation command line was

  $ ./configure 

## --------- ##
## Platform. ##
## --------- ##

hostname = alexarse
uname -m = x86_64
uname -r = 14.1.0
uname -s = Darwin
uname -v = Darwin Kernel Version 14.1.0: Mon Dec 22 23:10:38 PST 2014; root:xnu-2782.10.72~2/RELEASE_X86_64

/usr/bin/uname -p = i386
/bin/uname -X     = unknown

/bin/arch              = unknown
/usr/bin/arch -k       = unknown
/usr/convex/getsysinfo = unknown
hostinfo               = Mach kernel version:
	 Darwin Kernel Version 14.1.0: Mon Dec 22 23:10:38 PST 2014; root:xnu-2782.10.72~2/RELEASE_X86_64
Kernel configured for up to 4 processors.
2 processors are physically available.
4 processors are logically available.
Processor type: i486 (Intel 80486)
Processors active: 0 1 2 3
Primary memory available: 4.00 gigabytes
Default processor set: 232 tasks, 1034 threads, 4 processors
Load average: 1.69, Mach factor: 2.30
/bin/machine           = unknown
/usr/bin/oslevel       = unknown
/bin/universe          = unknown

PATH: /opt/local/bin
PATH: /opt/local/sbin
PATH: /opt/local/bin
PATH: /opt/local/sbin
PATH: /usr/local/bin
PATH: /usr/bin
PATH: /bin
PATH: /usr/sbin
PATH: /sbin
PATH: /usr/local/git/bin
PATH: /usr/texbin


## ----------- ##
## Core tests. ##
## ----------- ##

configure:1573: checking for a BSD-compatible install
configure:1628: result: /usr/bin/install -c
configure:1639: checking whether build environment is sane
configure:1682: result: yes
configure:1747: checking for gawk
configure:1776: result: no
configure:1747: checking for mawk
configure:1776: result: no
configure:1747: checking for nawk
configure:1776: result: no
configure:1747: checking for awk
configure:1763: found /usr/bin/awk
configure:1773: result: awk
configure:1783: checking whether make sets $(MAKE)
configure:1803: result: yes
configure:2002: checking whether to enable maintainer-specific portions of Makefiles
configure:2011: result: no
configure:2073: checking for gcc
configure:2089: found /usr/bin/gcc
configure:2099: result: gcc
configure:2343: checking for C compiler version
configure:2346: gcc --version </dev/null >&5
Configured with: --prefix=/Applications/Xcode.app/Contents/Developer/usr --with-gxx-include-dir=/usr/include/c++/4.2.1
Apple LLVM version 6.0 (clang-600.0.54) (based on LLVM 3.5svn)
Target: x86_64-apple-darwin14.1.0
Thread model: posix
configure:2349: $? = 0
configure:2351: gcc -v </dev/null >&5
Configured with: --prefix=/Applications/Xcode.app/Contents/Developer/usr --with-gxx-include-dir=/usr/include/c++/4.2.1
Apple LLVM version 6.0 (clang-600.0.54) (based on LLVM 3.5svn)
Target: x86_64-apple-darwin14.1.0
Thread model: posix
configure:2354: $? = 0
configure:2356: gcc -V </dev/null >&5
clang: error: argument to '-V' is missing (expected 1 value)
clang: error: no input files
configure:2359: $? = 1
configure:2382: checking for C compiler default output file name
configure:2385: gcc    conftest.c  >&5
configure:2388: $? = 0
configure:2434: result: a.out
configure:2439: checking whether the C compiler works
configure:2445: ./a.out
configure:2448: $? = 0
configure:2465: result: yes
configure:2472: checking whether we are cross compiling
configure:2474: result: no
configure:2477: checking for suffix of executables
configure:2479: gcc -o conftest    conftest.c  >&5
configure:2482: $? = 0
configure:2507: result: 
configure:2513: checking for suffix of object files
configure:2534: gcc -c   conftest.c >&5
configure:2537: $? = 0
configure:2559: result: o
configure:2563: checking whether we are using the GNU C compiler
configure:2587: gcc -c   conftest.c >&5
configure:2593: $? = 0
configure:2597: test -z 
			 || test ! -s conftest.err
configure:2600: $? = 0
configure:2603: test -s conftest.o
configure:2606: $? = 0
configure:2619: result: yes
configure:2625: checking whether gcc accepts -g
configure:2646: gcc -c -g  conftest.c >&5
configure:2652: $? = 0
configure:2656: test -z 
			 || test ! -s conftest.err
configure:2659: $? = 0
configure:2662: test -s conftest.o
configure:2665: $? = 0
configure:2676: result: yes
configure:2693: checking for gcc option to accept ANSI C
configure:2763: gcc  -c -g -O2  conftest.c >&5
configure:2769: $? = 0
configure:2773: test -z 
			 || test ! -s conftest.err
configure:2776: $? = 0
configure:2779: test -s conftest.o
configure:2782: $? = 0
configure:2800: result: none needed
configure:2818: gcc -c -g -O2  conftest.c >&5
conftest.c:2:3: error: unknown type name 'choke'
  choke me
  ^
conftest.c:2:11: error: expected ';' after top level declarator
  choke me
          ^
          ;
2 errors generated.
configure:2824: $? = 1
configure: failed program was:
| #ifndef __cplusplus
|   choke me
| #endif
configure:2968: checking for style of include used by make
configure:2996: result: GNU
configure:3024: checking dependency style of gcc
configure:3114: result: gcc3
configure:3136: checking how to run the C preprocessor
configure:3171: gcc -E  conftest.c
configure:3177: $? = 0
configure:3209: gcc -E  conftest.c
conftest.c:11:10: fatal error: 'ac_nonexistent.h' file not found
#include <ac_nonexistent.h>
         ^
1 error generated.
configure:3215: $? = 1
configure: failed program was:
| /* confdefs.h.  */
| 
| #define PACKAGE_NAME "cairo"
| #define PACKAGE_TARNAME "cairo"
| #define PACKAGE_VERSION "1.0.0"
| #define PACKAGE_STRING "cairo 1.0.0"
| #define PACKAGE_BUGREPORT "http://bugs.freedesktop.org/enter_bug.cgi?product=cairo"
| #define PACKAGE "cairo"
| #define VERSION "1.0.0"
| /* end confdefs.h.  */
| #include <ac_nonexistent.h>
configure:3254: result: gcc -E
configure:3278: gcc -E  conftest.c
configure:3284: $? = 0
configure:3316: gcc -E  conftest.c
conftest.c:11:10: fatal error: 'ac_nonexistent.h' file not found
#include <ac_nonexistent.h>
         ^
1 error generated.
configure:3322: $? = 1
configure: failed program was:
| /* confdefs.h.  */
| 
| #define PACKAGE_NAME "cairo"
| #define PACKAGE_TARNAME "cairo"
| #define PACKAGE_VERSION "1.0.0"
| #define PACKAGE_STRING "cairo 1.0.0"
| #define PACKAGE_BUGREPORT "http://bugs.freedesktop.org/enter_bug.cgi?product=cairo"
| #define PACKAGE "cairo"
| #define VERSION "1.0.0"
| /* end confdefs.h.  */
| #include <ac_nonexistent.h>
configure:3443: checking build system type
configure:3461: result: i686-apple-darwin14.1.0
configure:3469: checking host system type
configure:3483: result: i686-apple-darwin14.1.0
configure:3491: checking for a sed that does not truncate output
configure:3545: result: /usr/bin/sed
configure:3548: checking for egrep
configure:3558: result: grep -E
configure:3574: checking for ld used by gcc
configure:3641: result: /Applications/Xcode.app/Contents/Developer/Toolchains/XcodeDefault.xctoolchain/usr/bin/ld
configure:3650: checking if the linker (/Applications/Xcode.app/Contents/Developer/Toolchains/XcodeDefault.xctoolchain/usr/bin/ld) is GNU ld
configure:3665: result: no
configure:3670: checking for /Applications/Xcode.app/Contents/Developer/Toolchains/XcodeDefault.xctoolchain/usr/bin/ld option to reload object files
configure:3677: result: -r
configure:3695: checking for BSD-compatible nm
configure:3737: result: /usr/bin/nm
configure:3741: checking whether ln -s works
configure:3745: result: yes
configure:3752: checking how to recognise dependent libraries
configure:3924: result: pass_all
configure:4134: checking for ANSI C header files
configure:4159: gcc -c -g -O2  conftest.c >&5
configure:4165: $? = 0
configure:4169: test -z 
			 || test ! -s conftest.err
configure:4172: $? = 0
configure:4175: test -s conftest.o
configure:4178: $? = 0
configure:4267: gcc -o conftest -g -O2   conftest.c  >&5
conftest.c:28:7: warning: implicitly declaring library function 'exit' with type 'void (int) __attribute__((noreturn))'
      exit(2);
      ^
conftest.c:28:7: note: please include the header <stdlib.h> or explicitly provide a declaration for 'exit'
1 warning generated.
configure:4270: $? = 0
configure:4272: ./conftest
configure:4275: $? = 0
configure:4290: result: yes
configure:4314: checking for sys/types.h
configure:4330: gcc -c -g -O2  conftest.c >&5
configure:4336: $? = 0
configure:4340: test -z 
			 || test ! -s conftest.err
configure:4343: $? = 0
configure:4346: test -s conftest.o
configure:4349: $? = 0
configure:4360: result: yes
configure:4314: checking for sys/stat.h
configure:4330: gcc -c -g -O2  conftest.c >&5
configure:4336: $? = 0
configure:4340: test -z 
			 || test ! -s conftest.err
configure:4343: $? = 0
configure:4346: test -s conftest.o
configure:4349: $? = 0
configure:4360: result: yes
configure:4314: checking for stdlib.h
configure:4330: gcc -c -g -O2  conftest.c >&5
configure:4336: $? = 0
configure:4340: test -z 
			 || test ! -s conftest.err
configure:4343: $? = 0
configure:4346: test -s conftest.o
configure:4349: $? = 0
configure:4360: result: yes
configure:4314: checking for string.h
configure:4330: gcc -c -g -O2  conftest.c >&5
configure:4336: $? = 0
configure:4340: test -z 
			 || test ! -s conftest.err
configure:4343: $? = 0
configure:4346: test -s conftest.o
configure:4349: $? = 0
configure:4360: result: yes
configure:4314: checking for memory.h
configure:4330: gcc -c -g -O2  conftest.c >&5
configure:4336: $? = 0
configure:4340: test -z 
			 || test ! -s conftest.err
configure:4343: $? = 0
configure:4346: test -s conftest.o
configure:4349: $? = 0
configure:4360: result: yes
configure:4314: checking for strings.h
configure:4330: gcc -c -g -O2  conftest.c >&5
configure:4336: $? = 0
configure:4340: test -z 
			 || test ! -s conftest.err
configure:4343: $? = 0
configure:4346: test -s conftest.o
configure:4349: $? = 0
configure:4360: result: yes
configure:4314: checking for inttypes.h
configure:4330: gcc -c -g -O2  conftest.c >&5
configure:4336: $? = 0
configure:4340: test -z 
			 || test ! -s conftest.err
configure:4343: $? = 0
configure:4346: test -s conftest.o
configure:4349: $? = 0
configure:4360: result: yes
configure:4314: checking for stdint.h
configure:4330: gcc -c -g -O2  conftest.c >&5
configure:4336: $? = 0
configure:4340: test -z 
			 || test ! -s conftest.err
configure:4343: $? = 0
configure:4346: test -s conftest.o
configure:4349: $? = 0
configure:4360: result: yes
configure:4314: checking for unistd.h
configure:4330: gcc -c -g -O2  conftest.c >&5
configure:4336: $? = 0
configure:4340: test -z 
			 || test ! -s conftest.err
configure:4343: $? = 0
configure:4346: test -s conftest.o
configure:4349: $? = 0
configure:4360: result: yes
configure:4386: checking dlfcn.h usability
configure:4398: gcc -c -g -O2  conftest.c >&5
configure:4404: $? = 0
configure:4408: test -z 
			 || test ! -s conftest.err
configure:4411: $? = 0
configure:4414: test -s conftest.o
configure:4417: $? = 0
configure:4427: result: yes
configure:4431: checking dlfcn.h presence
configure:4441: gcc -E  conftest.c
configure:4447: $? = 0
configure:4467: result: yes
configure:4502: checking for dlfcn.h
configure:4509: result: yes
configure:4574: checking for g++
configure:4590: found /usr/bin/g++
configure:4600: result: g++
configure:4616: checking for C++ compiler version
configure:4619: g++ --version </dev/null >&5
Configured with: --prefix=/Applications/Xcode.app/Contents/Developer/usr --with-gxx-include-dir=/usr/include/c++/4.2.1
Apple LLVM version 6.0 (clang-600.0.54) (based on LLVM 3.5svn)
Target: x86_64-apple-darwin14.1.0
Thread model: posix
configure:4622: $? = 0
configure:4624: g++ -v </dev/null >&5
Configured with: --prefix=/Applications/Xcode.app/Contents/Developer/usr --with-gxx-include-dir=/usr/include/c++/4.2.1
Apple LLVM version 6.0 (clang-600.0.54) (based on LLVM 3.5svn)
Target: x86_64-apple-darwin14.1.0
Thread model: posix
configure:4627: $? = 0
configure:4629: g++ -V </dev/null >&5
clang: error: argument to '-V' is missing (expected 1 value)
clang: error: no input files
configure:4632: $? = 1
configure:4635: checking whether we are using the GNU C++ compiler
configure:4659: g++ -c   conftest.cc >&5
configure:4665: $? = 0
configure:4669: test -z 
			 || test ! -s conftest.err
configure:4672: $? = 0
configure:4675: test -s conftest.o
configure:4678: $? = 0
configure:4691: result: yes
configure:4697: checking whether g++ accepts -g
configure:4718: g++ -c -g  conftest.cc >&5
configure:4724: $? = 0
configure:4728: test -z 
			 || test ! -s conftest.err
configure:4731: $? = 0
configure:4734: test -s conftest.o
configure:4737: $? = 0
configure:4748: result: yes
configure:4790: g++ -c -g -O2  conftest.cc >&5
configure:4796: $? = 0
configure:4800: test -z 
			 || test ! -s conftest.err
configure:4803: $? = 0
configure:4806: test -s conftest.o
configure:4809: $? = 0
configure:4835: g++ -c -g -O2  conftest.cc >&5
conftest.cc:26:1: error: use of undeclared identifier 'exit'
exit (42);
^
1 error generated.
configure:4841: $? = 1
configure: failed program was:
| /* confdefs.h.  */
| 
| #define PACKAGE_NAME "cairo"
| #define PACKAGE_TARNAME "cairo"
| #define PACKAGE_VERSION "1.0.0"
| #define PACKAGE_STRING "cairo 1.0.0"
| #define PACKAGE_BUGREPORT "http://bugs.freedesktop.org/enter_bug.cgi?product=cairo"
| #define PACKAGE "cairo"
| #define VERSION "1.0.0"
| #define STDC_HEADERS 1
| #define HAVE_SYS_TYPES_H 1
| #define HAVE_SYS_STAT_H 1
| #define HAVE_STDLIB_H 1
| #define HAVE_STRING_H 1
| #define HAVE_MEMORY_H 1
| #define HAVE_STRINGS_H 1
| #define HAVE_INTTYPES_H 1
| #define HAVE_STDINT_H 1
| #define HAVE_UNISTD_H 1
| #define HAVE_DLFCN_H 1
| /* end confdefs.h.  */
| 
| int
| main ()
| {
| exit (42);
|   ;
|   return 0;
| }
configure:4790: g++ -c -g -O2  conftest.cc >&5
conftest.cc:22:17: error: use of undeclared identifier 'std'
extern "C" void std::exit (int) throw (); using std::exit;
                ^
conftest.cc:22:49: error: use of undeclared identifier 'std'
extern "C" void std::exit (int) throw (); using std::exit;
                                                ^
2 errors generated.
configure:4796: $? = 1
configure: failed program was:
| /* confdefs.h.  */
| 
| #define PACKAGE_NAME "cairo"
| #define PACKAGE_TARNAME "cairo"
| #define PACKAGE_VERSION "1.0.0"
| #define PACKAGE_STRING "cairo 1.0.0"
| #define PACKAGE_BUGREPORT "http://bugs.freedesktop.org/enter_bug.cgi?product=cairo"
| #define PACKAGE "cairo"
| #define VERSION "1.0.0"
| #define STDC_HEADERS 1
| #define HAVE_SYS_TYPES_H 1
| #define HAVE_SYS_STAT_H 1
| #define HAVE_STDLIB_H 1
| #define HAVE_STRING_H 1
| #define HAVE_MEMORY_H 1
| #define HAVE_STRINGS_H 1
| #define HAVE_INTTYPES_H 1
| #define HAVE_STDINT_H 1
| #define HAVE_UNISTD_H 1
| #define HAVE_DLFCN_H 1
| /* end confdefs.h.  */
| extern "C" void std::exit (int) throw (); using std::exit;
| #include <stdlib.h>
| int
| main ()
| {
| exit (42);
|   ;
|   return 0;
| }
configure:4790: g++ -c -g -O2  conftest.cc >&5
conftest.cc:22:17: error: use of undeclared identifier 'std'
extern "C" void std::exit (int); using std::exit;
                ^
conftest.cc:22:40: error: use of undeclared identifier 'std'
extern "C" void std::exit (int); using std::exit;
                                       ^
2 errors generated.
configure:4796: $? = 1
configure: failed program was:
| /* confdefs.h.  */
| 
| #define PACKAGE_NAME "cairo"
| #define PACKAGE_TARNAME "cairo"
| #define PACKAGE_VERSION "1.0.0"
| #define PACKAGE_STRING "cairo 1.0.0"
| #define PACKAGE_BUGREPORT "http://bugs.freedesktop.org/enter_bug.cgi?product=cairo"
| #define PACKAGE "cairo"
| #define VERSION "1.0.0"
| #define STDC_HEADERS 1
| #define HAVE_SYS_TYPES_H 1
| #define HAVE_SYS_STAT_H 1
| #define HAVE_STDLIB_H 1
| #define HAVE_STRING_H 1
| #define HAVE_MEMORY_H 1
| #define HAVE_STRINGS_H 1
| #define HAVE_INTTYPES_H 1
| #define HAVE_STDINT_H 1
| #define HAVE_UNISTD_H 1
| #define HAVE_DLFCN_H 1
| /* end confdefs.h.  */
| extern "C" void std::exit (int); using std::exit;
| #include <stdlib.h>
| int
| main ()
| {
| exit (42);
|   ;
|   return 0;
| }
configure:4790: g++ -c -g -O2  conftest.cc >&5
configure:4796: $? = 0
configure:4800: test -z 
			 || test ! -s conftest.err
configure:4803: $? = 0
configure:4806: test -s conftest.o
configure:4809: $? = 0
configure:4835: g++ -c -g -O2  conftest.cc >&5
configure:4841: $? = 0
configure:4845: test -z 
			 || test ! -s conftest.err
configure:4848: $? = 0
configure:4851: test -s conftest.o
configure:4854: $? = 0
configure:4879: checking dependency style of g++
configure:4969: result: gcc3
configure:4996: checking how to run the C++ preprocessor
configure:5027: g++ -E  conftest.cc
configure:5033: $? = 0
configure:5065: g++ -E  conftest.cc
conftest.cc:25:10: fatal error: 'ac_nonexistent.h' file not found
#include <ac_nonexistent.h>
         ^
1 error generated.
configure:5071: $? = 1
configure: failed program was:
| /* confdefs.h.  */
| 
| #define PACKAGE_NAME "cairo"
| #define PACKAGE_TARNAME "cairo"
| #define PACKAGE_VERSION "1.0.0"
| #define PACKAGE_STRING "cairo 1.0.0"
| #define PACKAGE_BUGREPORT "http://bugs.freedesktop.org/enter_bug.cgi?product=cairo"
| #define PACKAGE "cairo"
| #define VERSION "1.0.0"
| #define STDC_HEADERS 1
| #define HAVE_SYS_TYPES_H 1
| #define HAVE_SYS_STAT_H 1
| #define HAVE_STDLIB_H 1
| #define HAVE_STRING_H 1
| #define HAVE_MEMORY_H 1
| #define HAVE_STRINGS_H 1
| #define HAVE_INTTYPES_H 1
| #define HAVE_STDINT_H 1
| #define HAVE_UNISTD_H 1
| #define HAVE_DLFCN_H 1
| #ifdef __cplusplus
| extern "C" void exit (int) throw ();
| #endif
| /* end confdefs.h.  */
| #include <ac_nonexistent.h>
configure:5110: result: g++ -E
configure:5134: g++ -E  conftest.cc
configure:5140: $? = 0
configure:5172: g++ -E  conftest.cc
conftest.cc:25:10: fatal error: 'ac_nonexistent.h' file not found
#include <ac_nonexistent.h>
         ^
1 error generated.
configure:5178: $? = 1
configure: failed program was:
| /* confdefs.h.  */
| 
| #define PACKAGE_NAME "cairo"
| #define PACKAGE_TARNAME "cairo"
| #define PACKAGE_VERSION "1.0.0"
| #define PACKAGE_STRING "cairo 1.0.0"
| #define PACKAGE_BUGREPORT "http://bugs.freedesktop.org/enter_bug.cgi?product=cairo"
| #define PACKAGE "cairo"
| #define VERSION "1.0.0"
| #define STDC_HEADERS 1
| #define HAVE_SYS_TYPES_H 1
| #define HAVE_SYS_STAT_H 1
| #define HAVE_STDLIB_H 1
| #define HAVE_STRING_H 1
| #define HAVE_MEMORY_H 1
| #define HAVE_STRINGS_H 1
| #define HAVE_INTTYPES_H 1
| #define HAVE_STDINT_H 1
| #define HAVE_UNISTD_H 1
| #define HAVE_DLFCN_H 1
| #ifdef __cplusplus
| extern "C" void exit (int) throw ();
| #endif
| /* end confdefs.h.  */
| #include <ac_nonexistent.h>
configure:5275: checking for g77
configure:5304: result: no
configure:5275: checking for f77
configure:5304: result: no
configure:5275: checking for xlf
configure:5304: result: no
configure:5275: checking for frt
configure:5304: result: no
configure:5275: checking for pgf77
configure:5304: result: no
configure:5275: checking for fort77
configure:5304: result: no
configure:5275: checking for fl32
configure:5304: result: no
configure:5275: checking for af77
configure:5304: result: no
configure:5275: checking for f90
configure:5304: result: no
configure:5275: checking for xlf90
configure:5304: result: no
configure:5275: checking for pgf90
configure:5304: result: no
configure:5275: checking for epcf90
configure:5304: result: no
configure:5275: checking for f95
configure:5304: result: no
configure:5275: checking for fort
configure:5304: result: no
configure:5275: checking for xlf95
configure:5304: result: no
configure:5275: checking for ifc
configure:5304: result: no
configure:5275: checking for efc
configure:5304: result: no
configure:5275: checking for pgf95
configure:5304: result: no
configure:5275: checking for lf95
configure:5304: result: no
configure:5275: checking for gfortran
configure:5304: result: no
configure:5316: checking for Fortran 77 compiler version
configure:5319:  --version </dev/null >&5
./configure: line 5320: --version: command not found
configure:5322: $? = 127
configure:5324:  -v </dev/null >&5
./configure: line 5325: -v: command not found
configure:5327: $? = 127
configure:5329:  -V </dev/null >&5
./configure: line 5330: -V: command not found
configure:5332: $? = 127
configure:5340: checking whether we are using the GNU Fortran 77 compiler
configure:5354:  -c  conftest.F >&5
./configure: line 5355: -c: command not found
configure:5360: $? = 127
configure: failed program was:
|       program main
| #ifndef __GNUC__
|        choke me
| #endif
| 
|       end
configure:5386: result: no
configure:5392: checking whether  accepts -g
configure:5404:  -c -g conftest.f >&5
./configure: line 5405: -c: command not found
configure:5410: $? = 127
configure: failed program was:
|       program main
| 
|       end
configure:5435: result: no
configure:5465: checking the maximum length of command line arguments
configure:5557: result: 196608
configure:5568: checking command to parse /usr/bin/nm output from gcc object
configure:5664: gcc -c -g -O2  conftest.c >&5
configure:5667: $? = 0
configure:5671: /usr/bin/nm conftest.o \| sed -n -e 's/^.*[ 	]\([BCDEGRST][BCDEGRST]*\)[ 	][ 	]*\([_A-Za-z][_A-Za-z0-9]*\)$/\1 \2 \2/p' \> conftest.nm
configure:5674: $? = 0
cannot find nm_test_var in conftest.nm
configure:5664: gcc -c -g -O2  conftest.c >&5
configure:5667: $? = 0
configure:5671: /usr/bin/nm conftest.o \| sed -n -e 's/^.*[ 	]\([BCDEGRST][BCDEGRST]*\)[ 	][ 	]*_\([_A-Za-z][_A-Za-z0-9]*\)$/\1 _\2 \2/p' \> conftest.nm
configure:5674: $? = 0
configure:5726: gcc -o conftest -g -O2   conftest.c conftstm.o >&5
configure:5729: $? = 0
configure:5767: result: ok
configure:5771: checking for objdir
configure:5786: result: .libs
configure:5876: checking for ar
configure:5892: found /usr/bin/ar
configure:5903: result: ar
configure:5956: checking for ranlib
configure:5972: found /usr/bin/ranlib
configure:5983: result: ranlib
configure:6036: checking for strip
configure:6052: found /usr/bin/strip
configure:6063: result: strip
configure:6350: checking if gcc static flag  works
configure:6378: result: yes
configure:6396: checking if gcc supports -fno-rtti -fno-exceptions
configure:6414: gcc -c -g -O2  -fno-rtti -fno-exceptions conftest.c >&5
configure:6418: $? = 0
configure:6431: result: yes
configure:6446: checking for gcc option to produce PIC
configure:6650: result: -fno-common
configure:6658: checking if gcc PIC flag -fno-common works
configure:6676: gcc -c -g -O2  -fno-common -DPIC conftest.c >&5
configure:6680: $? = 0
configure:6693: result: yes
configure:6717: checking if gcc supports -c -o file.o
configure:6738: gcc -c -g -O2  -o out/conftest2.o conftest.c >&5
configure:6742: $? = 0
configure:6764: result: yes
configure:6790: checking whether the gcc linker (/Applications/Xcode.app/Contents/Developer/Toolchains/XcodeDefault.xctoolchain/usr/bin/ld) supports shared libraries
configure:7686: result: yes
configure:7757: checking dynamic linker characteristics
configure:8324: result: darwin14.1.0 dyld
configure:8328: checking how to hardcode library paths into programs
configure:8353: result: immediate
configure:8367: checking whether stripping libraries is possible
configure:8380: result: yes
configure:9202: checking if libtool supports shared libraries
configure:9204: result: yes
configure:9207: checking whether to build shared libraries
configure:9228: result: yes
configure:9231: checking whether to build static libraries
configure:9235: result: yes
configure:9327: creating libtool
configure:9905: checking for ld used by g++
configure:9972: result: /Applications/Xcode.app/Contents/Developer/Toolchains/XcodeDefault.xctoolchain/usr/bin/ld
configure:9981: checking if the linker (/Applications/Xcode.app/Contents/Developer/Toolchains/XcodeDefault.xctoolchain/usr/bin/ld) is GNU ld
configure:9996: result: no
configure:10047: checking whether the g++ linker (/Applications/Xcode.app/Contents/Developer/Toolchains/XcodeDefault.xctoolchain/usr/bin/ld) supports shared libraries
configure:10934: result: yes
configure:10952: g++ -c -g -O2  conftest.cc >&5
configure:10955: $? = 0
configure:11051: checking for g++ option to produce PIC
configure:11319: result: -fno-common
configure:11327: checking if g++ PIC flag -fno-common works
configure:11345: g++ -c -g -O2  -fno-common -DPIC conftest.cc >&5
configure:11349: $? = 0
configure:11362: result: yes
configure:11386: checking if g++ supports -c -o file.o
configure:11407: g++ -c -g -O2  -o out/conftest2.o conftest.cc >&5
configure:11411: $? = 0
configure:11433: result: yes
configure:11459: checking whether the g++ linker (/Applications/Xcode.app/Contents/Developer/Toolchains/XcodeDefault.xctoolchain/usr/bin/ld) supports shared libraries
configure:11484: result: yes
configure:11555: checking dynamic linker characteristics
configure:12122: result: darwin14.1.0 dyld
configure:12126: checking how to hardcode library paths into programs
configure:12151: result: immediate
configure:12165: checking whether stripping libraries is possible
configure:12178: result: yes
configure:19718: checking for ANSI C header files
configure:19874: result: yes
configure:19884: checking whether byte ordering is bigendian
configure:19911: gcc -c -g -O2  conftest.c >&5
configure:19917: $? = 0
configure:19921: test -z 
			 || test ! -s conftest.err
configure:19924: $? = 0
configure:19927: test -s conftest.o
configure:19930: $? = 0
configure:19954: gcc -c -g -O2  conftest.c >&5
conftest.c:33:2: error: use of undeclared identifier 'not'
 not big endian
 ^
1 error generated.
configure:19960: $? = 1
configure: failed program was:
| /* confdefs.h.  */
| 
| #define PACKAGE_NAME "cairo"
| #define PACKAGE_TARNAME "cairo"
| #define PACKAGE_VERSION "1.0.0"
| #define PACKAGE_STRING "cairo 1.0.0"
| #define PACKAGE_BUGREPORT "http://bugs.freedesktop.org/enter_bug.cgi?product=cairo"
| #define PACKAGE "cairo"
| #define VERSION "1.0.0"
| #define STDC_HEADERS 1
| #define HAVE_SYS_TYPES_H 1
| #define HAVE_SYS_STAT_H 1
| #define HAVE_STDLIB_H 1
| #define HAVE_STRING_H 1
| #define HAVE_MEMORY_H 1
| #define HAVE_STRINGS_H 1
| #define HAVE_INTTYPES_H 1
| #define HAVE_STDINT_H 1
| #define HAVE_UNISTD_H 1
| #define HAVE_DLFCN_H 1
| #ifdef __cplusplus
| extern "C" void exit (int) throw ();
| #endif
| #define STDC_HEADERS 1
| /* end confdefs.h.  */
| #include <sys/types.h>
| #include <sys/param.h>
| 
| int
| main ()
| {
| #if BYTE_ORDER != BIG_ENDIAN
|  not big endian
| #endif
| 
|   ;
|   return 0;
| }
configure:20095: result: no
configure:20127: checking for vasnprintf
configure:20184: gcc -o conftest -g -O2   conftest.c  >&5
Undefined symbols for architecture x86_64:
  "_vasnprintf", referenced from:
      _main in conftest-a15489.o
      _f in conftest-a15489.o
ld: symbol(s) not found for architecture x86_64
clang: error: linker command failed with exit code 1 (use -v to see invocation)
configure:20190: $? = 1
configure: failed program was:
| /* confdefs.h.  */
| 
| #define PACKAGE_NAME "cairo"
| #define PACKAGE_TARNAME "cairo"
| #define PACKAGE_VERSION "1.0.0"
| #define PACKAGE_STRING "cairo 1.0.0"
| #define PACKAGE_BUGREPORT "http://bugs.freedesktop.org/enter_bug.cgi?product=cairo"
| #define PACKAGE "cairo"
| #define VERSION "1.0.0"
| #define STDC_HEADERS 1
| #define HAVE_SYS_TYPES_H 1
| #define HAVE_SYS_STAT_H 1
| #define HAVE_STDLIB_H 1
| #define HAVE_STRING_H 1
| #define HAVE_MEMORY_H 1
| #define HAVE_STRINGS_H 1
| #define HAVE_INTTYPES_H 1
| #define HAVE_STDINT_H 1
| #define HAVE_UNISTD_H 1
| #define HAVE_DLFCN_H 1
| #ifdef __cplusplus
| extern "C" void exit (int) throw ();
| #endif
| #define STDC_HEADERS 1
| /* end confdefs.h.  */
| /* Define vasnprintf to an innocuous variant, in case <limits.h> declares vasnprintf.
|    For example, HP-UX 11i <limits.h> declares gettimeofday.  */
| #define vasnprintf innocuous_vasnprintf
| 
| /* System header to define __stub macros and hopefully few prototypes,
|     which can conflict with char vasnprintf (); below.
|     Prefer <limits.h> to <assert.h> if __STDC__ is defined, since
|     <limits.h> exists even on freestanding compilers.  */
| 
| #ifdef __STDC__
| # include <limits.h>
| #else
| # include <assert.h>
| #endif
| 
| #undef vasnprintf
| 
| /* Override any gcc2 internal prototype to avoid an error.  */
| #ifdef __cplusplus
| extern "C"
| {
| #endif
| /* We use char because int might match the return type of a gcc2
|    builtin and then its argument prototype would still apply.  */
| char vasnprintf ();
| /* The GNU C library defines this for functions which it implements
|     to always fail with ENOSYS.  Some functions are actually named
|     something starting with __ and the normal name is an alias.  */
| #if defined (__stub_vasnprintf) || defined (__stub___vasnprintf)
| choke me
| #else
| char (*f) () = vasnprintf;
| #endif
| #ifdef __cplusplus
| }
| #endif
| 
| int
| main ()
| {
| return f != vasnprintf;
|   ;
|   return 0;
| }
configure:20215: result: no
configure:20448: checking for sincos
configure:20505: gcc -o conftest -g -O2   conftest.c   >&5
Undefined symbols for architecture x86_64:
  "_sincos", referenced from:
      _main in conftest-d30e7d.o
      _f in conftest-d30e7d.o
ld: symbol(s) not found for architecture x86_64
clang: error: linker command failed with exit code 1 (use -v to see invocation)
configure:20511: $? = 1
configure: failed program was:
| /* confdefs.h.  */
| 
| #define PACKAGE_NAME "cairo"
| #define PACKAGE_TARNAME "cairo"
| #define PACKAGE_VERSION "1.0.0"
| #define PACKAGE_STRING "cairo 1.0.0"
| #define PACKAGE_BUGREPORT "http://bugs.freedesktop.org/enter_bug.cgi?product=cairo"
| #define PACKAGE "cairo"
| #define VERSION "1.0.0"
| #define STDC_HEADERS 1
| #define HAVE_SYS_TYPES_H 1
| #define HAVE_SYS_STAT_H 1
| #define HAVE_STDLIB_H 1
| #define HAVE_STRING_H 1
| #define HAVE_MEMORY_H 1
| #define HAVE_STRINGS_H 1
| #define HAVE_INTTYPES_H 1
| #define HAVE_STDINT_H 1
| #define HAVE_UNISTD_H 1
| #define HAVE_DLFCN_H 1
| #ifdef __cplusplus
| extern "C" void exit (int) throw ();
| #endif
| #define STDC_HEADERS 1
| /* end confdefs.h.  */
| /* Define sincos to an innocuous variant, in case <limits.h> declares sincos.
|    For example, HP-UX 11i <limits.h> declares gettimeofday.  */
| #define sincos innocuous_sincos
| 
| /* System header to define __stub macros and hopefully few prototypes,
|     which can conflict with char sincos (); below.
|     Prefer <limits.h> to <assert.h> if __STDC__ is defined, since
|     <limits.h> exists even on freestanding compilers.  */
| 
| #ifdef __STDC__
| # include <limits.h>
| #else
| # include <assert.h>
| #endif
| 
| #undef sincos
| 
| /* Override any gcc2 internal prototype to avoid an error.  */
| #ifdef __cplusplus
| extern "C"
| {
| #endif
| /* We use char because int might match the return type of a gcc2
|    builtin and then its argument prototype would still apply.  */
| char sincos ();
| /* The GNU C library defines this for functions which it implements
|     to always fail with ENOSYS.  Some functions are actually named
|     something starting with __ and the normal name is an alias.  */
| #if defined (__stub_sincos) || defined (__stub___sincos)
| choke me
| #else
| char (*f) () = sincos;
| #endif
| #ifdef __cplusplus
| }
| #endif
| 
| int
| main ()
| {
| return f != sincos;
|   ;
|   return 0;
| }
configure:20536: result: no
configure:20557: checking for X
configure:20662: gcc -E  conftest.c
conftest.c:26:10: fatal error: 'X11/Intrinsic.h' file not found
#include <X11/Intrinsic.h>
         ^
1 error generated.
configure:20668: $? = 1
configure: failed program was:
| /* confdefs.h.  */
| 
| #define PACKAGE_NAME "cairo"
| #define PACKAGE_TARNAME "cairo"
| #define PACKAGE_VERSION "1.0.0"
| #define PACKAGE_STRING "cairo 1.0.0"
| #define PACKAGE_BUGREPORT "http://bugs.freedesktop.org/enter_bug.cgi?product=cairo"
| #define PACKAGE "cairo"
| #define VERSION "1.0.0"
| #define STDC_HEADERS 1
| #define HAVE_SYS_TYPES_H 1
| #define HAVE_SYS_STAT_H 1
| #define HAVE_STDLIB_H 1
| #define HAVE_STRING_H 1
| #define HAVE_MEMORY_H 1
| #define HAVE_STRINGS_H 1
| #define HAVE_INTTYPES_H 1
| #define HAVE_STDINT_H 1
| #define HAVE_UNISTD_H 1
| #define HAVE_DLFCN_H 1
| #ifdef __cplusplus
| extern "C" void exit (int) throw ();
| #endif
| #define STDC_HEADERS 1
| /* end confdefs.h.  */
| #include <X11/Intrinsic.h>
configure:20718: gcc -o conftest -g -O2   conftest.c -lXt   >&5
conftest.c:26:10: fatal error: 'X11/Intrinsic.h' file not found
#include <X11/Intrinsic.h>
         ^
1 error generated.
configure:20724: $? = 1
configure: failed program was:
| /* confdefs.h.  */
| 
| #define PACKAGE_NAME "cairo"
| #define PACKAGE_TARNAME "cairo"
| #define PACKAGE_VERSION "1.0.0"
| #define PACKAGE_STRING "cairo 1.0.0"
| #define PACKAGE_BUGREPORT "http://bugs.freedesktop.org/enter_bug.cgi?product=cairo"
| #define PACKAGE "cairo"
| #define VERSION "1.0.0"
| #define STDC_HEADERS 1
| #define HAVE_SYS_TYPES_H 1
| #define HAVE_SYS_STAT_H 1
| #define HAVE_STDLIB_H 1
| #define HAVE_STRING_H 1
| #define HAVE_MEMORY_H 1
| #define HAVE_STRINGS_H 1
| #define HAVE_INTTYPES_H 1
| #define HAVE_STDINT_H 1
| #define HAVE_UNISTD_H 1
| #define HAVE_DLFCN_H 1
| #ifdef __cplusplus
| extern "C" void exit (int) throw ();
| #endif
| #define STDC_HEADERS 1
| /* end confdefs.h.  */
| #include <X11/Intrinsic.h>
| int
| main ()
| {
| XtMalloc (0)
|   ;
|   return 0;
| }
configure:20777: result: no
configure:20797: checking for pkg-config
configure:20815: found /opt/local/bin/pkg-config
configure:20828: result: /opt/local/bin/pkg-config
configure:20845: checking for xrender >= 0.6
configure:20849: result: yes
configure:20853: checking XRENDER_CFLAGS
configure:20856: result: -I/opt/local/include 
configure:20859: checking XRENDER_LIBS
configure:20862: result: -L/opt/local/lib -lXrender -lX11 
configure:22199: checking for XrmFinalize
configure:22256: gcc -o conftest -g -O2 -I/opt/local/include    conftest.c   -L/opt/local/lib -lXrender -lX11  >&5
Undefined symbols for architecture x86_64:
  "_XrmFinalize", referenced from:
      _main in conftest-e9a051.o
      _f in conftest-e9a051.o
ld: symbol(s) not found for architecture x86_64
clang: error: linker command failed with exit code 1 (use -v to see invocation)
configure:22262: $? = 1
configure: failed program was:
| /* confdefs.h.  */
| 
| #define PACKAGE_NAME "cairo"
| #define PACKAGE_TARNAME "cairo"
| #define PACKAGE_VERSION "1.0.0"
| #define PACKAGE_STRING "cairo 1.0.0"
| #define PACKAGE_BUGREPORT "http://bugs.freedesktop.org/enter_bug.cgi?product=cairo"
| #define PACKAGE "cairo"
| #define VERSION "1.0.0"
| #define STDC_HEADERS 1
| #define HAVE_SYS_TYPES_H 1
| #define HAVE_SYS_STAT_H 1
| #define HAVE_STDLIB_H 1
| #define HAVE_STRING_H 1
| #define HAVE_MEMORY_H 1
| #define HAVE_STRINGS_H 1
| #define HAVE_INTTYPES_H 1
| #define HAVE_STDINT_H 1
| #define HAVE_UNISTD_H 1
| #define HAVE_DLFCN_H 1
| #ifdef __cplusplus
| extern "C" void exit (int) throw ();
| #endif
| #define STDC_HEADERS 1
| /* end confdefs.h.  */
| /* Define XrmFinalize to an innocuous variant, in case <limits.h> declares XrmFinalize.
|    For example, HP-UX 11i <limits.h> declares gettimeofday.  */
| #define XrmFinalize innocuous_XrmFinalize
| 
| /* System header to define __stub macros and hopefully few prototypes,
|     which can conflict with char XrmFinalize (); below.
|     Prefer <limits.h> to <assert.h> if __STDC__ is defined, since
|     <limits.h> exists even on freestanding compilers.  */
| 
| #ifdef __STDC__
| # include <limits.h>
| #else
| # include <assert.h>
| #endif
| 
| #undef XrmFinalize
| 
| /* Override any gcc2 internal prototype to avoid an error.  */
| #ifdef __cplusplus
| extern "C"
| {
| #endif
| /* We use char because int might match the return type of a gcc2
|    builtin and then its argument prototype would still apply.  */
| char XrmFinalize ();
| /* The GNU C library defines this for functions which it implements
|     to always fail with ENOSYS.  Some functions are actually named
|     something starting with __ and the normal name is an alias.  */
| #if defined (__stub_XrmFinalize) || defined (__stub___XrmFinalize)
| choke me
| #else
| char (*f) () = XrmFinalize;
| #endif
| #ifdef __cplusplus
| }
| #endif
| 
| int
| main ()
| {
| return f != XrmFinalize;
|   ;
|   return 0;
| }
configure:22287: result: no
configure:22623: checking for some Win32 platform
configure:22633: result: no
configure:22803: WARNING: Could not find libpng in the pkg-config search path
configure:22821: WARNING: "*** To run the tests
configure:23025: checking for fontconfig
configure:23029: result: yes
configure:23033: checking FONTCONFIG_CFLAGS
configure:23036: result: -I/opt/local/include -I/opt/local/include/freetype2 -I/opt/local/include -I/opt/local/include/libpng16 -I/opt/local/include -I/opt/local/include/freetype2 
configure:23039: checking FONTCONFIG_LIBS
configure:23042: result: -L/opt/local/lib -lfontconfig -lfreetype 
configure:23076: checking for FcFini
configure:23133: gcc -o conftest -g -O2 -I/opt/local/include -I/opt/local/include/freetype2 -I/opt/local/include -I/opt/local/include/libpng16 -I/opt/local/include -I/opt/local/include/freetype2    conftest.c   -L/opt/local/lib -lfontconfig -lfreetype  >&5
configure:23139: $? = 0
configure:23143: test -z 
			 || test ! -s conftest.err
configure:23146: $? = 0
configure:23149: test -s conftest
configure:23152: $? = 0
configure:23164: result: yes
configure:23258: checking for freetype2 >= 8.0.2
configure:23262: result: yes
configure:23266: checking FREETYPE_CFLAGS
configure:23269: result: -I/opt/local/include/freetype2 
configure:23272: checking FREETYPE_LIBS
configure:23275: result: -L/opt/local/lib -lfreetype 
configure:23394: checking for FT_Bitmap_Size.y_ppem
configure:23419: gcc -c -g -O2 -I/opt/local/include/freetype2   conftest.c >&5
configure:23425: $? = 0
configure:23429: test -z 
			 || test ! -s conftest.err
configure:23432: $? = 0
configure:23435: test -s conftest.o
configure:23438: $? = 0
configure:23497: result: yes
configure:23511: checking for FT_Load_Sfnt_Table
configure:23568: gcc -o conftest -g -O2 -I/opt/local/include/freetype2    conftest.c   -L/opt/local/lib -lfreetype  >&5
configure:23574: $? = 0
configure:23578: test -z 
			 || test ! -s conftest.err
configure:23581: $? = 0
configure:23584: test -s conftest
configure:23587: $? = 0
configure:23599: result: yes
configure:23609: checking for FT_GlyphSlot_Embolden
configure:23666: gcc -o conftest -g -O2 -I/opt/local/include/freetype2    conftest.c   -L/opt/local/lib -lfreetype  >&5
configure:23672: $? = 0
configure:23676: test -z 
			 || test ! -s conftest.err
configure:23679: $? = 0
configure:23682: test -s conftest
configure:23685: $? = 0
configure:23697: result: yes
configure:23745: checking pthread.h usability
configure:23757: gcc -c -g -O2  conftest.c >&5
configure:23763: $? = 0
configure:23767: test -z 
			 || test ! -s conftest.err
configure:23770: $? = 0
configure:23773: test -s conftest.o
configure:23776: $? = 0
configure:23786: result: yes
configure:23790: checking pthread.h presence
configure:23800: gcc -E  conftest.c
configure:23806: $? = 0
configure:23826: result: yes
configure:23861: checking for pthread.h
configure:23868: result: yes
configure:23910: checking for compress in -lz
configure:23940: gcc -o conftest -g -O2   conftest.c -lz    >&5
configure:23946: $? = 0
configure:23950: test -z 
			 || test ! -s conftest.err
configure:23953: $? = 0
configure:23956: test -s conftest
configure:23959: $? = 0
configure:23972: result: yes
configure:23985: checking zlib.h usability
configure:23997: gcc -c -g -O2  conftest.c >&5
configure:24003: $? = 0
configure:24007: test -z 
			 || test ! -s conftest.err
configure:24010: $? = 0
configure:24013: test -s conftest.o
configure:24016: $? = 0
configure:24026: result: yes
configure:24030: checking zlib.h presence
configure:24040: gcc -E  conftest.c
configure:24046: $? = 0
configure:24066: result: yes
configure:24101: checking for zlib.h
configure:24108: result: yes
configure:24358: checking for stdint.h
configure:24363: result: yes
configure:24358: checking for inttypes.h
configure:24363: result: yes
configure:24367: checking sys/int_types.h usability
configure:24379: gcc -c -g -O2  conftest.c >&5
conftest.c:66:10: fatal error: 'sys/int_types.h' file not found
#include <sys/int_types.h>
         ^
1 error generated.
configure:24385: $? = 1
configure: failed program was:
| /* confdefs.h.  */
| 
| #define PACKAGE_NAME "cairo"
| #define PACKAGE_TARNAME "cairo"
| #define PACKAGE_VERSION "1.0.0"
| #define PACKAGE_STRING "cairo 1.0.0"
| #define PACKAGE_BUGREPORT "http://bugs.freedesktop.org/enter_bug.cgi?product=cairo"
| #define PACKAGE "cairo"
| #define VERSION "1.0.0"
| #define STDC_HEADERS 1
| #define HAVE_SYS_TYPES_H 1
| #define HAVE_SYS_STAT_H 1
| #define HAVE_STDLIB_H 1
| #define HAVE_STRING_H 1
| #define HAVE_MEMORY_H 1
| #define HAVE_STRINGS_H 1
| #define HAVE_INTTYPES_H 1
| #define HAVE_STDINT_H 1
| #define HAVE_UNISTD_H 1
| #define HAVE_DLFCN_H 1
| #ifdef __cplusplus
| extern "C" void exit (int) throw ();
| #endif
| #define STDC_HEADERS 1
| #define HAVE_FCFINI 1
| #define HAVE_FT_BITMAP_SIZE_Y_PPEM 1
| #define HAVE_FT_GLYPHSLOT_EMBOLDEN 1
| #define HAVE_PTHREAD_H 1
| #define HAVE_STDINT_H 1
| #define HAVE_INTTYPES_H 1
| /* end confdefs.h.  */
| #include <stdio.h>
| #if HAVE_SYS_TYPES_H
| # include <sys/types.h>
| #endif
| #if HAVE_SYS_STAT_H
| # include <sys/stat.h>
| #endif
| #if STDC_HEADERS
| # include <stdlib.h>
| # include <stddef.h>
| #else
| # if HAVE_STDLIB_H
| #  include <stdlib.h>
| # endif
| #endif
| #if HAVE_STRING_H
| # if !STDC_HEADERS && HAVE_MEMORY_H
| #  include <memory.h>
| # endif
| # include <string.h>
| #endif
| #if HAVE_STRINGS_H
| # include <strings.h>
| #endif
| #if HAVE_INTTYPES_H
| # include <inttypes.h>
| #else
| # if HAVE_STDINT_H
| #  include <stdint.h>
| # endif
| #endif
| #if HAVE_UNISTD_H
| # include <unistd.h>
| #endif
| #include <sys/int_types.h>
configure:24408: result: no
configure:24412: checking sys/int_types.h presence
configure:24422: gcc -E  conftest.c
conftest.c:32:10: fatal error: 'sys/int_types.h' file not found
#include <sys/int_types.h>
         ^
1 error generated.
configure:24428: $? = 1
configure: failed program was:
| /* confdefs.h.  */
| 
| #define PACKAGE_NAME "cairo"
| #define PACKAGE_TARNAME "cairo"
| #define PACKAGE_VERSION "1.0.0"
| #define PACKAGE_STRING "cairo 1.0.0"
| #define PACKAGE_BUGREPORT "http://bugs.freedesktop.org/enter_bug.cgi?product=cairo"
| #define PACKAGE "cairo"
| #define VERSION "1.0.0"
| #define STDC_HEADERS 1
| #define HAVE_SYS_TYPES_H 1
| #define HAVE_SYS_STAT_H 1
| #define HAVE_STDLIB_H 1
| #define HAVE_STRING_H 1
| #define HAVE_MEMORY_H 1
| #define HAVE_STRINGS_H 1
| #define HAVE_INTTYPES_H 1
| #define HAVE_STDINT_H 1
| #define HAVE_UNISTD_H 1
| #define HAVE_DLFCN_H 1
| #ifdef __cplusplus
| extern "C" void exit (int) throw ();
| #endif
| #define STDC_HEADERS 1
| #define HAVE_FCFINI 1
| #define HAVE_FT_BITMAP_SIZE_Y_PPEM 1
| #define HAVE_FT_GLYPHSLOT_EMBOLDEN 1
| #define HAVE_PTHREAD_H 1
| #define HAVE_STDINT_H 1
| #define HAVE_INTTYPES_H 1
| /* end confdefs.h.  */
| #include <sys/int_types.h>
configure:24448: result: no
configure:24483: checking for sys/int_types.h
configure:24490: result: no
configure:24503: checking for uint64_t
configure:24527: gcc -c -g -O2  conftest.c >&5
configure:24533: $? = 0
configure:24537: test -z 
			 || test ! -s conftest.err
configure:24540: $? = 0
configure:24543: test -s conftest.o
configure:24546: $? = 0
configure:24557: result: yes
configure:24567: checking for uint128_t
configure:24591: gcc -c -g -O2  conftest.c >&5
conftest.c:70:6: error: use of undeclared identifier 'uint128_t'
if ((uint128_t *) 0)
     ^
conftest.c:70:17: error: expected expression
if ((uint128_t *) 0)
                ^
conftest.c:72:13: error: use of undeclared identifier 'uint128_t'
if (sizeof (uint128_t))
            ^
3 errors generated.
configure:24597: $? = 1
configure: failed program was:
| /* confdefs.h.  */
| 
| #define PACKAGE_NAME "cairo"
| #define PACKAGE_TARNAME "cairo"
| #define PACKAGE_VERSION "1.0.0"
| #define PACKAGE_STRING "cairo 1.0.0"
| #define PACKAGE_BUGREPORT "http://bugs.freedesktop.org/enter_bug.cgi?product=cairo"
| #define PACKAGE "cairo"
| #define VERSION "1.0.0"
| #define STDC_HEADERS 1
| #define HAVE_SYS_TYPES_H 1
| #define HAVE_SYS_STAT_H 1
| #define HAVE_STDLIB_H 1
| #define HAVE_STRING_H 1
| #define HAVE_MEMORY_H 1
| #define HAVE_STRINGS_H 1
| #define HAVE_INTTYPES_H 1
| #define HAVE_STDINT_H 1
| #define HAVE_UNISTD_H 1
| #define HAVE_DLFCN_H 1
| #ifdef __cplusplus
| extern "C" void exit (int) throw ();
| #endif
| #define STDC_HEADERS 1
| #define HAVE_FCFINI 1
| #define HAVE_FT_BITMAP_SIZE_Y_PPEM 1
| #define HAVE_FT_GLYPHSLOT_EMBOLDEN 1
| #define HAVE_PTHREAD_H 1
| #define HAVE_STDINT_H 1
| #define HAVE_INTTYPES_H 1
| #define HAVE_UINT64_T 1
| /* end confdefs.h.  */
| #include <stdio.h>
| #if HAVE_SYS_TYPES_H
| # include <sys/types.h>
| #endif
| #if HAVE_SYS_STAT_H
| # include <sys/stat.h>
| #endif
| #if STDC_HEADERS
| # include <stdlib.h>
| # include <stddef.h>
| #else
| # if HAVE_STDLIB_H
| #  include <stdlib.h>
| # endif
| #endif
| #if HAVE_STRING_H
| # if !STDC_HEADERS && HAVE_MEMORY_H
| #  include <memory.h>
| # endif
| # include <string.h>
| #endif
| #if HAVE_STRINGS_H
| # include <strings.h>
| #endif
| #if HAVE_INTTYPES_H
| # include <inttypes.h>
| #else
| # if HAVE_STDINT_H
| #  include <stdint.h>
| # endif
| #endif
| #if HAVE_UNISTD_H
| # include <unistd.h>
| #endif
| int
| main ()
| {
| if ((uint128_t *) 0)
|   return 0;
| if (sizeof (uint128_t))
|   return 0;
|   ;
|   return 0;
| }
configure:24621: result: no
configure:24770: checking For MMX/SSE intrinsics in the compiler
configure:24788: gcc -c -g -O2 -mmmx -msse -Winline --param inline-unit-growth=10000 --param large-function-growth=10000  conftest.c >&5
clang: warning: argument unused during compilation: '--param inline-unit-growth=10000'
clang: warning: argument unused during compilation: '--param large-function-growth=10000'
configure:24794: $? = 0
configure:24798: test -z 
			 || test ! -s conftest.err
configure:24801: $? = 0
configure:24804: test -s conftest.o
configure:24807: $? = 0
configure:24817: result: yes
configure:25072: creating ./config.status

## ---------------------- ##
## Running config.status. ##
## ---------------------- ##

This file was extended by cairo config.status 1.0.0, which was
generated by GNU Autoconf 2.59.  Invocation command line was

  CONFIG_FILES    = 
  CONFIG_HEADERS  = 
  CONFIG_LINKS    = 
  CONFIG_COMMANDS = 
  $ ./config.status 

on alexarse

config.status:804: creating cairo.pc
config.status:804: creating Makefile
config.status:804: creating pixman/Makefile
config.status:804: creating pixman/src/Makefile
config.status:804: creating src/Makefile
config.status:804: creating src/cairo-features.h
config.status:804: creating test/Makefile
config.status:804: creating doc/Makefile
config.status:804: creating doc/public/Makefile
config.status:804: creating doc/public/version.xml
config.status:908: creating config.h
config.status:1214: executing depfiles commands

## ---------------- ##
## Cache variables. ##
## ---------------- ##

ac_cv_build=i686-apple-darwin14.1.0
ac_cv_build_alias=i686-apple-darwin14.1.0
ac_cv_c_bigendian=no
ac_cv_c_compiler_gnu=yes
ac_cv_cxx_compiler_gnu=yes
ac_cv_env_CC_set=
ac_cv_env_CC_value=
ac_cv_env_CFLAGS_set=
ac_cv_env_CFLAGS_value=
ac_cv_env_CPPFLAGS_set=
ac_cv_env_CPPFLAGS_value=
ac_cv_env_CPP_set=
ac_cv_env_CPP_value=
ac_cv_env_CXXCPP_set=
ac_cv_env_CXXCPP_value=
ac_cv_env_CXXFLAGS_set=
ac_cv_env_CXXFLAGS_value=
ac_cv_env_CXX_set=
ac_cv_env_CXX_value=
ac_cv_env_F77_set=
ac_cv_env_F77_value=
ac_cv_env_FFLAGS_set=
ac_cv_env_FFLAGS_value=
ac_cv_env_LDFLAGS_set=
ac_cv_env_LDFLAGS_value=
ac_cv_env_build_alias_set=
ac_cv_env_build_alias_value=
ac_cv_env_host_alias_set=
ac_cv_env_host_alias_value=
ac_cv_env_target_alias_set=
ac_cv_env_target_alias_value=
ac_cv_exeext=
ac_cv_f77_compiler_gnu=no
ac_cv_func_FT_GlyphSlot_Embolden=yes
ac_cv_func_FT_Load_Sfnt_Table=yes
ac_cv_func_FcFini=yes
ac_cv_func_XrmFinalize=no
ac_cv_func_sincos=no
ac_cv_func_vasnprintf=no
ac_cv_have_x=have_x=no
ac_cv_header_dlfcn_h=yes
ac_cv_header_inttypes_h=yes
ac_cv_header_memory_h=yes
ac_cv_header_pthread_h=yes
ac_cv_header_stdc=yes
ac_cv_header_stdint_h=yes
ac_cv_header_stdlib_h=yes
ac_cv_header_string_h=yes
ac_cv_header_strings_h=yes
ac_cv_header_sys_int_types_h=no
ac_cv_header_sys_stat_h=yes
ac_cv_header_sys_types_h=yes
ac_cv_header_unistd_h=yes
ac_cv_header_zlib_h=yes
ac_cv_host=i686-apple-darwin14.1.0
ac_cv_host_alias=i686-apple-darwin14.1.0
ac_cv_lib_z_compress=yes
ac_cv_member_FT_Bitmap_Size_y_ppem=yes
ac_cv_objext=o
ac_cv_path_PKG_CONFIG=/opt/local/bin/pkg-config
ac_cv_path_install='/usr/bin/install -c'
ac_cv_prog_AWK=awk
ac_cv_prog_CPP='gcc -E'
ac_cv_prog_CXXCPP='g++ -E'
ac_cv_prog_ac_ct_AR=ar
ac_cv_prog_ac_ct_CC=gcc
ac_cv_prog_ac_ct_CXX=g++
ac_cv_prog_ac_ct_RANLIB=ranlib
ac_cv_prog_ac_ct_STRIP=strip
ac_cv_prog_cc_g=yes
ac_cv_prog_cc_stdc=
ac_cv_prog_cxx_g=yes
ac_cv_prog_egrep='grep -E'
ac_cv_prog_f77_g=no
ac_cv_prog_make_make_set=yes
ac_cv_type_uint128_t=no
ac_cv_type_uint64_t=yes
am_cv_CC_dependencies_compiler_type=gcc3
am_cv_CXX_dependencies_compiler_type=gcc3
lt_cv_deplibs_check_method=pass_all
lt_cv_file_magic_cmd='$MAGIC_CMD'
lt_cv_file_magic_test_file=
lt_cv_ld_reload_flag=-r
lt_cv_objdir=.libs
lt_cv_path_LD=/Applications/Xcode.app/Contents/Developer/Toolchains/XcodeDefault.xctoolchain/usr/bin/ld
lt_cv_path_LDCXX=/Applications/Xcode.app/Contents/Developer/Toolchains/XcodeDefault.xctoolchain/usr/bin/ld
lt_cv_path_NM=/usr/bin/nm
lt_cv_path_SED=/usr/bin/sed
lt_cv_prog_compiler_c_o=yes
lt_cv_prog_compiler_c_o_CXX=yes
lt_cv_prog_compiler_rtti_exceptions=yes
lt_cv_prog_gnu_ld=no
lt_cv_prog_gnu_ldcxx=no
lt_cv_sys_global_symbol_pipe='sed -n -e '\''s/^.*[ 	]\([BCDEGRST][BCDEGRST]*\)[ 	][ 	]*_\([_A-Za-z][_A-Za-z0-9]*\)$/\1 _\2 \2/p'\'''
lt_cv_sys_global_symbol_to_c_name_address='sed -n -e '\''s/^: \([^ ]*\) $/  {\"\1\", (lt_ptr) 0},/p'\'' -e '\''s/^[BCDEGRST] \([^ ]*\) \([^ ]*\)$/  {"\2", (lt_ptr) \&\2},/p'\'''
lt_cv_sys_global_symbol_to_cdecl='sed -n -e '\''s/^. .* \(.*\)$/extern int \1;/p'\'''
lt_cv_sys_max_cmd_len=196608
lt_lt_cv_prog_compiler_c_o='"yes"'
lt_lt_cv_prog_compiler_c_o_CXX='"yes"'
lt_lt_cv_sys_global_symbol_pipe='"sed -n -e '\''s/^.*[ 	]\\([BCDEGRST][BCDEGRST]*\\)[ 	][ 	]*_\\([_A-Za-z][_A-Za-z0-9]*\\)\$/\\1 _\\2 \\2/p'\''"'
lt_lt_cv_sys_global_symbol_to_c_name_address='"sed -n -e '\''s/^: \\([^ ]*\\) \$/  {\\\"\\1\\\", (lt_ptr) 0},/p'\'' -e '\''s/^[BCDEGRST] \\([^ ]*\\) \\([^ ]*\\)\$/  {\"\\2\", (lt_ptr) \\&\\2},/p'\''"'
lt_lt_cv_sys_global_symbol_to_cdecl='"sed -n -e '\''s/^. .* \\(.*\\)\$/extern int \\1;/p'\''"'

## ----------------- ##
## Output variables. ##
## ----------------- ##

ACLOCAL='${SHELL} /Users/alexarse/Project/axLib/libs/cairo-1.0.0/missing --run aclocal-1.9'
AMDEPBACKSLASH='\'
AMDEP_FALSE='#'
AMDEP_TRUE=''
AMTAR='${SHELL} /Users/alexarse/Project/axLib/libs/cairo-1.0.0/missing --run tar'
AR='ar'
ATSUI_FONT_FEATURE=''
AUTOCONF='${SHELL} /Users/alexarse/Project/axLib/libs/cairo-1.0.0/missing --run autoconf'
AUTOHEADER='${SHELL} /Users/alexarse/Project/axLib/libs/cairo-1.0.0/missing --run autoheader'
AUTOMAKE='${SHELL} /Users/alexarse/Project/axLib/libs/cairo-1.0.0/missing --run automake-1.9'
AWK='awk'
CAIRO_CFLAGS=' -I/opt/local/include     -I/opt/local/include -I/opt/local/include/freetype2 -I/opt/local/include -I/opt/local/include/libpng16 -I/opt/local/include -I/opt/local/include/freetype2  -I/opt/local/include/freetype2  -Wall -Wpointer-arith -Wstrict-prototypes 	-Wmissing-prototypes -Wmissing-declarations 	-Wnested-externs -fno-strict-aliasing'
CAIRO_HAS_ATSUI_FONT_FALSE=''
CAIRO_HAS_ATSUI_FONT_TRUE='#'
CAIRO_HAS_FT_FONT_FALSE='#'
CAIRO_HAS_FT_FONT_TRUE=''
CAIRO_HAS_GLITZ_SURFACE_FALSE=''
CAIRO_HAS_GLITZ_SURFACE_TRUE='#'
CAIRO_HAS_PDF_SURFACE_FALSE=''
CAIRO_HAS_PDF_SURFACE_TRUE='#'
CAIRO_HAS_PNG_FUNCTIONS_FALSE=''
CAIRO_HAS_PNG_FUNCTIONS_TRUE='#'
CAIRO_HAS_PS_SURFACE_FALSE=''
CAIRO_HAS_PS_SURFACE_TRUE='#'
CAIRO_HAS_QUARTZ_SURFACE_FALSE=''
CAIRO_HAS_QUARTZ_SURFACE_TRUE='#'
CAIRO_HAS_WIN32_FONT_FALSE=''
CAIRO_HAS_WIN32_FONT_TRUE='#'
CAIRO_HAS_WIN32_SURFACE_FALSE=''
CAIRO_HAS_WIN32_SURFACE_TRUE='#'
CAIRO_HAS_XCB_SURFACE_FALSE=''
CAIRO_HAS_XCB_SURFACE_TRUE='#'
CAIRO_HAS_XLIB_SURFACE_FALSE='#'
CAIRO_HAS_XLIB_SURFACE_TRUE=''
CAIRO_LIBS=' -L/opt/local/lib -lXrender -lX11      -L/opt/local/lib -lfontconfig -lfreetype  -L/opt/local/lib -lfreetype   '
CAIRO_VERSION_MAJOR='1'
CAIRO_VERSION_MICRO='0'
CAIRO_VERSION_MINOR='0'
CAIRO_VERSION_OTHER=''
CC='gcc'
CCDEPMODE='depmode=gcc3'
CFLAGS='-g -O2'
CPP='gcc -E'
CPPFLAGS=''
CXX='g++'
CXXCPP='g++ -E'
CXXDEPMODE='depmode=gcc3'
CXXFLAGS='-g -O2'
CYGPATH_W='echo'
DEFS='-DHAVE_CONFIG_H'
DEPDIR='.deps'
ECHO='/bin/echo'
ECHO_C='ECHO_N=''
ECHO_T=''
EGREP='grep -E'
ENABLE_GTK_DOC_FALSE=''
ENABLE_GTK_DOC_TRUE='#'
EXEEXT=''
F77=''
FFLAGS=''
FONTCONFIG_CFLAGS='-I/opt/local/include -I/opt/local/include/freetype2 -I/opt/local/include -I/opt/local/include/libpng16 -I/opt/local/include -I/opt/local/include/freetype2 '
FONTCONFIG_LIBS='-L/opt/local/lib -lfontconfig -lfreetype '
FREETYPE_CFLAGS='-I/opt/local/include/freetype2 '
FREETYPE_CONFIG=''
FREETYPE_CONFIG_CFLAGS=''
FREETYPE_CONFIG_LIBS=''
FREETYPE_LIBS='-L/opt/local/lib -lfreetype '
FREETYPE_REQUIRES='freetype2 >= 8.0.2 fontconfig'
FT_FONT_FEATURE='#define CAIRO_HAS_FT_FONT 1'
GLITZ_CFLAGS=''
GLITZ_LIBS=''
GLITZ_REQUIRES=''
GLITZ_SURFACE_FEATURE=''
GTK_DOC_USE_LIBTOOL_FALSE='#'
GTK_DOC_USE_LIBTOOL_TRUE=''
HAVE_PTHREAD_FALSE='#'
HAVE_PTHREAD_TRUE=''
HTML_DIR='${datadir}/gtk-doc/html'
INSTALL_DATA='${INSTALL} -m 644'
INSTALL_PROGRAM='${INSTALL}'
INSTALL_SCRIPT='${INSTALL}'
INSTALL_STRIP_PROGRAM='${SHELL} $(install_sh) -c -s'
LDFLAGS=''
LIBOBJS=''
LIBS=' '
LIBTOOL='$(SHELL) $(top_builddir)/libtool'
LN_S='ln -s'
LTLIBOBJS=''
LT_CURRENT_MINUS_AGE='2'
MAINT='#'
MAINTAINER_MODE_FALSE=''
MAINTAINER_MODE_TRUE='#'
MAKEINFO='${SHELL} /Users/alexarse/Project/axLib/libs/cairo-1.0.0/missing --run makeinfo'
MMX_CFLAGS='-mmmx -msse -Winline --param inline-unit-growth=10000 --param large-function-growth=10000'
OBJEXT='o'
PACKAGE='cairo'
PACKAGE_BUGREPORT='http://bugs.freedesktop.org/enter_bug.cgi?product=cairo'
PACKAGE_NAME='cairo'
PACKAGE_STRING='cairo 1.0.0'
PACKAGE_TARNAME='cairo'
PACKAGE_VERSION='1.0.0'
PATH_SEPARATOR=':'
PDF_LIBS=''
PDF_SURFACE_FEATURE=''
PKGCONFIG_REQUIRES='Requires.private'
PKG_CONFIG='/opt/local/bin/pkg-config'
PNG_CFLAGS=''
PNG_FUNCTIONS_FEATURE=''
PNG_LIBS=''
PNG_REQUIRES=''
PS_LIBS=''
PS_SURFACE_FEATURE=''
QUARTZ_SURFACE_FEATURE=''
RANLIB='ranlib'
SET_MAKE=''
SHELL='/bin/sh'
STRIP='strip'
USE_MMX_FALSE='#'
USE_MMX_TRUE=''
VERSION='1.0.0'
VERSION_INFO='4:2:2'
WIN32_FONT_FEATURE=''
WIN32_SURFACE_FEATURE=''
XCB_CFLAGS=''
XCB_LIBS=''
XCB_SURFACE_FEATURE=''
XLIB_SURFACE_FEATURE='#define CAIRO_HAS_XLIB_SURFACE 1'
XRENDER_CFLAGS='-I/opt/local/include '
XRENDER_LIBS='-L/opt/local/lib -lXrender -lX11 '
XRENDER_REQUIRES='xrender'
X_CFLAGS=''
X_EXTRA_LIBS=''
X_LIBS=''
X_PRE_LIBS=''
ac_ct_AR='ar'
ac_ct_CC='gcc'
ac_ct_CXX='g++'
ac_ct_F77=''
ac_ct_RANLIB='ranlib'
ac_ct_STRIP='strip'
am__fastdepCC_FALSE='#'
am__fastdepCC_TRUE=''
am__fastdepCXX_FALSE='#'
am__fastdepCXX_TRUE=''
am__include='include'
am__leading_dot='.'
am__quote=''
am__tar='${AMTAR} chof - "$$tardir"'
am__untar='${AMTAR} xf -'
bindir='${exec_prefix}/bin'
build='i686-apple-darwin14.1.0'
build_alias=''
build_cpu='i686'
build_os='darwin14.1.0'
build_vendor='apple'
datadir='${prefix}/share'
exec_prefix='${prefix}'
host='i686-apple-darwin14.1.0'
host_alias=''
host_cpu='i686'
host_os='darwin14.1.0'
host_vendor='apple'
includedir='${prefix}/include'
infodir='${prefix}/info'
install_sh='/Users/alexarse/Project/axLib/libs/cairo-1.0.0/install-sh'
libdir='${exec_prefix}/lib'
libexecdir='${exec_prefix}/libexec'
localstatedir='${prefix}/var'
mandir='${prefix}/man'
mkdir_p='$(mkinstalldirs)'
oldincludedir='/usr/include'
prefix='/usr/local'
program_transform_name='s,x,x,'
sbindir='${exec_prefix}/sbin'
sharedstatedir='${prefix}/com'
sysconfdir='${prefix}/etc'
target_alias=''

## ----------- ##
## confdefs.h. ##
## ----------- ##

#define HAVE_DLFCN_H 1
#define HAVE_FCFINI 1
#define HAVE_FT_BITMAP_SIZE_Y_PPEM 1
#define HAVE_FT_GLYPHSLOT_EMBOLDEN 1
#define HAVE_INTTYPES_H 1
#define HAVE_INTTYPES_H 1
#define HAVE_MEMORY_H 1
#define HAVE_PTHREAD_H 1
#define HAVE_STDINT_H 1
#define HAVE_STDINT_H 1
#define HAVE_STDLIB_H 1
#define HAVE_STRINGS_H 1
#define HAVE_STRING_H 1
#define HAVE_SYS_STAT_H 1
#define HAVE_SYS_TYPES_H 1
#define HAVE_UINT64_T 1
#define HAVE_UNISTD_H 1
#define PACKAGE "cairo"
#define PACKAGE_BUGREPORT "http://bugs.freedesktop.org/enter_bug.cgi?product=cairo"
#define PACKAGE_NAME "cairo"
#define PACKAGE_STRING "cairo 1.0.0"
#define PACKAGE_TARNAME "cairo"
#define PACKAGE_VERSION "1.0.0"
#define STDC_HEADERS 1
#define STDC_HEADERS 1
#define USE_MMX 1
#define VERSION "1.0.0"
#endif
#ifdef __cplusplus
extern "C" void exit (int) throw ();

configure: exit 0
