  main.cpp
c:\users\alexarse\desktop\axlib\axwidgets\axslider.h(170): warning C4244: '=' : conversion from 'double' to 'int', possible loss of data
c:\users\alexarse\desktop\axlib\axwidgets\axslider.h(171): warning C4244: '=' : conversion from 'double' to 'int', possible loss of data
c:\users\alexarse\desktop\axlib\axprojects\midisequencer\axaudio.h(193): warning C4244: '=' : conversion from 'double' to 'float', possible loss of data
c:\users\alexarse\desktop\axlib\axprojects\midisequencer\axaudio.h(186): warning C4101: 'nSubTrack' : unreferenced local variable
c:\users\alexarse\desktop\axlib\axprojects\midisequencer\axaudio.h(255): warning C4018: '<' : signed/unsigned mismatch
c:\users\alexarse\desktop\axlib\axprojects\midisequencer\axaudio.h(302): warning C4244: '=' : conversion from 'double' to 'int', possible loss of data
c:\users\alexarse\desktop\axlib\axprojects\midisequencer\axaudio.h(336): warning C4018: '<=' : signed/unsigned mismatch
c:\users\alexarse\desktop\axlib\axprojects\midisequencer\axaudio.h(424): warning C4018: '<' : signed/unsigned mismatch
c:\users\alexarse\desktop\axlib\axprojects\midisequencer\axaudio.h(440): warning C4018: '<' : signed/unsigned mismatch
c:\users\alexarse\desktop\axlib\axprojects\midisequencer\miditrack.h(89): warning C4305: 'argument' : truncation from 'double' to 'const axFloat'
c:\users\alexarse\desktop\axlib\axprojects\midisequencer\miditrack.h(90): warning C4305: 'argument' : truncation from 'double' to 'const float'
c:\users\alexarse\desktop\axlib\axprojects\midisequencer\miditrack.h(113): warning C4018: '<' : signed/unsigned mismatch
c:\users\alexarse\desktop\axlib\axprojects\midisequencer\main.cpp(24): warning C4244: 'initializing' : conversion from 'double' to 'int', possible loss of data
c:\users\alexarse\desktop\axlib\axprojects\midisequencer\main.cpp(29): warning C4244: 'argument' : conversion from 'double' to 'axInt', possible loss of data
c:\users\alexarse\desktop\axlib\axprojects\midisequencer\main.cpp(30): warning C4244: 'argument' : conversion from 'double' to 'float', possible loss of data
c:\users\alexarse\desktop\axlib\axprojects\midisequencer\main.cpp(68): warning C4244: 'initializing' : conversion from 'double' to 'int', possible loss of data
c:\users\alexarse\desktop\axlib\axprojects\midisequencer\main.cpp(80): warning C4244: 'initializing' : conversion from 'double' to 'int', possible loss of data
c:\users\alexarse\desktop\axlib\axprojects\midisequencer\main.cpp(81): warning C4244: 'initializing' : conversion from 'double' to 'int', possible loss of data
c:\users\alexarse\desktop\axlib\axprojects\midisequencer\main.cpp(82): warning C4244: 'initializing' : conversion from 'double' to 'int', possible loss of data
c:\users\alexarse\desktop\axlib\axprojects\midisequencer\main.cpp(85): warning C4244: 'argument' : conversion from 'double' to 'axInt', possible loss of data
c:\users\alexarse\desktop\axlib\axprojects\midisequencer\main.cpp(98): warning C4244: 'initializing' : conversion from 'double' to 'int', possible loss of data
c:\users\alexarse\desktop\axlib\axprojects\midisequencer\main.cpp(105): warning C4244: 'initializing' : conversion from 'double' to 'int', possible loss of data
c:\users\alexarse\desktop\axlib\axprojects\midisequencer\main.cpp(107): warning C4018: '<' : signed/unsigned mismatch
c:\users\alexarse\desktop\axlib\axprojects\midisequencer\main.cpp(111): warning C4244: 'initializing' : conversion from 'double' to 'int', possible loss of data
c:\users\alexarse\desktop\axlib\axprojects\midisequencer\main.cpp(112): warning C4244: 'initializing' : conversion from 'double' to 'int', possible loss of data
c:\users\alexarse\desktop\axlib\axprojects\midisequencer\main.cpp(116): warning C4244: 'argument' : conversion from 'double' to 'axInt', possible loss of data
c:\users\alexarse\desktop\axlib\axprojects\midisequencer\main.cpp(122): warning C4305: 'argument' : truncation from 'double' to 'const axFloat'
c:\users\alexarse\desktop\axlib\axprojects\midisequencer\main.cpp(140): warning C4244: 'initializing' : conversion from 'double' to 'int', possible loss of data
c:\users\alexarse\desktop\axlib\axprojects\midisequencer\main.cpp(141): warning C4244: 'initializing' : conversion from 'double' to 'int', possible loss of data
c:\users\alexarse\desktop\axlib\axprojects\midisequencer\main.cpp(143): warning C4305: 'argument' : truncation from 'double' to 'const axFloat'
c:\users\alexarse\desktop\axlib\axprojects\midisequencer\main.cpp(154): warning C4305: 'argument' : truncation from 'double' to 'const axFloat'
c:\users\alexarse\desktop\axlib\axprojects\midisequencer\main.cpp(182): warning C4305: 'argument' : truncation from 'double' to 'const axFloat'
c:\users\alexarse\desktop\axlib\axprojects\midisequencer\main.cpp(200): warning C4305: 'argument' : truncation from 'double' to 'const axFloat'
c:\users\alexarse\desktop\axlib\axprojects\midisequencer\main.cpp(201): warning C4305: 'argument' : truncation from 'double' to 'const axFloat'
c:\users\alexarse\desktop\axlib\axprojects\midisequencer\main.cpp(202): warning C4305: 'argument' : truncation from 'double' to 'const axFloat'
c:\users\alexarse\desktop\axlib\axprojects\midisequencer\main.cpp(203): warning C4305: 'argument' : truncation from 'double' to 'const axFloat'
c:\users\alexarse\desktop\axlib\axprojects\midisequencer\main.cpp(204): warning C4305: 'argument' : truncation from 'double' to 'const axFloat'
c:\users\alexarse\desktop\axlib\axprojects\midisequencer\main.cpp(213): warning C4305: 'argument' : truncation from 'double' to 'const axFloat'
c:\users\alexarse\desktop\axlib\axprojects\midisequencer\main.cpp(214): warning C4305: 'argument' : truncation from 'double' to 'const axFloat'
c:\users\alexarse\desktop\axlib\axprojects\midisequencer\main.cpp(215): warning C4305: 'argument' : truncation from 'double' to 'const axFloat'
c:\users\alexarse\desktop\axlib\axprojects\midisequencer\main.cpp(216): warning C4305: 'argument' : truncation from 'double' to 'const axFloat'
c:\users\alexarse\desktop\axlib\axprojects\midisequencer\main.cpp(217): warning C4305: 'argument' : truncation from 'double' to 'const axFloat'
c:\users\alexarse\desktop\axlib\axprojects\midisequencer\main.cpp(285): warning C4018: '<=' : signed/unsigned mismatch
c:\users\alexarse\desktop\axlib\axprojects\midisequencer\main.cpp(311): warning C4018: '<' : signed/unsigned mismatch
c:\users\alexarse\desktop\axlib\axprojects\midisequencer\main.cpp(333): warning C4305: 'argument' : truncation from 'double' to 'const axFloat'
c:\users\alexarse\desktop\axlib\axprojects\midisequencer\main.cpp(496): warning C4244: 'initializing' : conversion from 'float' to 'int', possible loss of data
c:\users\alexarse\desktop\axlib\axprojects\midisequencer\main.cpp(515): warning C4305: 'argument' : truncation from 'double' to 'const axFloat'
  MidiTrack.cpp
c:\users\alexarse\desktop\axlib\axwidgets\axslider.h(170): warning C4244: '=' : conversion from 'double' to 'int', possible loss of data
c:\users\alexarse\desktop\axlib\axwidgets\axslider.h(171): warning C4244: '=' : conversion from 'double' to 'int', possible loss of data
c:\users\alexarse\desktop\axlib\axprojects\midisequencer\axaudio.h(193): warning C4244: '=' : conversion from 'double' to 'float', possible loss of data
c:\users\alexarse\desktop\axlib\axprojects\midisequencer\axaudio.h(186): warning C4101: 'nSubTrack' : unreferenced local variable
c:\users\alexarse\desktop\axlib\axprojects\midisequencer\axaudio.h(255): warning C4018: '<' : signed/unsigned mismatch
c:\users\alexarse\desktop\axlib\axprojects\midisequencer\axaudio.h(302): warning C4244: '=' : conversion from 'double' to 'int', possible loss of data
c:\users\alexarse\desktop\axlib\axprojects\midisequencer\axaudio.h(336): warning C4018: '<=' : signed/unsigned mismatch
c:\users\alexarse\desktop\axlib\axprojects\midisequencer\axaudio.h(424): warning C4018: '<' : signed/unsigned mismatch
c:\users\alexarse\desktop\axlib\axprojects\midisequencer\axaudio.h(440): warning C4018: '<' : signed/unsigned mismatch
c:\users\alexarse\desktop\axlib\axprojects\midisequencer\miditrack.h(89): warning C4305: 'argument' : truncation from 'double' to 'const axFloat'
c:\users\alexarse\desktop\axlib\axprojects\midisequencer\miditrack.h(90): warning C4305: 'argument' : truncation from 'double' to 'const float'
c:\users\alexarse\desktop\axlib\axprojects\midisequencer\miditrack.h(113): warning C4018: '<' : signed/unsigned mismatch
c:\users\alexarse\desktop\axlib\axprojects\midisequencer\miditrack.cpp(51): warning C4305: 'argument' : truncation from 'double' to 'const axFloat'
c:\users\alexarse\desktop\axlib\axprojects\midisequencer\miditrack.cpp(53): warning C4305: 'argument' : truncation from 'double' to 'const axFloat'
c:\users\alexarse\desktop\axlib\axprojects\midisequencer\miditrack.cpp(54): warning C4305: 'argument' : truncation from 'double' to 'const axFloat'
c:\users\alexarse\desktop\axlib\axprojects\midisequencer\miditrack.cpp(55): warning C4305: 'argument' : truncation from 'double' to 'const axFloat'
c:\users\alexarse\desktop\axlib\axprojects\midisequencer\miditrack.cpp(56): warning C4305: 'argument' : truncation from 'double' to 'const axFloat'
c:\users\alexarse\desktop\axlib\axprojects\midisequencer\miditrack.cpp(57): warning C4305: 'argument' : truncation from 'double' to 'const axFloat'
c:\users\alexarse\desktop\axlib\axprojects\midisequencer\miditrack.cpp(59): warning C4305: 'argument' : truncation from 'double' to 'const axFloat'
c:\users\alexarse\desktop\axlib\axprojects\midisequencer\miditrack.cpp(60): warning C4305: 'argument' : truncation from 'double' to 'const axFloat'
c:\users\alexarse\desktop\axlib\axprojects\midisequencer\miditrack.cpp(64): warning C4244: 'initializing' : conversion from 'double' to 'int', possible loss of data
c:\users\alexarse\desktop\axlib\axprojects\midisequencer\miditrack.cpp(157): warning C4244: 'initializing' : conversion from 'double' to 'int', possible loss of data
c:\users\alexarse\desktop\axlib\axprojects\midisequencer\miditrack.cpp(166): warning C4244: 'initializing' : conversion from 'double' to 'int', possible loss of data
c:\users\alexarse\desktop\axlib\axprojects\midisequencer\miditrack.cpp(176): warning C4244: 'initializing' : conversion from 'double' to 'int', possible loss of data
c:\users\alexarse\desktop\axlib\axprojects\midisequencer\miditrack.cpp(220): warning C4305: 'argument' : truncation from 'double' to 'const axFloat'
c:\users\alexarse\desktop\axlib\axprojects\midisequencer\miditrack.cpp(221): warning C4305: 'argument' : truncation from 'double' to 'const axFloat'
c:\users\alexarse\desktop\axlib\axprojects\midisequencer\miditrack.cpp(222): warning C4305: 'argument' : truncation from 'double' to 'const axFloat'
c:\users\alexarse\desktop\axlib\axprojects\midisequencer\miditrack.cpp(226): warning C4305: '=' : truncation from 'double' to 'float'
c:\users\alexarse\desktop\axlib\axprojects\midisequencer\miditrack.cpp(228): warning C4305: 'argument' : truncation from 'double' to 'const axFloat'
c:\users\alexarse\desktop\axlib\axprojects\midisequencer\miditrack.cpp(229): warning C4305: 'argument' : truncation from 'double' to 'const axFloat'
c:\users\alexarse\desktop\axlib\axprojects\midisequencer\miditrack.cpp(230): warning C4305: 'argument' : truncation from 'double' to 'const axFloat'
c:\users\alexarse\desktop\axlib\axprojects\midisequencer\miditrack.cpp(231): warning C4305: 'argument' : truncation from 'double' to 'const axFloat'
c:\users\alexarse\desktop\axlib\axprojects\midisequencer\miditrack.cpp(270): warning C4244: 'initializing' : conversion from 'double' to 'int', possible loss of data
c:\users\alexarse\desktop\axlib\axprojects\midisequencer\miditrack.cpp(271): warning C4244: 'initializing' : conversion from 'double' to 'int', possible loss of data
c:\users\alexarse\desktop\axlib\axprojects\midisequencer\miditrack.cpp(330): warning C4244: 'initializing' : conversion from 'double' to 'int', possible loss of data
c:\users\alexarse\desktop\axlib\axprojects\midisequencer\miditrack.cpp(331): warning C4244: 'initializing' : conversion from 'double' to 'int', possible loss of data
c:\users\alexarse\desktop\axlib\axprojects\midisequencer\miditrack.cpp(389): warning C4244: 'initializing' : conversion from 'double' to 'int', possible loss of data
c:\users\alexarse\desktop\axlib\axprojects\midisequencer\miditrack.cpp(402): warning C4244: 'initializing' : conversion from 'double' to 'int', possible loss of data
c:\users\alexarse\desktop\axlib\axprojects\midisequencer\miditrack.cpp(403): warning C4244: 'initializing' : conversion from 'double' to 'int', possible loss of data
c:\users\alexarse\desktop\axlib\axprojects\midisequencer\miditrack.cpp(405): warning C4244: 'initializing' : conversion from 'double' to 'float', possible loss of data
c:\users\alexarse\desktop\axlib\axprojects\midisequencer\miditrack.cpp(421): warning C4244: 'initializing' : conversion from 'double' to 'int', possible loss of data
c:\users\alexarse\desktop\axlib\axprojects\midisequencer\miditrack.cpp(434): warning C4305: 'argument' : truncation from 'double' to 'const axFloat'
c:\users\alexarse\desktop\axlib\axprojects\midisequencer\miditrack.cpp(439): warning C4244: 'argument' : conversion from 'double' to 'axInt', possible loss of data
c:\users\alexarse\desktop\axlib\axprojects\midisequencer\miditrack.cpp(468): warning C4305: 'argument' : truncation from 'double' to 'const axFloat'
c:\users\alexarse\desktop\axlib\axprojects\midisequencer\miditrack.cpp(471): warning C4305: 'argument' : truncation from 'double' to 'const axFloat'
c:\users\alexarse\desktop\axlib\axprojects\midisequencer\miditrack.cpp(490): warning C4305: 'argument' : truncation from 'double' to 'const axFloat'
c:\users\alexarse\desktop\axlib\axprojects\midisequencer\miditrack.cpp(501): warning C4244: 'initializing' : conversion from 'double' to 'int', possible loss of data
c:\users\alexarse\desktop\axlib\axprojects\midisequencer\miditrack.cpp(562): warning C4244: 'argument' : conversion from 'const double' to 'const float', possible loss of data
c:\users\alexarse\desktop\axlib\axprojects\midisequencer\miditrack.cpp(659): warning C4305: 'argument' : truncation from 'double' to 'const axFloat'
c:\users\alexarse\desktop\axlib\axprojects\midisequencer\miditrack.cpp(662): warning C4305: 'argument' : truncation from 'double' to 'const axFloat'
c:\users\alexarse\desktop\axlib\axprojects\midisequencer\miditrack.cpp(668): warning C4244: 'initializing' : conversion from 'double' to 'int', possible loss of data
c:\users\alexarse\desktop\axlib\axprojects\midisequencer\miditrack.cpp(680): warning C4244: 'initializing' : conversion from 'double' to 'int', possible loss of data
c:\users\alexarse\desktop\axlib\axprojects\midisequencer\miditrack.cpp(710): warning C4244: 'initializing' : conversion from 'double' to 'int', possible loss of data
c:\users\alexarse\desktop\axlib\axprojects\midisequencer\miditrack.cpp(711): warning C4244: 'initializing' : conversion from 'double' to 'int', possible loss of data
c:\users\alexarse\desktop\axlib\axprojects\midisequencer\miditrack.cpp(718): warning C4305: 'argument' : truncation from 'double' to 'const axFloat'
c:\users\alexarse\desktop\axlib\axprojects\midisequencer\miditrack.cpp(738): warning C4305: 'argument' : truncation from 'double' to 'const axFloat'
c:\users\alexarse\desktop\axlib\axprojects\midisequencer\miditrack.cpp(795): warning C4305: 'argument' : truncation from 'double' to 'const axFloat'
c:\users\alexarse\desktop\axlib\axprojects\midisequencer\miditrack.cpp(798): warning C4305: 'argument' : truncation from 'double' to 'const axFloat'
c:\users\alexarse\desktop\axlib\axprojects\midisequencer\miditrack.cpp(802): warning C4244: 'initializing' : conversion from 'double' to 'int', possible loss of data
c:\users\alexarse\desktop\axlib\axprojects\midisequencer\miditrack.cpp(810): warning C4244: 'initializing' : conversion from 'double' to 'int', possible loss of data
  Generating Code...
  libpng16.lib(png.obj) : MSIL .netmodule or module compiled with /GL found; restarting link with /LTCG; add /LTCG to the link command line to improve linker performance
LINK : warning LNK4075: ignoring '/INCREMENTAL' due to '/LTCG' specification
AudioWaveform.obj : warning LNK4075: ignoring '/EDITANDCONTINUE' due to '/OPT:LBR' specification
  Generating code
  Finished generating code
libpng16.lib(png.obj) : warning LNK4099: PDB 'vc100.pdb' was not found with 'libpng16.lib(png.obj)' or at 'C:\Users\alexarse\Desktop\axLib\axProjects\MidiSequencer\builds\Debug\vc100.pdb'; linking object as if no debug info
libpng16.lib(pngread.obj) : warning LNK4099: PDB 'vc100.pdb' was not found with 'libpng16.lib(pngread.obj)' or at 'C:\Users\alexarse\Desktop\axLib\axProjects\MidiSequencer\builds\Debug\vc100.pdb'; linking object as if no debug info
libpng16.lib(pngerror.obj) : warning LNK4099: PDB 'vc100.pdb' was not found with 'libpng16.lib(pngerror.obj)' or at 'C:\Users\alexarse\Desktop\axLib\axProjects\MidiSequencer\builds\Debug\vc100.pdb'; linking object as if no debug info
libpng16.lib(pngget.obj) : warning LNK4099: PDB 'vc100.pdb' was not found with 'libpng16.lib(pngget.obj)' or at 'C:\Users\alexarse\Desktop\axLib\axProjects\MidiSequencer\builds\Debug\vc100.pdb'; linking object as if no debug info
libpng16.lib(pngwrite.obj) : warning LNK4099: PDB 'vc100.pdb' was not found with 'libpng16.lib(pngwrite.obj)' or at 'C:\Users\alexarse\Desktop\axLib\axProjects\MidiSequencer\builds\Debug\vc100.pdb'; linking object as if no debug info
libpng16.lib(pngmem.obj) : warning LNK4099: PDB 'vc100.pdb' was not found with 'libpng16.lib(pngmem.obj)' or at 'C:\Users\alexarse\Desktop\axLib\axProjects\MidiSequencer\builds\Debug\vc100.pdb'; linking object as if no debug info
libpng16.lib(pngrio.obj) : warning LNK4099: PDB 'vc100.pdb' was not found with 'libpng16.lib(pngrio.obj)' or at 'C:\Users\alexarse\Desktop\axLib\axProjects\MidiSequencer\builds\Debug\vc100.pdb'; linking object as if no debug info
libpng16.lib(pngrutil.obj) : warning LNK4099: PDB 'vc100.pdb' was not found with 'libpng16.lib(pngrutil.obj)' or at 'C:\Users\alexarse\Desktop\axLib\axProjects\MidiSequencer\builds\Debug\vc100.pdb'; linking object as if no debug info
libpng16.lib(pngrtran.obj) : warning LNK4099: PDB 'vc100.pdb' was not found with 'libpng16.lib(pngrtran.obj)' or at 'C:\Users\alexarse\Desktop\axLib\axProjects\MidiSequencer\builds\Debug\vc100.pdb'; linking object as if no debug info
libpng16.lib(pngtrans.obj) : warning LNK4099: PDB 'vc100.pdb' was not found with 'libpng16.lib(pngtrans.obj)' or at 'C:\Users\alexarse\Desktop\axLib\axProjects\MidiSequencer\builds\Debug\vc100.pdb'; linking object as if no debug info
libpng16.lib(pngset.obj) : warning LNK4099: PDB 'vc100.pdb' was not found with 'libpng16.lib(pngset.obj)' or at 'C:\Users\alexarse\Desktop\axLib\axProjects\MidiSequencer\builds\Debug\vc100.pdb'; linking object as if no debug info
libpng16.lib(pngwutil.obj) : warning LNK4099: PDB 'vc100.pdb' was not found with 'libpng16.lib(pngwutil.obj)' or at 'C:\Users\alexarse\Desktop\axLib\axProjects\MidiSequencer\builds\Debug\vc100.pdb'; linking object as if no debug info
libpng16.lib(pngwio.obj) : warning LNK4099: PDB 'vc100.pdb' was not found with 'libpng16.lib(pngwio.obj)' or at 'C:\Users\alexarse\Desktop\axLib\axProjects\MidiSequencer\builds\Debug\vc100.pdb'; linking object as if no debug info
libpng16.lib(pngwtran.obj) : warning LNK4099: PDB 'vc100.pdb' was not found with 'libpng16.lib(pngwtran.obj)' or at 'C:\Users\alexarse\Desktop\axLib\axProjects\MidiSequencer\builds\Debug\vc100.pdb'; linking object as if no debug info
zlib.lib(adler32.obj) : warning LNK4099: PDB 'vc100.pdb' was not found with 'zlib.lib(adler32.obj)' or at 'C:\Users\alexarse\Desktop\axLib\axProjects\MidiSequencer\builds\Debug\vc100.pdb'; linking object as if no debug info
zlib.lib(crc32.obj) : warning LNK4099: PDB 'vc100.pdb' was not found with 'zlib.lib(crc32.obj)' or at 'C:\Users\alexarse\Desktop\axLib\axProjects\MidiSequencer\builds\Debug\vc100.pdb'; linking object as if no debug info
zlib.lib(deflate.obj) : warning LNK4099: PDB 'vc100.pdb' was not found with 'zlib.lib(deflate.obj)' or at 'C:\Users\alexarse\Desktop\axLib\axProjects\MidiSequencer\builds\Debug\vc100.pdb'; linking object as if no debug info
zlib.lib(inffast.obj) : warning LNK4099: PDB 'vc100.pdb' was not found with 'zlib.lib(inffast.obj)' or at 'C:\Users\alexarse\Desktop\axLib\axProjects\MidiSequencer\builds\Debug\vc100.pdb'; linking object as if no debug info
zlib.lib(inflate.obj) : warning LNK4099: PDB 'vc100.pdb' was not found with 'zlib.lib(inflate.obj)' or at 'C:\Users\alexarse\Desktop\axLib\axProjects\MidiSequencer\builds\Debug\vc100.pdb'; linking object as if no debug info
zlib.lib(inftrees.obj) : warning LNK4099: PDB 'vc100.pdb' was not found with 'zlib.lib(inftrees.obj)' or at 'C:\Users\alexarse\Desktop\axLib\axProjects\MidiSequencer\builds\Debug\vc100.pdb'; linking object as if no debug info
zlib.lib(trees.obj) : warning LNK4099: PDB 'vc100.pdb' was not found with 'zlib.lib(trees.obj)' or at 'C:\Users\alexarse\Desktop\axLib\axProjects\MidiSequencer\builds\Debug\vc100.pdb'; linking object as if no debug info
zlib.lib(zutil.obj) : warning LNK4099: PDB 'vc100.pdb' was not found with 'zlib.lib(zutil.obj)' or at 'C:\Users\alexarse\Desktop\axLib\axProjects\MidiSequencer\builds\Debug\vc100.pdb'; linking object as if no debug info
freetype253_D.lib(autofit.obj) : warning LNK4099: PDB 'vc100.pdb' was not found with 'freetype253_D.lib(autofit.obj)' or at 'C:\Users\alexarse\Desktop\axLib\axProjects\MidiSequencer\builds\Debug\vc100.pdb'; linking object as if no debug info
freetype253_D.lib(bdf.obj) : warning LNK4099: PDB 'vc100.pdb' was not found with 'freetype253_D.lib(bdf.obj)' or at 'C:\Users\alexarse\Desktop\axLib\axProjects\MidiSequencer\builds\Debug\vc100.pdb'; linking object as if no debug info
freetype253_D.lib(cff.obj) : warning LNK4099: PDB 'vc100.pdb' was not found with 'freetype253_D.lib(cff.obj)' or at 'C:\Users\alexarse\Desktop\axLib\axProjects\MidiSequencer\builds\Debug\vc100.pdb'; linking object as if no debug info
freetype253_D.lib(ftbase.obj) : warning LNK4099: PDB 'vc100.pdb' was not found with 'freetype253_D.lib(ftbase.obj)' or at 'C:\Users\alexarse\Desktop\axLib\axProjects\MidiSequencer\builds\Debug\vc100.pdb'; linking object as if no debug info
freetype253_D.lib(ftbitmap.obj) : warning LNK4099: PDB 'vc100.pdb' was not found with 'freetype253_D.lib(ftbitmap.obj)' or at 'C:\Users\alexarse\Desktop\axLib\axProjects\MidiSequencer\builds\Debug\vc100.pdb'; linking object as if no debug info
freetype253_D.lib(ftdebug.obj) : warning LNK4099: PDB 'vc100.pdb' was not found with 'freetype253_D.lib(ftdebug.obj)' or at 'C:\Users\alexarse\Desktop\axLib\axProjects\MidiSequencer\builds\Debug\vc100.pdb'; linking object as if no debug info
freetype253_D.lib(ftgzip.obj) : warning LNK4099: PDB 'vc100.pdb' was not found with 'freetype253_D.lib(ftgzip.obj)' or at 'C:\Users\alexarse\Desktop\axLib\axProjects\MidiSequencer\builds\Debug\vc100.pdb'; linking object as if no debug info
freetype253_D.lib(ftinit.obj) : warning LNK4099: PDB 'vc100.pdb' was not found with 'freetype253_D.lib(ftinit.obj)' or at 'C:\Users\alexarse\Desktop\axLib\axProjects\MidiSequencer\builds\Debug\vc100.pdb'; linking object as if no debug info
freetype253_D.lib(ftlzw.obj) : warning LNK4099: PDB 'vc100.pdb' was not found with 'freetype253_D.lib(ftlzw.obj)' or at 'C:\Users\alexarse\Desktop\axLib\axProjects\MidiSequencer\builds\Debug\vc100.pdb'; linking object as if no debug info
freetype253_D.lib(ftsystem.obj) : warning LNK4099: PDB 'vc100.pdb' was not found with 'freetype253_D.lib(ftsystem.obj)' or at 'C:\Users\alexarse\Desktop\axLib\axProjects\MidiSequencer\builds\Debug\vc100.pdb'; linking object as if no debug info
freetype253_D.lib(smooth.obj) : warning LNK4099: PDB 'vc100.pdb' was not found with 'freetype253_D.lib(smooth.obj)' or at 'C:\Users\alexarse\Desktop\axLib\axProjects\MidiSequencer\builds\Debug\vc100.pdb'; linking object as if no debug info
freetype253_D.lib(pcf.obj) : warning LNK4099: PDB 'vc100.pdb' was not found with 'freetype253_D.lib(pcf.obj)' or at 'C:\Users\alexarse\Desktop\axLib\axProjects\MidiSequencer\builds\Debug\vc100.pdb'; linking object as if no debug info
freetype253_D.lib(pfr.obj) : warning LNK4099: PDB 'vc100.pdb' was not found with 'freetype253_D.lib(pfr.obj)' or at 'C:\Users\alexarse\Desktop\axLib\axProjects\MidiSequencer\builds\Debug\vc100.pdb'; linking object as if no debug info
freetype253_D.lib(psaux.obj) : warning LNK4099: PDB 'vc100.pdb' was not found with 'freetype253_D.lib(psaux.obj)' or at 'C:\Users\alexarse\Desktop\axLib\axProjects\MidiSequencer\builds\Debug\vc100.pdb'; linking object as if no debug info
freetype253_D.lib(pshinter.obj) : warning LNK4099: PDB 'vc100.pdb' was not found with 'freetype253_D.lib(pshinter.obj)' or at 'C:\Users\alexarse\Desktop\axLib\axProjects\MidiSequencer\builds\Debug\vc100.pdb'; linking object as if no debug info
freetype253_D.lib(psmodule.obj) : warning LNK4099: PDB 'vc100.pdb' was not found with 'freetype253_D.lib(psmodule.obj)' or at 'C:\Users\alexarse\Desktop\axLib\axProjects\MidiSequencer\builds\Debug\vc100.pdb'; linking object as if no debug info
freetype253_D.lib(raster.obj) : warning LNK4099: PDB 'vc100.pdb' was not found with 'freetype253_D.lib(raster.obj)' or at 'C:\Users\alexarse\Desktop\axLib\axProjects\MidiSequencer\builds\Debug\vc100.pdb'; linking object as if no debug info
freetype253_D.lib(sfnt.obj) : warning LNK4099: PDB 'vc100.pdb' was not found with 'freetype253_D.lib(sfnt.obj)' or at 'C:\Users\alexarse\Desktop\axLib\axProjects\MidiSequencer\builds\Debug\vc100.pdb'; linking object as if no debug info
freetype253_D.lib(truetype.obj) : warning LNK4099: PDB 'vc100.pdb' was not found with 'freetype253_D.lib(truetype.obj)' or at 'C:\Users\alexarse\Desktop\axLib\axProjects\MidiSequencer\builds\Debug\vc100.pdb'; linking object as if no debug info
freetype253_D.lib(type1.obj) : warning LNK4099: PDB 'vc100.pdb' was not found with 'freetype253_D.lib(type1.obj)' or at 'C:\Users\alexarse\Desktop\axLib\axProjects\MidiSequencer\builds\Debug\vc100.pdb'; linking object as if no debug info
freetype253_D.lib(type1cid.obj) : warning LNK4099: PDB 'vc100.pdb' was not found with 'freetype253_D.lib(type1cid.obj)' or at 'C:\Users\alexarse\Desktop\axLib\axProjects\MidiSequencer\builds\Debug\vc100.pdb'; linking object as if no debug info
freetype253_D.lib(type42.obj) : warning LNK4099: PDB 'vc100.pdb' was not found with 'freetype253_D.lib(type42.obj)' or at 'C:\Users\alexarse\Desktop\axLib\axProjects\MidiSequencer\builds\Debug\vc100.pdb'; linking object as if no debug info
freetype253_D.lib(winfnt.obj) : warning LNK4099: PDB 'vc100.pdb' was not found with 'freetype253_D.lib(winfnt.obj)' or at 'C:\Users\alexarse\Desktop\axLib\axProjects\MidiSequencer\builds\Debug\vc100.pdb'; linking object as if no debug info
  MidiSequencer.vcxproj -> C:\Users\alexarse\Desktop\axLib\axProjects\MidiSequencer\builds\Debug\MidiSequencer.exe
