c:\users\alexarse\desktop\axlib\axprojects\midisequencer\builds\midisequencer\debug\vc120.pdb
c:\users\alexarse\desktop\axlib\axprojects\midisequencer\builds\midisequencer\debug\vc120.idb
c:\users\alexarse\desktop\axlib\axprojects\midisequencer\builds\midisequencer\debug\audiowaveform.obj
c:\users\alexarse\desktop\axlib\axprojects\midisequencer\builds\midisequencer\debug\axaudio.obj
c:\users\alexarse\desktop\axlib\axprojects\midisequencer\builds\midisequencer\debug\axaudiobuffer.obj
c:\users\alexarse\desktop\axlib\axprojects\midisequencer\builds\midisequencer\debug\main.obj
c:\users\alexarse\desktop\axlib\axprojects\midisequencer\builds\midisequencer\debug\miditrack.obj
c:\users\alexarse\desktop\axlib\axprojects\midisequencer\builds\debug\midisequencer.pdb
c:\users\alexarse\desktop\axlib\axprojects\midisequencer\builds\midisequencer\debug\midisequencer.tlog\cl.command.1.tlog
c:\users\alexarse\desktop\axlib\axprojects\midisequencer\builds\midisequencer\debug\midisequencer.tlog\cl.read.1.tlog
c:\users\alexarse\desktop\axlib\axprojects\midisequencer\builds\midisequencer\debug\midisequencer.tlog\cl.write.1.tlog
c:\users\alexarse\desktop\axlib\axprojects\midisequencer\builds\midisequencer\debug\midisequencer.tlog\link.3152-cvtres.read.1.tlog
c:\users\alexarse\desktop\axlib\axprojects\midisequencer\builds\midisequencer\debug\midisequencer.tlog\link.3152-cvtres.write.1.tlog
c:\users\alexarse\desktop\axlib\axprojects\midisequencer\builds\midisequencer\debug\midisequencer.tlog\link.3152-rc.read.1.tlog
c:\users\alexarse\desktop\axlib\axprojects\midisequencer\builds\midisequencer\debug\midisequencer.tlog\link.3152-rc.write.1.tlog
c:\users\alexarse\desktop\axlib\axprojects\midisequencer\builds\midisequencer\debug\midisequencer.tlog\link.3152.read.1.tlog
c:\users\alexarse\desktop\axlib\axprojects\midisequencer\builds\midisequencer\debug\midisequencer.tlog\link.3152.write.1.tlog
c:\users\alexarse\desktop\axlib\axprojects\midisequencer\builds\midisequencer\debug\midisequencer.tlog\link.command.1.tlog
c:\users\alexarse\desktop\axlib\axprojects\midisequencer\builds\midisequencer\debug\midisequencer.tlog\link.read.1.tlog
c:\users\alexarse\desktop\axlib\axprojects\midisequencer\builds\midisequencer\debug\midisequencer.tlog\link.write.1.tlog
