c:\users\alexarse\desktop\axgl\lpng1610\projects\vstudio\debug\pngunknown.bsc
c:\users\alexarse\desktop\axgl\lpng1610\projects\vstudio\pngunknown\debug\pngunknown.sbr
c:\users\alexarse\desktop\axgl\lpng1610\projects\vstudio\pngunknown\debug\pngunknown.obj
c:\users\alexarse\desktop\axgl\lpng1610\projects\vstudio\pngunknown\debug\vc100.pdb
c:\users\alexarse\desktop\axgl\lpng1610\projects\vstudio\debug\pngunknown.exe
c:\users\alexarse\desktop\axgl\lpng1610\projects\vstudio\pngunknown\debug\pngunknown.exe.intermediate.manifest
c:\users\alexarse\desktop\axgl\lpng1610\projects\vstudio\debug\pngunknown.pdb
c:\users\alexarse\desktop\axgl\lpng1610\projects\vstudio\pngunknown\debug\pngunknown.out
c:\users\alexarse\desktop\axgl\lpng1610\projects\vstudio\pngunknown\debug\bscmake.command.1.tlog
c:\users\alexarse\desktop\axgl\lpng1610\projects\vstudio\pngunknown\debug\bscmake.read.1.tlog
c:\users\alexarse\desktop\axgl\lpng1610\projects\vstudio\pngunknown\debug\bscmake.write.1.tlog
c:\users\alexarse\desktop\axgl\lpng1610\projects\vstudio\pngunknown\debug\cl.command.1.tlog
c:\users\alexarse\desktop\axgl\lpng1610\projects\vstudio\pngunknown\debug\cl.read.1.tlog
c:\users\alexarse\desktop\axgl\lpng1610\projects\vstudio\pngunknown\debug\cl.write.1.tlog
c:\users\alexarse\desktop\axgl\lpng1610\projects\vstudio\pngunknown\debug\link.command.1.tlog
c:\users\alexarse\desktop\axgl\lpng1610\projects\vstudio\pngunknown\debug\link.read.1.tlog
c:\users\alexarse\desktop\axgl\lpng1610\projects\vstudio\pngunknown\debug\link.write.1.tlog
c:\users\alexarse\desktop\axgl\lpng1610\projects\vstudio\pngunknown\debug\mt.command.1.tlog
c:\users\alexarse\desktop\axgl\lpng1610\projects\vstudio\pngunknown\debug\mt.read.1.tlog
c:\users\alexarse\desktop\axgl\lpng1610\projects\vstudio\pngunknown\debug\mt.write.1.tlog
c:\users\alexarse\desktop\axgl\lpng1610\projects\vstudio\pngunknown\debug\pngunknown.write.1.tlog
