c:\users\alexarse\desktop\axlib\builds\visualstudio2013\axgl\debug\vc120.pdb
c:\users\alexarse\desktop\axlib\builds\visualstudio2013\axgl\debug\vc120.idb
c:\users\alexarse\desktop\axlib\builds\visualstudio2013\axgl\debug\axcore.obj
c:\users\alexarse\desktop\axlib\builds\visualstudio2013\axgl\debug\axcorewin32.obj
c:\users\alexarse\desktop\axlib\builds\visualstudio2013\axgl\debug\axdebugwin32.obj
c:\users\alexarse\desktop\axlib\builds\visualstudio2013\axgl\debug\axevent.obj
c:\users\alexarse\desktop\axlib\builds\visualstudio2013\axgl\debug\axfont.obj
c:\users\alexarse\desktop\axlib\builds\visualstudio2013\axgl\debug\axgc.obj
c:\users\alexarse\desktop\axlib\builds\visualstudio2013\axgl\debug\aximage.obj
c:\users\alexarse\desktop\axlib\builds\visualstudio2013\axgl\debug\axmanager.obj
c:\users\alexarse\desktop\axlib\builds\visualstudio2013\axgl\debug\axobject.obj
c:\users\alexarse\desktop\axlib\builds\visualstudio2013\axgl\debug\axpanel.obj
c:\users\alexarse\desktop\axlib\builds\visualstudio2013\axgl\debug\axutils.obj
c:\users\alexarse\desktop\axlib\builds\visualstudio2013\axgl\debug\axbutton.obj
c:\users\alexarse\desktop\axlib\builds\visualstudio2013\axgl\debug\axgrid.obj
c:\users\alexarse\desktop\axlib\builds\visualstudio2013\axgl\debug\axmenu.obj
c:\users\alexarse\desktop\axlib\builds\visualstudio2013\axgl\debug\axnumberbox.obj
c:\users\alexarse\desktop\axlib\builds\visualstudio2013\axgl\debug\axpopupmenu.obj
c:\users\alexarse\desktop\axlib\builds\visualstudio2013\axgl\debug\axslider.obj
c:\users\alexarse\desktop\axlib\builds\visualstudio2013\axgl\debug\axwin32utils.obj
c:\users\alexarse\desktop\axlib\builds\visualstudio2013\axgl\debug\axwindow.obj
c:\users\alexarse\desktop\axlib\builds\visualstudio2013\axgl\debug\axwindowtree.obj
c:\users\alexarse\desktop\axlib\builds\visualstudio2013\axgl\debug\axapp.obj
c:\users\alexarse\desktop\axlib\builds\visualstudio2013\axgl\debug\axc++.obj
c:\users\alexarse\desktop\axlib\builds\visualstudio2013\axgl\debug\axcolor.obj
c:\users\alexarse\desktop\axlib\builds\visualstudio2013\debug\axgl.lib
c:\users\alexarse\desktop\axlib\builds\visualstudio2013\axgl\debug\axgl.tlog\cl.command.1.tlog
c:\users\alexarse\desktop\axlib\builds\visualstudio2013\axgl\debug\axgl.tlog\cl.read.1.tlog
c:\users\alexarse\desktop\axlib\builds\visualstudio2013\axgl\debug\axgl.tlog\cl.write.1.tlog
c:\users\alexarse\desktop\axlib\builds\visualstudio2013\axgl\debug\axgl.tlog\lib-link.read.1.tlog
c:\users\alexarse\desktop\axlib\builds\visualstudio2013\axgl\debug\axgl.tlog\lib-link.write.1.tlog
c:\users\alexarse\desktop\axlib\builds\visualstudio2013\axgl\debug\axgl.tlog\lib.command.1.tlog
