c:\users\alexarse\desktop\axlib\libs\portaudio\build\msvc\win32\debug\vc120.pdb
c:\users\alexarse\desktop\axlib\libs\portaudio\build\msvc\win32\debug\vc120.idb
c:\users\alexarse\desktop\axlib\libs\portaudio\build\msvc\win32\debug\asio.obj
c:\users\alexarse\desktop\axlib\libs\portaudio\build\msvc\win32\debug\asiodrivers.obj
c:\users\alexarse\desktop\axlib\libs\portaudio\build\msvc\win32\debug\asiolist.obj
c:\users\alexarse\desktop\axlib\libs\portaudio\build\msvc\win32\debug\pa_cpuload.obj
c:\users\alexarse\desktop\axlib\libs\portaudio\build\msvc\win32\debug\pa_debugprint.obj
c:\users\alexarse\desktop\axlib\libs\portaudio\build\msvc\win32\debug\pa_dither.obj
c:\users\alexarse\desktop\axlib\libs\portaudio\build\msvc\win32\debug\pa_front.obj
c:\users\alexarse\desktop\axlib\libs\portaudio\build\msvc\win32\debug\pa_hostapi_skeleton.obj
c:\users\alexarse\desktop\axlib\libs\portaudio\build\msvc\win32\debug\pa_process.obj
c:\users\alexarse\desktop\axlib\libs\portaudio\build\msvc\win32\debug\pa_ringbuffer.obj
c:\users\alexarse\desktop\axlib\libs\portaudio\build\msvc\win32\debug\pa_stream.obj
c:\users\alexarse\desktop\axlib\libs\portaudio\build\msvc\win32\debug\pa_trace.obj
c:\users\alexarse\desktop\axlib\libs\portaudio\build\msvc\win32\debug\pa_win_ds.obj
c:\users\alexarse\desktop\axlib\libs\portaudio\build\msvc\win32\debug\pa_win_ds_dynlink.obj
c:\users\alexarse\desktop\axlib\libs\portaudio\build\msvc\win32\debug\pa_win_wmme.obj
c:\users\alexarse\desktop\axlib\libs\portaudio\build\msvc\win32\debug\pa_win_wasapi.obj
c:\users\alexarse\desktop\axlib\libs\portaudio\build\msvc\win32\debug\pa_win_wdmks.obj
c:\users\alexarse\desktop\axlib\libs\portaudio\build\msvc\win32\debug\pa_win_coinitialize.obj
c:\users\alexarse\desktop\axlib\libs\portaudio\build\msvc\win32\debug\pa_win_hostapis.obj
c:\users\alexarse\desktop\axlib\libs\portaudio\build\msvc\win32\debug\pa_win_util.obj
c:\users\alexarse\desktop\axlib\libs\portaudio\build\msvc\win32\debug\pa_win_waveformat.obj
c:\users\alexarse\desktop\axlib\libs\portaudio\build\msvc\win32\debug\pa_win_wdmks_utils.obj
c:\users\alexarse\desktop\axlib\libs\portaudio\build\msvc\win32\debug\pa_x86_plain_converters.obj
c:\users\alexarse\desktop\axlib\libs\portaudio\build\msvc\win32\debug\pa_allocation.obj
c:\users\alexarse\desktop\axlib\libs\portaudio\build\msvc\win32\debug\pa_converters.obj
c:\users\alexarse\desktop\axlib\libs\portaudio\build\msvc\win32\debug\pa_asio.obj
c:\users\alexarse\desktop\axlib\libs\portaudio\build\msvc\win32\debug\portaudio_x86.ilk
c:\users\alexarse\desktop\axlib\libs\portaudio\build\msvc\win32\debug\portaudio_x86.dll
c:\users\alexarse\desktop\axlib\libs\portaudio\build\msvc\win32\debug\portaudio_x86.pdb
c:\users\alexarse\desktop\axlib\libs\portaudio\build\msvc\win32\debug\portaudio_x86.lib
c:\users\alexarse\desktop\axlib\libs\portaudio\build\msvc\win32\debug\portaudio_x86.exp
c:\users\alexarse\desktop\axlib\libs\portaudio\build\msvc\win32\debug\portaudio.tlog\cl.command.1.tlog
c:\users\alexarse\desktop\axlib\libs\portaudio\build\msvc\win32\debug\portaudio.tlog\cl.read.1.tlog
c:\users\alexarse\desktop\axlib\libs\portaudio\build\msvc\win32\debug\portaudio.tlog\cl.write.1.tlog
c:\users\alexarse\desktop\axlib\libs\portaudio\build\msvc\win32\debug\portaudio.tlog\link.command.1.tlog
c:\users\alexarse\desktop\axlib\libs\portaudio\build\msvc\win32\debug\portaudio.tlog\link.read.1.tlog
c:\users\alexarse\desktop\axlib\libs\portaudio\build\msvc\win32\debug\portaudio.tlog\link.write.1.tlog
c:\users\alexarse\desktop\axlib\libs\portaudio\build\msvc\win32\debug\portaudio.tlog\portaudio.write.1u.tlog
