c:\users\alexarse\desktop\axgl\lpng1610\projects\vstudio\release\pngunknown.bsc
c:\users\alexarse\desktop\axgl\lpng1610\projects\vstudio\pngunknown\release\vc120.pdb
c:\users\alexarse\desktop\axgl\lpng1610\projects\vstudio\pngunknown\release\pngunknown.sbr
c:\users\alexarse\desktop\axgl\lpng1610\projects\vstudio\pngunknown\release\pngunknown.obj
c:\users\alexarse\desktop\axgl\lpng1610\projects\vstudio\release\pngunknown.exe
c:\users\alexarse\desktop\axgl\lpng1610\projects\vstudio\release\pngunknown.pdb
c:\users\alexarse\desktop\axgl\lpng1610\projects\vstudio\pngunknown\release\pngunknown.out
c:\users\alexandre arsenault\desktop\axlib\libs\lpng1610\projects\vstudio\pngunknown\release\vc120.pdb
c:\users\alexandre arsenault\desktop\axlib\libs\lpng1610\projects\vstudio\pngunknown\release\pngunknown.sbr
c:\users\alexandre arsenault\desktop\axlib\libs\lpng1610\projects\vstudio\release\pngunknown.pdb
c:\users\alexandre arsenault\desktop\axlib\libs\lpng1610\projects\vstudio\release\pngunknown.bsc
c:\users\alexandre arsenault\desktop\axlib\libs\lpng1610\projects\vstudio\pngunknown\release\pngunknown.tlog\bscmake.command.1.tlog
c:\users\alexandre arsenault\desktop\axlib\libs\lpng1610\projects\vstudio\pngunknown\release\pngunknown.tlog\bscmake.read.1.tlog
c:\users\alexandre arsenault\desktop\axlib\libs\lpng1610\projects\vstudio\pngunknown\release\pngunknown.tlog\bscmake.write.1.tlog
c:\users\alexandre arsenault\desktop\axlib\libs\lpng1610\projects\vstudio\pngunknown\release\pngunknown.tlog\cl.command.1.tlog
c:\users\alexandre arsenault\desktop\axlib\libs\lpng1610\projects\vstudio\pngunknown\release\pngunknown.tlog\cl.read.1.tlog
c:\users\alexandre arsenault\desktop\axlib\libs\lpng1610\projects\vstudio\pngunknown\release\pngunknown.tlog\cl.write.1.tlog
c:\users\alexandre arsenault\desktop\axlib\libs\lpng1610\projects\vstudio\pngunknown\release\pngunknown.tlog\link.command.1.tlog
c:\users\alexandre arsenault\desktop\axlib\libs\lpng1610\projects\vstudio\pngunknown\release\pngunknown.tlog\link.read.1.tlog
c:\users\alexandre arsenault\desktop\axlib\libs\lpng1610\projects\vstudio\pngunknown\release\pngunknown.tlog\link.write.1.tlog
c:\users\alexandre arsenault\desktop\axlib\libs\lpng1610\projects\vstudio\pngunknown\release\pngunknown.tlog\pngunknown.write.1u.tlog
