c:\users\alexarse\desktop\axgl\lpng1610\projects\vstudio\release\zlib.bsc
c:\users\alexarse\desktop\axgl\lpng1610\projects\vstudio\zlib\release\vc120.pdb
c:\users\alexarse\desktop\axgl\lpng1610\projects\vstudio\zlib\release\adler32.sbr
c:\users\alexarse\desktop\axgl\lpng1610\projects\vstudio\zlib\release\compress.sbr
c:\users\alexarse\desktop\axgl\lpng1610\projects\vstudio\zlib\release\crc32.sbr
c:\users\alexarse\desktop\axgl\lpng1610\projects\vstudio\zlib\release\deflate.sbr
c:\users\alexarse\desktop\axgl\lpng1610\projects\vstudio\zlib\release\infback.sbr
c:\users\alexarse\desktop\axgl\lpng1610\projects\vstudio\zlib\release\inffast.sbr
c:\users\alexarse\desktop\axgl\lpng1610\projects\vstudio\zlib\release\inflate.sbr
c:\users\alexarse\desktop\axgl\lpng1610\projects\vstudio\zlib\release\inftrees.sbr
c:\users\alexarse\desktop\axgl\lpng1610\projects\vstudio\zlib\release\trees.sbr
c:\users\alexarse\desktop\axgl\lpng1610\projects\vstudio\zlib\release\uncompr.sbr
c:\users\alexarse\desktop\axgl\lpng1610\projects\vstudio\zlib\release\zutil.sbr
c:\users\alexarse\desktop\axgl\lpng1610\projects\vstudio\zlib\release\zutil.obj
c:\users\alexarse\desktop\axgl\lpng1610\projects\vstudio\zlib\release\uncompr.obj
c:\users\alexarse\desktop\axgl\lpng1610\projects\vstudio\zlib\release\trees.obj
c:\users\alexarse\desktop\axgl\lpng1610\projects\vstudio\zlib\release\inftrees.obj
c:\users\alexarse\desktop\axgl\lpng1610\projects\vstudio\zlib\release\inflate.obj
c:\users\alexarse\desktop\axgl\lpng1610\projects\vstudio\zlib\release\inffast.obj
c:\users\alexarse\desktop\axgl\lpng1610\projects\vstudio\zlib\release\infback.obj
c:\users\alexarse\desktop\axgl\lpng1610\projects\vstudio\zlib\release\deflate.obj
c:\users\alexarse\desktop\axgl\lpng1610\projects\vstudio\zlib\release\crc32.obj
c:\users\alexarse\desktop\axgl\lpng1610\projects\vstudio\zlib\release\compress.obj
c:\users\alexarse\desktop\axgl\lpng1610\projects\vstudio\zlib\release\adler32.obj
c:\users\alexarse\desktop\axgl\lpng1610\projects\vstudio\release\zlib.lib
c:\users\alexandre arsenault\desktop\axlib\libs\lpng1610\projects\vstudio\zlib\release\vc120.pdb
c:\users\alexandre arsenault\desktop\axlib\libs\lpng1610\projects\vstudio\zlib\release\adler32.sbr
c:\users\alexandre arsenault\desktop\axlib\libs\lpng1610\projects\vstudio\zlib\release\compress.sbr
c:\users\alexandre arsenault\desktop\axlib\libs\lpng1610\projects\vstudio\zlib\release\crc32.sbr
c:\users\alexandre arsenault\desktop\axlib\libs\lpng1610\projects\vstudio\zlib\release\deflate.sbr
c:\users\alexandre arsenault\desktop\axlib\libs\lpng1610\projects\vstudio\zlib\release\infback.sbr
c:\users\alexandre arsenault\desktop\axlib\libs\lpng1610\projects\vstudio\zlib\release\inffast.sbr
c:\users\alexandre arsenault\desktop\axlib\libs\lpng1610\projects\vstudio\zlib\release\inflate.sbr
c:\users\alexandre arsenault\desktop\axlib\libs\lpng1610\projects\vstudio\zlib\release\inftrees.sbr
c:\users\alexandre arsenault\desktop\axlib\libs\lpng1610\projects\vstudio\zlib\release\trees.sbr
c:\users\alexandre arsenault\desktop\axlib\libs\lpng1610\projects\vstudio\zlib\release\uncompr.sbr
c:\users\alexandre arsenault\desktop\axlib\libs\lpng1610\projects\vstudio\zlib\release\zutil.sbr
c:\users\alexandre arsenault\desktop\axlib\libs\lpng1610\projects\vstudio\release\zlib.bsc
c:\users\alexandre arsenault\desktop\axlib\libs\lpng1610\projects\vstudio\zlib\release\zlib.tlog\bscmake.command.1.tlog
c:\users\alexandre arsenault\desktop\axlib\libs\lpng1610\projects\vstudio\zlib\release\zlib.tlog\bscmake.read.1.tlog
c:\users\alexandre arsenault\desktop\axlib\libs\lpng1610\projects\vstudio\zlib\release\zlib.tlog\bscmake.write.1.tlog
c:\users\alexandre arsenault\desktop\axlib\libs\lpng1610\projects\vstudio\zlib\release\zlib.tlog\cl.command.1.tlog
c:\users\alexandre arsenault\desktop\axlib\libs\lpng1610\projects\vstudio\zlib\release\zlib.tlog\cl.read.1.tlog
c:\users\alexandre arsenault\desktop\axlib\libs\lpng1610\projects\vstudio\zlib\release\zlib.tlog\cl.write.1.tlog
c:\users\alexandre arsenault\desktop\axlib\libs\lpng1610\projects\vstudio\zlib\release\zlib.tlog\lib-link.read.1.tlog
c:\users\alexandre arsenault\desktop\axlib\libs\lpng1610\projects\vstudio\zlib\release\zlib.tlog\lib-link.write.1.tlog
c:\users\alexandre arsenault\desktop\axlib\libs\lpng1610\projects\vstudio\zlib\release\zlib.tlog\lib.command.1.tlog
