c:\users\alexandre arsenault\desktop\axlib\axexamples\demo\visualstudio2013\debug\axgl.lib
c:\users\alexandre arsenault\desktop\axlib\axexamples\demo\visualstudio2013\debug\axgl.exp
c:\users\alexandre arsenault\desktop\axlib\axexamples\demo\visualstudio2013\axgl\debug\vc120.pdb
c:\users\alexandre arsenault\desktop\axlib\axexamples\demo\visualstudio2013\axgl\debug\vc120.idb
c:\users\alexandre arsenault\desktop\axlib\axexamples\demo\visualstudio2013\axgl\debug\axdropmenu.obj
c:\users\alexandre arsenault\desktop\axlib\axexamples\demo\visualstudio2013\axgl\debug\axevent.obj
c:\users\alexandre arsenault\desktop\axlib\axexamples\demo\visualstudio2013\axgl\debug\axutils.obj
c:\users\alexandre arsenault\desktop\axlib\axexamples\demo\visualstudio2013\axgl\debug\axbutton.obj
c:\users\alexandre arsenault\desktop\axlib\axexamples\demo\visualstudio2013\axgl\debug\axgrid.obj
c:\users\alexandre arsenault\desktop\axlib\axexamples\demo\visualstudio2013\axgl\debug\axknob.obj
c:\users\alexandre arsenault\desktop\axlib\axexamples\demo\visualstudio2013\axgl\debug\axmenu.obj
c:\users\alexandre arsenault\desktop\axlib\axexamples\demo\visualstudio2013\axgl\debug\axnumberbox.obj
c:\users\alexandre arsenault\desktop\axlib\axexamples\demo\visualstudio2013\axgl\debug\axpopupmenu.obj
c:\users\alexandre arsenault\desktop\axlib\axexamples\demo\visualstudio2013\axgl\debug\axscrollbar.obj
c:\users\alexandre arsenault\desktop\axlib\axexamples\demo\visualstudio2013\axgl\debug\axslider.obj
c:\users\alexandre arsenault\desktop\axlib\axexamples\demo\visualstudio2013\axgl\debug\axtoggle.obj
c:\users\alexandre arsenault\desktop\axlib\axexamples\demo\visualstudio2013\axgl\debug\axwin32utils.obj
c:\users\alexandre arsenault\desktop\axlib\axexamples\demo\visualstudio2013\axgl\debug\axwindow.obj
c:\users\alexandre arsenault\desktop\axlib\axexamples\demo\visualstudio2013\axgl\debug\axwindowtree.obj
c:\users\alexandre arsenault\desktop\axlib\axexamples\demo\visualstudio2013\axgl\debug\buttonpanel.obj
c:\users\alexandre arsenault\desktop\axlib\axexamples\demo\visualstudio2013\axgl\debug\knobpanel.obj
c:\users\alexandre arsenault\desktop\axlib\axexamples\demo\visualstudio2013\axgl\debug\main.obj
c:\users\alexandre arsenault\desktop\axlib\axexamples\demo\visualstudio2013\axgl\debug\numberboxpanel.obj
c:\users\alexandre arsenault\desktop\axlib\axexamples\demo\visualstudio2013\axgl\debug\paintpanel.obj
c:\users\alexandre arsenault\desktop\axlib\axexamples\demo\visualstudio2013\axgl\debug\sliderpanel.obj
c:\users\alexandre arsenault\desktop\axlib\axexamples\demo\visualstudio2013\axgl\debug\axapp.obj
c:\users\alexandre arsenault\desktop\axlib\axexamples\demo\visualstudio2013\axgl\debug\axc++.obj
c:\users\alexandre arsenault\desktop\axlib\axexamples\demo\visualstudio2013\axgl\debug\axcolor.obj
c:\users\alexandre arsenault\desktop\axlib\axexamples\demo\visualstudio2013\axgl\debug\axcore.obj
c:\users\alexandre arsenault\desktop\axlib\axexamples\demo\visualstudio2013\axgl\debug\axcorewin32.obj
c:\users\alexandre arsenault\desktop\axlib\axexamples\demo\visualstudio2013\axgl\debug\axdebugwin32.obj
c:\users\alexandre arsenault\desktop\axlib\axexamples\demo\visualstudio2013\axgl\debug\axfont.obj
c:\users\alexandre arsenault\desktop\axlib\axexamples\demo\visualstudio2013\axgl\debug\axgc.obj
c:\users\alexandre arsenault\desktop\axlib\axexamples\demo\visualstudio2013\axgl\debug\aximage.obj
c:\users\alexandre arsenault\desktop\axlib\axexamples\demo\visualstudio2013\axgl\debug\axmanager.obj
c:\users\alexandre arsenault\desktop\axlib\axexamples\demo\visualstudio2013\axgl\debug\axmath.obj
c:\users\alexandre arsenault\desktop\axlib\axexamples\demo\visualstudio2013\axgl\debug\axobject.obj
c:\users\alexandre arsenault\desktop\axlib\axexamples\demo\visualstudio2013\axgl\debug\axpanel.obj
c:\users\alexandre arsenault\desktop\axlib\axexamples\demo\visualstudio2013\debug\axgl.exe
c:\users\alexandre arsenault\desktop\axlib\axexamples\demo\visualstudio2013\debug\axgl.pdb
c:\users\alexandre arsenault\desktop\axlib\axexamples\demo\visualstudio2013\axgl\debug\axgl.tlog\axgl.write.1u.tlog
c:\users\alexandre arsenault\desktop\axlib\axexamples\demo\visualstudio2013\axgl\debug\axgl.tlog\cl.command.1.tlog
c:\users\alexandre arsenault\desktop\axlib\axexamples\demo\visualstudio2013\axgl\debug\axgl.tlog\cl.read.1.tlog
c:\users\alexandre arsenault\desktop\axlib\axexamples\demo\visualstudio2013\axgl\debug\axgl.tlog\cl.write.1.tlog
c:\users\alexandre arsenault\desktop\axlib\axexamples\demo\visualstudio2013\axgl\debug\axgl.tlog\link.command.1.tlog
c:\users\alexandre arsenault\desktop\axlib\axexamples\demo\visualstudio2013\axgl\debug\axgl.tlog\link.read.1.tlog
c:\users\alexandre arsenault\desktop\axlib\axexamples\demo\visualstudio2013\axgl\debug\axgl.tlog\link.write.1.tlog
