c:\users\alexarse\desktop\axgl\lpng1610\projects\vstudio\release\libpng16.bsc
c:\users\alexarse\desktop\axgl\lpng1610\projects\vstudio\libpng\release\libpng16.pch
c:\users\alexarse\desktop\axgl\lpng1610\projects\vstudio\libpng\release\vc120.pdb
c:\users\alexarse\desktop\axgl\lpng1610\projects\vstudio\libpng\release\png.sbr
c:\users\alexarse\desktop\axgl\lpng1610\projects\vstudio\libpng\release\png.obj
c:\users\alexarse\desktop\axgl\lpng1610\projects\vstudio\libpng\release\pngerror.sbr
c:\users\alexarse\desktop\axgl\lpng1610\projects\vstudio\libpng\release\pngget.sbr
c:\users\alexarse\desktop\axgl\lpng1610\projects\vstudio\libpng\release\pngmem.sbr
c:\users\alexarse\desktop\axgl\lpng1610\projects\vstudio\libpng\release\pngpread.sbr
c:\users\alexarse\desktop\axgl\lpng1610\projects\vstudio\libpng\release\pngread.sbr
c:\users\alexarse\desktop\axgl\lpng1610\projects\vstudio\libpng\release\pngrio.sbr
c:\users\alexarse\desktop\axgl\lpng1610\projects\vstudio\libpng\release\pngrtran.sbr
c:\users\alexarse\desktop\axgl\lpng1610\projects\vstudio\libpng\release\pngrutil.sbr
c:\users\alexarse\desktop\axgl\lpng1610\projects\vstudio\libpng\release\pngset.sbr
c:\users\alexarse\desktop\axgl\lpng1610\projects\vstudio\libpng\release\pngtrans.sbr
c:\users\alexarse\desktop\axgl\lpng1610\projects\vstudio\libpng\release\pngwio.sbr
c:\users\alexarse\desktop\axgl\lpng1610\projects\vstudio\libpng\release\pngwrite.sbr
c:\users\alexarse\desktop\axgl\lpng1610\projects\vstudio\libpng\release\pngwtran.sbr
c:\users\alexarse\desktop\axgl\lpng1610\projects\vstudio\libpng\release\pngwutil.sbr
c:\users\alexarse\desktop\axgl\lpng1610\projects\vstudio\libpng\release\pngwutil.obj
c:\users\alexarse\desktop\axgl\lpng1610\projects\vstudio\libpng\release\pngwtran.obj
c:\users\alexarse\desktop\axgl\lpng1610\projects\vstudio\libpng\release\pngwrite.obj
c:\users\alexarse\desktop\axgl\lpng1610\projects\vstudio\libpng\release\pngwio.obj
c:\users\alexarse\desktop\axgl\lpng1610\projects\vstudio\libpng\release\pngtrans.obj
c:\users\alexarse\desktop\axgl\lpng1610\projects\vstudio\libpng\release\pngset.obj
c:\users\alexarse\desktop\axgl\lpng1610\projects\vstudio\libpng\release\pngrutil.obj
c:\users\alexarse\desktop\axgl\lpng1610\projects\vstudio\libpng\release\pngrtran.obj
c:\users\alexarse\desktop\axgl\lpng1610\projects\vstudio\libpng\release\pngrio.obj
c:\users\alexarse\desktop\axgl\lpng1610\projects\vstudio\libpng\release\pngread.obj
c:\users\alexarse\desktop\axgl\lpng1610\projects\vstudio\libpng\release\pngpread.obj
c:\users\alexarse\desktop\axgl\lpng1610\projects\vstudio\libpng\release\pngmem.obj
c:\users\alexarse\desktop\axgl\lpng1610\projects\vstudio\libpng\release\pngget.obj
c:\users\alexarse\desktop\axgl\lpng1610\projects\vstudio\libpng\release\pngerror.obj
c:\users\alexarse\desktop\axgl\lpng1610\projects\vstudio\release\libpng16.lib
c:\users\alexarse\desktop\axgl\lpng1610\projects\vstudio\release\libpng16.exp
c:\users\alexarse\desktop\axgl\lpng1610\projects\vstudio\release\libpng16.dll
c:\users\alexarse\desktop\axgl\lpng1610\projects\vstudio\release\libpng16.pdb
c:\users\alexarse\desktop\axgl\lpng1610\projects\vstudio\libpng\release\pngwin.res
c:\users\alexandre arsenault\desktop\axlib\libs\lpng1610\projects\vstudio\libpng\release\pngwin.res
c:\users\alexandre arsenault\desktop\axlib\libs\lpng1610\projects\vstudio\libpng\release\libpng16.pch
c:\users\alexandre arsenault\desktop\axlib\libs\lpng1610\projects\vstudio\libpng\release\vc120.pdb
c:\users\alexandre arsenault\desktop\axlib\libs\lpng1610\projects\vstudio\libpng\release\png.sbr
c:\users\alexandre arsenault\desktop\axlib\libs\lpng1610\projects\vstudio\libpng\release\pngerror.sbr
c:\users\alexandre arsenault\desktop\axlib\libs\lpng1610\projects\vstudio\libpng\release\pngget.sbr
c:\users\alexandre arsenault\desktop\axlib\libs\lpng1610\projects\vstudio\libpng\release\pngmem.sbr
c:\users\alexandre arsenault\desktop\axlib\libs\lpng1610\projects\vstudio\libpng\release\pngpread.sbr
c:\users\alexandre arsenault\desktop\axlib\libs\lpng1610\projects\vstudio\libpng\release\pngread.sbr
c:\users\alexandre arsenault\desktop\axlib\libs\lpng1610\projects\vstudio\libpng\release\pngrio.sbr
c:\users\alexandre arsenault\desktop\axlib\libs\lpng1610\projects\vstudio\libpng\release\pngrtran.sbr
c:\users\alexandre arsenault\desktop\axlib\libs\lpng1610\projects\vstudio\libpng\release\pngrutil.sbr
c:\users\alexandre arsenault\desktop\axlib\libs\lpng1610\projects\vstudio\libpng\release\pngset.sbr
c:\users\alexandre arsenault\desktop\axlib\libs\lpng1610\projects\vstudio\libpng\release\pngtrans.sbr
c:\users\alexandre arsenault\desktop\axlib\libs\lpng1610\projects\vstudio\libpng\release\pngwio.sbr
c:\users\alexandre arsenault\desktop\axlib\libs\lpng1610\projects\vstudio\libpng\release\pngwrite.sbr
c:\users\alexandre arsenault\desktop\axlib\libs\lpng1610\projects\vstudio\libpng\release\pngwtran.sbr
c:\users\alexandre arsenault\desktop\axlib\libs\lpng1610\projects\vstudio\libpng\release\pngwutil.sbr
c:\users\alexandre arsenault\desktop\axlib\libs\lpng1610\projects\vstudio\release\libpng16.pdb
c:\users\alexandre arsenault\desktop\axlib\libs\lpng1610\projects\vstudio\release\libpng16.bsc
c:\users\alexandre arsenault\desktop\axlib\libs\lpng1610\projects\vstudio\libpng\release\libpng.tlog\bscmake.command.1.tlog
c:\users\alexandre arsenault\desktop\axlib\libs\lpng1610\projects\vstudio\libpng\release\libpng.tlog\bscmake.read.1.tlog
c:\users\alexandre arsenault\desktop\axlib\libs\lpng1610\projects\vstudio\libpng\release\libpng.tlog\bscmake.write.1.tlog
c:\users\alexandre arsenault\desktop\axlib\libs\lpng1610\projects\vstudio\libpng\release\libpng.tlog\cl.command.1.tlog
c:\users\alexandre arsenault\desktop\axlib\libs\lpng1610\projects\vstudio\libpng\release\libpng.tlog\cl.read.1.tlog
c:\users\alexandre arsenault\desktop\axlib\libs\lpng1610\projects\vstudio\libpng\release\libpng.tlog\cl.write.1.tlog
c:\users\alexandre arsenault\desktop\axlib\libs\lpng1610\projects\vstudio\libpng\release\libpng.tlog\libpng.write.1u.tlog
c:\users\alexandre arsenault\desktop\axlib\libs\lpng1610\projects\vstudio\libpng\release\libpng.tlog\link.command.1.tlog
c:\users\alexandre arsenault\desktop\axlib\libs\lpng1610\projects\vstudio\libpng\release\libpng.tlog\link.read.1.tlog
c:\users\alexandre arsenault\desktop\axlib\libs\lpng1610\projects\vstudio\libpng\release\libpng.tlog\link.write.1.tlog
c:\users\alexandre arsenault\desktop\axlib\libs\lpng1610\projects\vstudio\libpng\release\libpng.tlog\rc.command.1.tlog
c:\users\alexandre arsenault\desktop\axlib\libs\lpng1610\projects\vstudio\libpng\release\libpng.tlog\rc.read.1.tlog
c:\users\alexandre arsenault\desktop\axlib\libs\lpng1610\projects\vstudio\libpng\release\libpng.tlog\rc.write.1.tlog
