c:\users\alexandre arsenault\desktop\axlib\libs\lpng1610\projects\vstudio\debug\libpng16.bsc
c:\users\alexandre arsenault\desktop\axlib\libs\lpng1610\projects\vstudio\libpng\debug\libpng16.pch
c:\users\alexandre arsenault\desktop\axlib\libs\lpng1610\projects\vstudio\libpng\debug\png.sbr
c:\users\alexandre arsenault\desktop\axlib\libs\lpng1610\projects\vstudio\libpng\debug\png.obj
c:\users\alexandre arsenault\desktop\axlib\libs\lpng1610\projects\vstudio\libpng\debug\vc100.pdb
c:\users\alexandre arsenault\desktop\axlib\libs\lpng1610\projects\vstudio\libpng\debug\pngerror.sbr
c:\users\alexandre arsenault\desktop\axlib\libs\lpng1610\projects\vstudio\libpng\debug\pngget.sbr
c:\users\alexandre arsenault\desktop\axlib\libs\lpng1610\projects\vstudio\libpng\debug\pngmem.sbr
c:\users\alexandre arsenault\desktop\axlib\libs\lpng1610\projects\vstudio\libpng\debug\pngpread.sbr
c:\users\alexandre arsenault\desktop\axlib\libs\lpng1610\projects\vstudio\libpng\debug\pngread.sbr
c:\users\alexandre arsenault\desktop\axlib\libs\lpng1610\projects\vstudio\libpng\debug\pngrio.sbr
c:\users\alexandre arsenault\desktop\axlib\libs\lpng1610\projects\vstudio\libpng\debug\pngrtran.sbr
c:\users\alexandre arsenault\desktop\axlib\libs\lpng1610\projects\vstudio\libpng\debug\pngrutil.sbr
c:\users\alexandre arsenault\desktop\axlib\libs\lpng1610\projects\vstudio\libpng\debug\pngset.sbr
c:\users\alexandre arsenault\desktop\axlib\libs\lpng1610\projects\vstudio\libpng\debug\pngtrans.sbr
c:\users\alexandre arsenault\desktop\axlib\libs\lpng1610\projects\vstudio\libpng\debug\pngwio.sbr
c:\users\alexandre arsenault\desktop\axlib\libs\lpng1610\projects\vstudio\libpng\debug\pngwrite.sbr
c:\users\alexandre arsenault\desktop\axlib\libs\lpng1610\projects\vstudio\libpng\debug\pngwtran.sbr
c:\users\alexandre arsenault\desktop\axlib\libs\lpng1610\projects\vstudio\libpng\debug\pngwutil.sbr
c:\users\alexandre arsenault\desktop\axlib\libs\lpng1610\projects\vstudio\libpng\debug\pngwutil.obj
c:\users\alexandre arsenault\desktop\axlib\libs\lpng1610\projects\vstudio\libpng\debug\pngwtran.obj
c:\users\alexandre arsenault\desktop\axlib\libs\lpng1610\projects\vstudio\libpng\debug\pngwrite.obj
c:\users\alexandre arsenault\desktop\axlib\libs\lpng1610\projects\vstudio\libpng\debug\pngwio.obj
c:\users\alexandre arsenault\desktop\axlib\libs\lpng1610\projects\vstudio\libpng\debug\pngtrans.obj
c:\users\alexandre arsenault\desktop\axlib\libs\lpng1610\projects\vstudio\libpng\debug\pngset.obj
c:\users\alexandre arsenault\desktop\axlib\libs\lpng1610\projects\vstudio\libpng\debug\pngrutil.obj
c:\users\alexandre arsenault\desktop\axlib\libs\lpng1610\projects\vstudio\libpng\debug\pngrtran.obj
c:\users\alexandre arsenault\desktop\axlib\libs\lpng1610\projects\vstudio\libpng\debug\pngrio.obj
c:\users\alexandre arsenault\desktop\axlib\libs\lpng1610\projects\vstudio\libpng\debug\pngread.obj
c:\users\alexandre arsenault\desktop\axlib\libs\lpng1610\projects\vstudio\libpng\debug\pngpread.obj
c:\users\alexandre arsenault\desktop\axlib\libs\lpng1610\projects\vstudio\libpng\debug\pngmem.obj
c:\users\alexandre arsenault\desktop\axlib\libs\lpng1610\projects\vstudio\libpng\debug\pngget.obj
c:\users\alexandre arsenault\desktop\axlib\libs\lpng1610\projects\vstudio\libpng\debug\pngerror.obj
c:\users\alexandre arsenault\desktop\axlib\libs\lpng1610\projects\vstudio\debug\libpng16.lib
c:\users\alexandre arsenault\desktop\axlib\libs\lpng1610\projects\vstudio\libpng\debug\pngwin.res
c:\users\alexandre arsenault\desktop\axlib\libs\lpng1610\projects\vstudio\libpng\debug\bscmake.command.1.tlog
c:\users\alexandre arsenault\desktop\axlib\libs\lpng1610\projects\vstudio\libpng\debug\bscmake.read.1.tlog
c:\users\alexandre arsenault\desktop\axlib\libs\lpng1610\projects\vstudio\libpng\debug\bscmake.write.1.tlog
c:\users\alexandre arsenault\desktop\axlib\libs\lpng1610\projects\vstudio\libpng\debug\cl.command.1.tlog
c:\users\alexandre arsenault\desktop\axlib\libs\lpng1610\projects\vstudio\libpng\debug\cl.read.1.tlog
c:\users\alexandre arsenault\desktop\axlib\libs\lpng1610\projects\vstudio\libpng\debug\cl.write.1.tlog
c:\users\alexandre arsenault\desktop\axlib\libs\lpng1610\projects\vstudio\libpng\debug\lib-link-cvtres.read.1.tlog
c:\users\alexandre arsenault\desktop\axlib\libs\lpng1610\projects\vstudio\libpng\debug\lib-link-cvtres.write.1.tlog
c:\users\alexandre arsenault\desktop\axlib\libs\lpng1610\projects\vstudio\libpng\debug\lib-link.read.1.tlog
c:\users\alexandre arsenault\desktop\axlib\libs\lpng1610\projects\vstudio\libpng\debug\lib-link.write.1.tlog
c:\users\alexandre arsenault\desktop\axlib\libs\lpng1610\projects\vstudio\libpng\debug\lib.command.1.tlog
c:\users\alexandre arsenault\desktop\axlib\libs\lpng1610\projects\vstudio\libpng\debug\rc.command.1.tlog
c:\users\alexandre arsenault\desktop\axlib\libs\lpng1610\projects\vstudio\libpng\debug\rc.read.1.tlog
c:\users\alexandre arsenault\desktop\axlib\libs\lpng1610\projects\vstudio\libpng\debug\rc.write.1.tlog
