Build started 20/08/2014 4:16:39 PM.
     1>Project "C:\Users\alexarse\Desktop\axLib\libs\VST3 SDK\base\win\base_vc10.vcxproj" on node 2 (Build target(s)).
     1>ClCompile:
         C:\Program Files (x86)\Microsoft Visual Studio 12.0\VC\bin\CL.exe /c /I..\.. /ZI /nologo /W3 /WX- /Od /Oy- /D _DEBUG=1 /D DEVELOPMENT=1 /Gm- /EHsc /MTd /GS /fp:precise /Zc:wchar_t /Zc:forScope /Fo"Win32\Debug.base_vc10\objects\\" /Fd"Win32\Debug.base_vc10\base_vc10.pdb" /Gd /TP /wd4985 /analyze- /errorReport:prompt ..\source\baseiids.cpp ..\source\classfactory.cpp ..\source\fatomic.cpp ..\source\fbitset.cpp ..\source\fbuffer.cpp ..\source\fcpu.cpp ..\source\fcriticalperformance.cpp ..\source\fdebug.cpp ..\source\fdynlib.cpp ..\source\finitializer.cpp ..\source\fmemory.cpp ..\source\fobject.cpp ..\source\fpoint.cpp ..\source\frect.cpp ..\source\fstreamer.cpp ..\source\fstring.cpp ..\source\fthread.cpp ..\source\istreamwrapper.cpp ..\source\timer.cpp ..\source\updatehandler.cpp ..\..\pluginterfaces\base\conststringtable.cpp ..\..\pluginterfaces\base\funknown.cpp
         baseiids.cpp
         classfactory.cpp
         fatomic.cpp
         fbitset.cpp
         fbuffer.cpp
         fcpu.cpp
         fcriticalperformance.cpp
         fdebug.cpp
         fdynlib.cpp
         finitializer.cpp
         fmemory.cpp
         fobject.cpp
         fpoint.cpp
         frect.cpp
         fstreamer.cpp
         fstring.cpp
         fthread.cpp
         istreamwrapper.cpp
         timer.cpp
         updatehandler.cpp
         Generating Code...
         Compiling...
         conststringtable.cpp
         funknown.cpp
         Generating Code...
       Lib:
         C:\Program Files (x86)\Microsoft Visual Studio 12.0\VC\bin\Lib.exe /OUT:"Win32\Debug.base_vc10\base_vc10.lib" /NOLOGO /NODEFAULTLIB:LIBCMTD Win32\Debug.base_vc10\objects\baseiids.obj
         Win32\Debug.base_vc10\objects\classfactory.obj
         Win32\Debug.base_vc10\objects\fatomic.obj
         Win32\Debug.base_vc10\objects\fbitset.obj
         Win32\Debug.base_vc10\objects\fbuffer.obj
         Win32\Debug.base_vc10\objects\fcpu.obj
         Win32\Debug.base_vc10\objects\fcriticalperformance.obj
         Win32\Debug.base_vc10\objects\fdebug.obj
         Win32\Debug.base_vc10\objects\fdynlib.obj
         Win32\Debug.base_vc10\objects\finitializer.obj
         Win32\Debug.base_vc10\objects\fmemory.obj
         Win32\Debug.base_vc10\objects\fobject.obj
         Win32\Debug.base_vc10\objects\fpoint.obj
         Win32\Debug.base_vc10\objects\frect.obj
         Win32\Debug.base_vc10\objects\fstreamer.obj
         Win32\Debug.base_vc10\objects\fstring.obj
         Win32\Debug.base_vc10\objects\fthread.obj
         Win32\Debug.base_vc10\objects\istreamwrapper.obj
         Win32\Debug.base_vc10\objects\timer.obj
         Win32\Debug.base_vc10\objects\updatehandler.obj
         Win32\Debug.base_vc10\objects\conststringtable.obj
         Win32\Debug.base_vc10\objects\funknown.obj
         base_vc10.vcxproj -> C:\Users\alexarse\Desktop\axLib\libs\VST3 SDK\base\win\Win32\Debug.base_vc10\base_vc10.lib
     1>Done Building Project "C:\Users\alexarse\Desktop\axLib\libs\VST3 SDK\base\win\base_vc10.vcxproj" (Build target(s)).

Build succeeded.

Time Elapsed 00:00:14.10
