Build started 20/08/2014 4:37:45 PM.
     1>Project "C:\Users\alexarse\Desktop\axLib\libs\VST3 SDK\public.sdk\samples\vst\adelay\win\adelay_vc10.vcxproj" on node 2 (build target(s)).
     1>InitializeBuildStatus:
         Creating "x64\Debug\ADelay.unsuccessfulbuild" because "AlwaysCreate" was specified.
       ClCompile:
         All outputs are up-to-date.
       ResourceCompile:
         All outputs are up-to-date.
     1>C:\Program Files (x86)\MSBuild\Microsoft.Cpp\v4.0\Microsoft.CppBuild.targets(990,5): warning MSB8012: TargetPath(C:\Users\alexarse\Desktop\axLib\libs\VST3 SDK\public.sdk\samples\vst\adelay\win\x64\Debug\ADelay.dll) does not match the Linker's OutputFile property value (C:\VST\ADelay.dll). This may cause your project to build incorrectly. To correct this, please make sure that $(OutDir), $(TargetName) and $(TargetExt) property values match the value specified in %(Link.OutputFile).
       Link:
         All outputs are up-to-date.
         c:\Program Files (x86)\Microsoft Visual Studio 10.0\VC\bin\x86_amd64\link.exe /ERRORREPORT:PROMPT /OUT:"C:\VST/ADelay.dll" /INCREMENTAL /NOLOGO kernel32.lib user32.lib gdi32.lib winspool.lib comdlg32.lib advapi32.lib shell32.lib ole32.lib oleaut32.lib uuid.lib odbc32.lib odbccp32.lib /DEF:"adelay.def" /MANIFEST:NO /DEBUG /PDB:"x64\Debug\adelay.pdb" /SUBSYSTEM:WINDOWS /TLBID:1 /DYNAMICBASE:NO /IMPLIB:"x64\Debug\ADelay.lib" /MACHINE:X64 /DLL x64\Debug\adelay.res
         x64\Debug\adelaycontroller.obj
         x64\Debug\adelayprocessor.obj
         x64\Debug\exampletest.obj
         x64\Debug\factory.obj
         x64\Debug\dllmain.obj
         x64\Debug\pluginfactoryvst3.obj
         x64\Debug\pluginview.obj
         x64\Debug\vstaudioeffect.obj
         x64\Debug\vstbus.obj
         x64\Debug\vstcomponent.obj
         x64\Debug\vstcomponentbase.obj
         x64\Debug\vsteditcontroller.obj
         x64\Debug\vstinitiids.obj
         x64\Debug\vstparameters.obj
         x64\Debug\conststringtable.obj
         x64\Debug\funknown.obj
         x64\Debug\ustring.obj
         "C:\Users\alexarse\Desktop\axLib\libs\VST3 SDK\base\win\x64\Debug.base_vc10\base_vc10.lib"
            Creating library x64\Debug\ADelay.lib and object x64\Debug\ADelay.exp
         adelay_vc10.vcxproj -> C:\Users\alexarse\Desktop\axLib\libs\VST3 SDK\public.sdk\samples\vst\adelay\win\x64\Debug\ADelay.dll
       FinalizeBuildStatus:
         Deleting file "x64\Debug\ADelay.unsuccessfulbuild".
         Touching "x64\Debug\ADelay.lastbuildstate".
     1>Done Building Project "C:\Users\alexarse\Desktop\axLib\libs\VST3 SDK\public.sdk\samples\vst\adelay\win\adelay_vc10.vcxproj" (build target(s)).

Build succeeded.

Time Elapsed 00:00:01.31
