C:\USERS\ALEXARSE\DESKTOP\AXLIB\LIBS\VST3 SDK\PUBLIC.SDK\SAMPLES\VST\ADELAY\WIN\X64\DEBUG\ADELAY.RES
C:\Users\alexarse\Desktop\axLib\libs\VST3 SDK\public.sdk\samples\vst\adelay\win\x64\Debug\ADelay.write.1.tlog
C:\USERS\ALEXARSE\DESKTOP\AXLIB\LIBS\VST3 SDK\PUBLIC.SDK\SAMPLES\VST\ADELAY\WIN\X64\DEBUG\ADELAYCONTROLLER.OBJ
C:\USERS\ALEXARSE\DESKTOP\AXLIB\LIBS\VST3 SDK\PUBLIC.SDK\SAMPLES\VST\ADELAY\WIN\X64\DEBUG\ADELAYPROCESSOR.OBJ
C:\Users\alexarse\Desktop\axLib\libs\VST3 SDK\public.sdk\samples\vst\adelay\win\x64\Debug\cl.command.1.tlog
C:\Users\alexarse\Desktop\axLib\libs\VST3 SDK\public.sdk\samples\vst\adelay\win\x64\Debug\CL.read.1.tlog
C:\Users\alexarse\Desktop\axLib\libs\VST3 SDK\public.sdk\samples\vst\adelay\win\x64\Debug\CL.write.1.tlog
C:\USERS\ALEXARSE\DESKTOP\AXLIB\LIBS\VST3 SDK\PUBLIC.SDK\SAMPLES\VST\ADELAY\WIN\X64\DEBUG\CONSTSTRINGTABLE.OBJ
C:\USERS\ALEXARSE\DESKTOP\AXLIB\LIBS\VST3 SDK\PUBLIC.SDK\SAMPLES\VST\ADELAY\WIN\X64\DEBUG\DLLMAIN.OBJ
C:\USERS\ALEXARSE\DESKTOP\AXLIB\LIBS\VST3 SDK\PUBLIC.SDK\SAMPLES\VST\ADELAY\WIN\X64\DEBUG\EXAMPLETEST.OBJ
C:\USERS\ALEXARSE\DESKTOP\AXLIB\LIBS\VST3 SDK\PUBLIC.SDK\SAMPLES\VST\ADELAY\WIN\X64\DEBUG\FACTORY.OBJ
C:\USERS\ALEXARSE\DESKTOP\AXLIB\LIBS\VST3 SDK\PUBLIC.SDK\SAMPLES\VST\ADELAY\WIN\X64\DEBUG\FUNKNOWN.OBJ
C:\Users\alexarse\Desktop\axLib\libs\VST3 SDK\public.sdk\samples\vst\adelay\win\x64\Debug\link.command.1.tlog
C:\Users\alexarse\Desktop\axLib\libs\VST3 SDK\public.sdk\samples\vst\adelay\win\x64\Debug\link.read.1.tlog
C:\Users\alexarse\Desktop\axLib\libs\VST3 SDK\public.sdk\samples\vst\adelay\win\x64\Debug\link.write.1.tlog
C:\USERS\ALEXARSE\DESKTOP\AXLIB\LIBS\VST3 SDK\PUBLIC.SDK\SAMPLES\VST\ADELAY\WIN\X64\DEBUG\PLUGINFACTORYVST3.OBJ
C:\USERS\ALEXARSE\DESKTOP\AXLIB\LIBS\VST3 SDK\PUBLIC.SDK\SAMPLES\VST\ADELAY\WIN\X64\DEBUG\PLUGINVIEW.OBJ
C:\Users\alexarse\Desktop\axLib\libs\VST3 SDK\public.sdk\samples\vst\adelay\win\x64\Debug\rc.command.1.tlog
C:\Users\alexarse\Desktop\axLib\libs\VST3 SDK\public.sdk\samples\vst\adelay\win\x64\Debug\rc.read.1.tlog
C:\Users\alexarse\Desktop\axLib\libs\VST3 SDK\public.sdk\samples\vst\adelay\win\x64\Debug\rc.write.1.tlog
C:\USERS\ALEXARSE\DESKTOP\AXLIB\LIBS\VST3 SDK\PUBLIC.SDK\SAMPLES\VST\ADELAY\WIN\X64\DEBUG\USTRING.OBJ
C:\Users\alexarse\Desktop\axLib\libs\VST3 SDK\public.sdk\samples\vst\adelay\win\x64\Debug\vc100.idb
C:\USERS\ALEXARSE\DESKTOP\AXLIB\LIBS\VST3 SDK\PUBLIC.SDK\SAMPLES\VST\ADELAY\WIN\X64\DEBUG\VC100.PDB
C:\USERS\ALEXARSE\DESKTOP\AXLIB\LIBS\VST3 SDK\PUBLIC.SDK\SAMPLES\VST\ADELAY\WIN\X64\DEBUG\VSTAUDIOEFFECT.OBJ
C:\USERS\ALEXARSE\DESKTOP\AXLIB\LIBS\VST3 SDK\PUBLIC.SDK\SAMPLES\VST\ADELAY\WIN\X64\DEBUG\VSTBUS.OBJ
C:\USERS\ALEXARSE\DESKTOP\AXLIB\LIBS\VST3 SDK\PUBLIC.SDK\SAMPLES\VST\ADELAY\WIN\X64\DEBUG\VSTCOMPONENT.OBJ
C:\USERS\ALEXARSE\DESKTOP\AXLIB\LIBS\VST3 SDK\PUBLIC.SDK\SAMPLES\VST\ADELAY\WIN\X64\DEBUG\VSTCOMPONENTBASE.OBJ
C:\USERS\ALEXARSE\DESKTOP\AXLIB\LIBS\VST3 SDK\PUBLIC.SDK\SAMPLES\VST\ADELAY\WIN\X64\DEBUG\VSTEDITCONTROLLER.OBJ
C:\USERS\ALEXARSE\DESKTOP\AXLIB\LIBS\VST3 SDK\PUBLIC.SDK\SAMPLES\VST\ADELAY\WIN\X64\DEBUG\VSTINITIIDS.OBJ
C:\USERS\ALEXARSE\DESKTOP\AXLIB\LIBS\VST3 SDK\PUBLIC.SDK\SAMPLES\VST\ADELAY\WIN\X64\DEBUG\VSTPARAMETERS.OBJ
