Build started 11/27/2014 2:59:15 PM.
     1>Project "C:\Users\Alexandre Arsenault\Desktop\axLib\axProjects\SoundEditor\builds\VisualStudio2013\axGL\axGL.vcxproj" on node 2 (Build target(s)).
     1>ClCompile:
         C:\Program Files (x86)\Microsoft Visual Studio 12.0\VC\bin\CL.exe /c /I"../../../../../libs/freetype-2.5.3/include" /I../../../../../libs/lpng1610 /I../../../../../ /I../../../../../include /I../../../../../libs/portaudio/include /I../../../../../libs/libsndfile/include /ZI /nologo /W3 /WX- /sdl /Od /Oy- /D _CRT_SECURE_NO_WARNINGS /D _MBCS /Gm /EHsc /RTC1 /MDd /GS /fp:precise /Zc:wchar_t /Zc:forScope /Fo"Debug\\" /Fd"Debug\vc120.pdb" /Gd /TP /analyze- /errorReport:prompt ..\..\..\main.cpp
         main.cpp
     1>c:\users\alexandre arsenault\desktop\axlib\axwidgets\axslider.h(170): warning C4244: '=' : conversion from 'double' to 'int', possible loss of data
     1>c:\users\alexandre arsenault\desktop\axlib\axwidgets\axslider.h(171): warning C4244: '=' : conversion from 'double' to 'int', possible loss of data
     1>c:\users\alexandre arsenault\desktop\axlib\axprojects\soundeditor\axaudio.h(247): warning C4018: '<' : signed/unsigned mismatch
     1>c:\users\alexandre arsenault\desktop\axlib\axprojects\soundeditor\main.cpp(121): warning C4305: 'argument' : truncation from 'double' to 'const float'
       Link:
         C:\Program Files (x86)\Microsoft Visual Studio 12.0\VC\bin\link.exe /ERRORREPORT:PROMPT /OUT:"C:\Users\Alexandre Arsenault\Desktop\axLib\axProjects\SoundEditor\builds\VisualStudio2013\Debug\axGL.exe" /INCREMENTAL /NOLOGO /LIBPATH:"../../../../../libs/freetype-2.5.3/objs/win32/vc2010" /LIBPATH:../../../../../libs/lpng1610/projects/vstudio/Debug /LIBPATH:../../../../../libs/portaudio/build/msvc/Win32/Debug /LIBPATH:../../../../../libs/libsndfile/lib opengl32.lib glu32.lib libpng16.lib zlib.lib freetype253_D.lib portaudio_x86.lib "libsndfile-1.lib" kernel32.lib user32.lib gdi32.lib winspool.lib comdlg32.lib advapi32.lib shell32.lib ole32.lib oleaut32.lib uuid.lib odbc32.lib odbccp32.lib /MANIFEST /MANIFESTUAC:"level='asInvoker' uiAccess='false'" /manifest:embed /DEBUG /PDB:"C:\Users\Alexandre Arsenault\Desktop\axLib\axProjects\SoundEditor\builds\VisualStudio2013\Debug\axGL.pdb" /TLBID:1 /DYNAMICBASE /NXCOMPAT /IMPLIB:"C:\Users\Alexandre Arsenault\Desktop\axLib\axProjects\SoundEditor\builds\VisualStudio2013\Debug\axGL.lib" /MACHINE:X86 Debug\axApp.obj
         Debug\axC++.obj
         Debug\axColor.obj
         Debug\axCore.obj
         Debug\axCoreWin32.obj
         Debug\axDebugWin32.obj
         Debug\axEvent.obj
         Debug\axFont.obj
         Debug\axGC.obj
         Debug\axImage.obj
         Debug\axManager.obj
         Debug\axMath.obj
         Debug\axObject.obj
         Debug\axPanel.obj
         Debug\axUtils.obj
         Debug\axButton.obj
         Debug\axDropMenu.obj
         Debug\axGrid.obj
         Debug\axKnob.obj
         Debug\axMenu.obj
         Debug\axNumberBox.obj
         Debug\axPopupMenu.obj
         Debug\axScrollBar.obj
         Debug\axSlider.obj
         Debug\axToggle.obj
         Debug\axWin32Utils.obj
         Debug\axWindow.obj
         Debug\axWindowTree.obj
         Debug\axAudio.obj
         Debug\axAudioBuffer.obj
         Debug\axAudioBufferPlayer.obj
         Debug\axAudioEnvelope.obj
         Debug\axAudioFilter.obj
         Debug\axAudioUtils.obj
         Debug\axToolBar.obj
         Debug\axVolumeMeter.obj
         Debug\axWaveform.obj
         Debug\axWaveformNavigator.obj
         Debug\EnvelopeEditor.obj
         Debug\main.obj
         Debug\SoundEditorAudio.obj
         libpng16.lib(png.obj) : MSIL .netmodule or module compiled with /GL found; restarting link with /LTCG; add /LTCG to the link command line to improve linker performance
     1>LINK : warning LNK4075: ignoring '/INCREMENTAL' due to '/LTCG' specification
     1>axApp.obj : warning LNK4075: ignoring '/EDITANDCONTINUE' due to '/OPT:LBR' specification
         Generating code
         Finished generating code
         axGL.vcxproj -> C:\Users\Alexandre Arsenault\Desktop\axLib\axProjects\SoundEditor\builds\VisualStudio2013\Debug\axGL.exe
     1>Done Building Project "C:\Users\Alexandre Arsenault\Desktop\axLib\axProjects\SoundEditor\builds\VisualStudio2013\axGL\axGL.vcxproj" (Build target(s)).

Build succeeded.

Time Elapsed 00:00:03.79
