c:\users\alexandre arsenault\desktop\axlib\axexamples\axdemo\demo\demo\debug\vc120.pdb
c:\users\alexandre arsenault\desktop\axlib\axexamples\axdemo\demo\demo\debug\vc120.idb
c:\users\alexandre arsenault\desktop\axlib\axexamples\axdemo\demo\demo\debug\axmsg.obj
c:\users\alexandre arsenault\desktop\axlib\axexamples\axdemo\demo\demo\debug\axobject.obj
c:\users\alexandre arsenault\desktop\axlib\axexamples\axdemo\demo\demo\debug\axobjectloader.obj
c:\users\alexandre arsenault\desktop\axlib\axexamples\axdemo\demo\demo\debug\axpanel.obj
c:\users\alexandre arsenault\desktop\axlib\axexamples\axdemo\demo\demo\debug\axresourcemanager.obj
c:\users\alexandre arsenault\desktop\axlib\axexamples\axdemo\demo\demo\debug\axtimer.obj
c:\users\alexandre arsenault\desktop\axlib\axexamples\axdemo\demo\demo\debug\axutils.obj
c:\users\alexandre arsenault\desktop\axlib\axexamples\axdemo\demo\demo\debug\axvar.obj
c:\users\alexandre arsenault\desktop\axlib\axexamples\axdemo\demo\demo\debug\axwidget.obj
c:\users\alexandre arsenault\desktop\axlib\axexamples\axdemo\demo\demo\debug\axwidgetbuilder.obj
c:\users\alexandre arsenault\desktop\axlib\axexamples\axdemo\demo\demo\debug\axwindow.obj
c:\users\alexandre arsenault\desktop\axlib\axexamples\axdemo\demo\demo\debug\axwindowtree.obj
c:\users\alexandre arsenault\desktop\axlib\axexamples\axdemo\demo\demo\debug\animationpanel.obj
c:\users\alexandre arsenault\desktop\axlib\axexamples\axdemo\demo\demo\debug\buttonpanel.obj
c:\users\alexandre arsenault\desktop\axlib\axexamples\axdemo\demo\demo\debug\knobpanel.obj
c:\users\alexandre arsenault\desktop\axlib\axexamples\axdemo\demo\demo\debug\main.obj
c:\users\alexandre arsenault\desktop\axlib\axexamples\axdemo\demo\demo\debug\menupanel.obj
c:\users\alexandre arsenault\desktop\axlib\axexamples\axdemo\demo\demo\debug\numberboxpanel.obj
c:\users\alexandre arsenault\desktop\axlib\axexamples\axdemo\demo\demo\debug\paintpanel.obj
c:\users\alexandre arsenault\desktop\axlib\axexamples\axdemo\demo\demo\debug\sliderpanel.obj
c:\users\alexandre arsenault\desktop\axlib\axexamples\axdemo\demo\demo\debug\axtextcontrol.obj
c:\users\alexandre arsenault\desktop\axlib\axexamples\axdemo\demo\demo\debug\axtoggle.obj
c:\users\alexandre arsenault\desktop\axlib\axexamples\axdemo\demo\demo\debug\axcorewin32.obj
c:\users\alexandre arsenault\desktop\axlib\axexamples\axdemo\demo\demo\debug\axdebugwin32.obj
c:\users\alexandre arsenault\desktop\axlib\axexamples\axdemo\demo\demo\debug\axwin32utils.obj
c:\users\alexandre arsenault\desktop\axlib\axexamples\axdemo\demo\demo\debug\axapp.obj
c:\users\alexandre arsenault\desktop\axlib\axexamples\axdemo\demo\demo\debug\axc++.obj
c:\users\alexandre arsenault\desktop\axlib\axexamples\axdemo\demo\demo\debug\axcolor.obj
c:\users\alexandre arsenault\desktop\axlib\axexamples\axdemo\demo\demo\debug\axcore.obj
c:\users\alexandre arsenault\desktop\axlib\axexamples\axdemo\demo\demo\debug\axdefaultfontbuffer.obj
c:\users\alexandre arsenault\desktop\axlib\axexamples\axdemo\demo\demo\debug\axevent.obj
c:\users\alexandre arsenault\desktop\axlib\axexamples\axdemo\demo\demo\debug\axeventmanager.obj
c:\users\alexandre arsenault\desktop\axlib\axexamples\axdemo\demo\demo\debug\axfont.obj
c:\users\alexandre arsenault\desktop\axlib\axexamples\axdemo\demo\demo\debug\axgc.obj
c:\users\alexandre arsenault\desktop\axlib\axexamples\axdemo\demo\demo\debug\aximage.obj
c:\users\alexandre arsenault\desktop\axlib\axexamples\axdemo\demo\demo\debug\axkeyboardmanager.obj
c:\users\alexandre arsenault\desktop\axlib\axexamples\axdemo\demo\demo\debug\axmain.obj
c:\users\alexandre arsenault\desktop\axlib\axexamples\axdemo\demo\demo\debug\axmanager.obj
c:\users\alexandre arsenault\desktop\axlib\axexamples\axdemo\demo\demo\debug\axmath.obj
c:\users\alexandre arsenault\desktop\axlib\axexamples\axdemo\demo\demo\debug\axmousemanager.obj
c:\users\alexandre arsenault\desktop\axlib\axexamples\axdemo\demo\demo\debug\axanimatedbutton.obj
c:\users\alexandre arsenault\desktop\axlib\axexamples\axdemo\demo\demo\debug\axbutton.obj
c:\users\alexandre arsenault\desktop\axlib\axexamples\axdemo\demo\demo\debug\axdebugbutton.obj
c:\users\alexandre arsenault\desktop\axlib\axexamples\axdemo\demo\demo\debug\axdropmenu.obj
c:\users\alexandre arsenault\desktop\axlib\axexamples\axdemo\demo\demo\debug\axgrid.obj
c:\users\alexandre arsenault\desktop\axlib\axexamples\axdemo\demo\demo\debug\axknob.obj
c:\users\alexandre arsenault\desktop\axlib\axexamples\axdemo\demo\demo\debug\axlabel.obj
c:\users\alexandre arsenault\desktop\axlib\axexamples\axdemo\demo\demo\debug\axmenu.obj
c:\users\alexandre arsenault\desktop\axlib\axexamples\axdemo\demo\demo\debug\axnumberbox.obj
c:\users\alexandre arsenault\desktop\axlib\axexamples\axdemo\demo\demo\debug\axplot.obj
c:\users\alexandre arsenault\desktop\axlib\axexamples\axdemo\demo\demo\debug\axpopupmenu.obj
c:\users\alexandre arsenault\desktop\axlib\axexamples\axdemo\demo\demo\debug\axscrollbar.obj
c:\users\alexandre arsenault\desktop\axlib\axexamples\axdemo\demo\demo\debug\axslider.obj
c:\users\alexandre arsenault\desktop\axlib\axexamples\axdemo\demo\demo\debug\axstaticimage.obj
c:\users\alexandre arsenault\desktop\axlib\axexamples\axdemo\demo\demo\debug\axtextbox.obj
c:\users\alexandre arsenault\desktop\axlib\axexamples\axdemo\demo\debug\demo.exe
c:\users\alexandre arsenault\desktop\axlib\axexamples\axdemo\demo\debug\demo.pdb
c:\users\alexandre arsenault\desktop\axlib\axexamples\axdemo\demo\demo\debug\demo.tlog\cl.command.1.tlog
c:\users\alexandre arsenault\desktop\axlib\axexamples\axdemo\demo\demo\debug\demo.tlog\cl.read.1.tlog
c:\users\alexandre arsenault\desktop\axlib\axexamples\axdemo\demo\demo\debug\demo.tlog\cl.write.1.tlog
c:\users\alexandre arsenault\desktop\axlib\axexamples\axdemo\demo\demo\debug\demo.tlog\link.command.1.tlog
c:\users\alexandre arsenault\desktop\axlib\axexamples\axdemo\demo\demo\debug\demo.tlog\link.read.1.tlog
c:\users\alexandre arsenault\desktop\axlib\axexamples\axdemo\demo\demo\debug\demo.tlog\link.write.1.tlog
