c:\users\alexandre arsenault\desktop\axlib\builds\windows\windows\debug\vc120.pdb
c:\users\alexandre arsenault\desktop\axlib\builds\windows\windows\debug\vc120.idb
c:\users\alexandre arsenault\desktop\axlib\builds\windows\windows\debug\axgc.obj
c:\users\alexandre arsenault\desktop\axlib\builds\windows\windows\debug\axgraphicinterface.obj
c:\users\alexandre arsenault\desktop\axlib\builds\windows\windows\debug\aximage.obj
c:\users\alexandre arsenault\desktop\axlib\builds\windows\windows\debug\axkeyboardmanager.obj
c:\users\alexandre arsenault\desktop\axlib\builds\windows\windows\debug\axmain.obj
c:\users\alexandre arsenault\desktop\axlib\builds\windows\windows\debug\axmanager.obj
c:\users\alexandre arsenault\desktop\axlib\builds\windows\windows\debug\axmath.obj
c:\users\alexandre arsenault\desktop\axlib\builds\windows\windows\debug\axmousemanager.obj
c:\users\alexandre arsenault\desktop\axlib\builds\windows\windows\debug\axmsg.obj
c:\users\alexandre arsenault\desktop\axlib\builds\windows\windows\debug\axobject.obj
c:\users\alexandre arsenault\desktop\axlib\builds\windows\windows\debug\axobjectloader.obj
c:\users\alexandre arsenault\desktop\axlib\builds\windows\windows\debug\axpanel.obj
c:\users\alexandre arsenault\desktop\axlib\builds\windows\windows\debug\axresourcemanager.obj
c:\users\alexandre arsenault\desktop\axlib\builds\windows\windows\debug\axtimer.obj
c:\users\alexandre arsenault\desktop\axlib\builds\windows\windows\debug\axutils.obj
c:\users\alexandre arsenault\desktop\axlib\builds\windows\windows\debug\axvar.obj
c:\users\alexandre arsenault\desktop\axlib\builds\windows\windows\debug\axwidget.obj
c:\users\alexandre arsenault\desktop\axlib\builds\windows\windows\debug\axwidgetbuilder.obj
c:\users\alexandre arsenault\desktop\axlib\builds\windows\windows\debug\axwindow.obj
c:\users\alexandre arsenault\desktop\axlib\builds\windows\windows\debug\axwindowtree.obj
c:\users\alexandre arsenault\desktop\axlib\builds\windows\windows\debug\axnumberbox.obj
c:\users\alexandre arsenault\desktop\axlib\builds\windows\windows\debug\axplot.obj
c:\users\alexandre arsenault\desktop\axlib\builds\windows\windows\debug\axpopupmenu.obj
c:\users\alexandre arsenault\desktop\axlib\builds\windows\windows\debug\axscrollbar.obj
c:\users\alexandre arsenault\desktop\axlib\builds\windows\windows\debug\axslider.obj
c:\users\alexandre arsenault\desktop\axlib\builds\windows\windows\debug\axstaticimage.obj
c:\users\alexandre arsenault\desktop\axlib\builds\windows\windows\debug\axtextbox.obj
c:\users\alexandre arsenault\desktop\axlib\builds\windows\windows\debug\axtextcontrol.obj
c:\users\alexandre arsenault\desktop\axlib\builds\windows\windows\debug\axtoggle.obj
c:\users\alexandre arsenault\desktop\axlib\builds\windows\windows\debug\axwidgetselector.obj
c:\users\alexandre arsenault\desktop\axlib\builds\windows\windows\debug\axapp.obj
c:\users\alexandre arsenault\desktop\axlib\builds\windows\windows\debug\axc++.obj
c:\users\alexandre arsenault\desktop\axlib\builds\windows\windows\debug\axcolor.obj
c:\users\alexandre arsenault\desktop\axlib\builds\windows\windows\debug\axconfig.obj
c:\users\alexandre arsenault\desktop\axlib\builds\windows\windows\debug\axcore.obj
c:\users\alexandre arsenault\desktop\axlib\builds\windows\windows\debug\axdefaultfontbuffer.obj
c:\users\alexandre arsenault\desktop\axlib\builds\windows\windows\debug\axevent.obj
c:\users\alexandre arsenault\desktop\axlib\builds\windows\windows\debug\axeventmanager.obj
c:\users\alexandre arsenault\desktop\axlib\builds\windows\windows\debug\axfont.obj
c:\users\alexandre arsenault\desktop\axlib\builds\windows\windows\debug\axframebuffer.obj
c:\users\alexandre arsenault\desktop\axlib\builds\windows\windows\debug\axcorewin32.obj
c:\users\alexandre arsenault\desktop\axlib\builds\windows\windows\debug\axdebugwin32.obj
c:\users\alexandre arsenault\desktop\axlib\builds\windows\windows\debug\axwin32utils.obj
c:\users\alexandre arsenault\desktop\axlib\builds\windows\windows\debug\axwxpanel.obj
c:\users\alexandre arsenault\desktop\axlib\builds\windows\windows\debug\axanimatedbutton.obj
c:\users\alexandre arsenault\desktop\axlib\builds\windows\windows\debug\axbutton.obj
c:\users\alexandre arsenault\desktop\axlib\builds\windows\windows\debug\axdebugbutton.obj
c:\users\alexandre arsenault\desktop\axlib\builds\windows\windows\debug\axdropmenu.obj
c:\users\alexandre arsenault\desktop\axlib\builds\windows\windows\debug\axgrid.obj
c:\users\alexandre arsenault\desktop\axlib\builds\windows\windows\debug\axknob.obj
c:\users\alexandre arsenault\desktop\axlib\builds\windows\windows\debug\axlabel.obj
c:\users\alexandre arsenault\desktop\axlib\builds\windows\windows\debug\axmenu.obj
c:\users\alexandre arsenault\desktop\axlib\builds\windows\windows\debug\windows.tlog\cl.command.1.tlog
c:\users\alexandre arsenault\desktop\axlib\builds\windows\windows\debug\windows.tlog\cl.read.1.tlog
c:\users\alexandre arsenault\desktop\axlib\builds\windows\windows\debug\windows.tlog\cl.write.1.tlog
