Build started 20/08/2014 4:42:01 PM.
     1>Project "C:\Users\alexarse\Desktop\axLib\libs\VST3 SDK\public.sdk\samples\vst\adelay\win\adelay_vc10.vcxproj" on node 2 (build target(s)).
     1>InitializeBuildStatus:
         Touching "x64\Release\ADelay.unsuccessfulbuild".
       ClCompile:
         All outputs are up-to-date.
       ResourceCompile:
         All outputs are up-to-date.
     1>C:\Program Files (x86)\MSBuild\Microsoft.Cpp\v4.0\Microsoft.CppBuild.targets(990,5): warning MSB8012: TargetPath(C:\Users\alexarse\Desktop\axLib\libs\VST3 SDK\public.sdk\samples\vst\adelay\win\x64\Release\ADelay.dll) does not match the Linker's OutputFile property value (C:\VST\ADel.dll). This may cause your project to build incorrectly. To correct this, please make sure that $(OutDir), $(TargetName) and $(TargetExt) property values match the value specified in %(Link.OutputFile).
     1>C:\Program Files (x86)\MSBuild\Microsoft.Cpp\v4.0\Microsoft.CppBuild.targets(992,5): warning MSB8012: TargetName(ADelay) does not match the Linker's OutputFile property value (ADel). This may cause your project to build incorrectly. To correct this, please make sure that $(OutDir), $(TargetName) and $(TargetExt) property values match the value specified in %(Link.OutputFile).
       Link:
         c:\Program Files (x86)\Microsoft Visual Studio 10.0\VC\bin\x86_amd64\link.exe /ERRORREPORT:PROMPT /OUT:"C:/VST/ADel.dll" /INCREMENTAL:NO /NOLOGO kernel32.lib user32.lib gdi32.lib winspool.lib comdlg32.lib advapi32.lib shell32.lib ole32.lib oleaut32.lib uuid.lib odbc32.lib odbccp32.lib /DEF:"adelay.def" /MANIFEST:NO /DEBUG /PDB:"C:\Users\alexarse\Desktop\axLib\libs\VST3 SDK\public.sdk\samples\vst\adelay\win\x64\Release\ADelay.pdb" /SUBSYSTEM:WINDOWS /OPT:REF /OPT:ICF /TLBID:1 /DYNAMICBASE:NO /IMPLIB:"x64\Release\ADelay.lib" /MACHINE:X64 /DLL x64\Release\adelay.res
         x64\Release\adelaycontroller.obj
         x64\Release\adelayprocessor.obj
         x64\Release\exampletest.obj
         x64\Release\factory.obj
         x64\Release\dllmain.obj
         x64\Release\pluginfactoryvst3.obj
         x64\Release\pluginview.obj
         x64\Release\vstaudioeffect.obj
         x64\Release\vstbus.obj
         x64\Release\vstcomponent.obj
         x64\Release\vstcomponentbase.obj
         x64\Release\vsteditcontroller.obj
         x64\Release\vstinitiids.obj
         x64\Release\vstparameters.obj
         x64\Release\conststringtable.obj
         x64\Release\funknown.obj
         x64\Release\ustring.obj
         "C:\Users\alexarse\Desktop\axLib\libs\VST3 SDK\base\win\x64\Release.base_vc10\base_vc10.lib"
            Creating library x64\Release\ADelay.lib and object x64\Release\ADelay.exp
         adelay_vc10.vcxproj -> C:\Users\alexarse\Desktop\axLib\libs\VST3 SDK\public.sdk\samples\vst\adelay\win\x64\Release\ADelay.dll
       FinalizeBuildStatus:
         Deleting file "x64\Release\ADelay.unsuccessfulbuild".
         Touching "x64\Release\ADelay.lastbuildstate".
     1>Done Building Project "C:\Users\alexarse\Desktop\axLib\libs\VST3 SDK\public.sdk\samples\vst\adelay\win\adelay_vc10.vcxproj" (build target(s)).

Build succeeded.

Time Elapsed 00:00:02.17
