  asiolist.cpp
  asiodrivers.cpp
  asio.cpp
  Generating Code...
  pa_x86_plain_converters.c
  pa_win_wdmks_utils.c
  pa_win_waveformat.c
  pa_win_util.c
  pa_win_hostapis.c
  pa_win_coinitialize.c
  pa_win_wdmks.c
c:\users\alexarse\desktop\axlib\libs\portaudio\src\hostapi\wdmks\pa_win_wdmks.c(638): warning C4996: 'GetVersionExA': was declared deprecated
          c:\program files (x86)\windows kits\8.1\include\um\sysinfoapi.h(433) : see declaration of 'GetVersionExA'
  pa_win_wasapi.c
  pa_win_wmme.c
c:\users\alexarse\desktop\axlib\libs\portaudio\src\hostapi\wmme\pa_win_wmme.c(906): warning C4996: 'GetVersionExA': was declared deprecated
          c:\program files (x86)\windows kits\8.1\include\um\sysinfoapi.h(433) : see declaration of 'GetVersionExA'
  pa_win_ds_dynlink.c
  pa_win_ds.c
c:\users\alexarse\desktop\axlib\libs\portaudio\src\hostapi\dsound\pa_win_ds.c(327): warning C4996: 'GetVersionExA': was declared deprecated
          c:\program files (x86)\windows kits\8.1\include\um\sysinfoapi.h(433) : see declaration of 'GetVersionExA'
  pa_trace.c
  pa_stream.c
  pa_ringbuffer.c
  pa_process.c
  pa_hostapi_skeleton.c
  pa_front.c
  pa_dither.c
  pa_debugprint.c
  pa_cpuload.c
  Generating Code...
  Compiling...
  pa_converters.c
  pa_allocation.c
  Generating Code...
  pa_asio.cpp
C:\Program Files (x86)\MSBuild\Microsoft.Cpp\v4.0\V120\Microsoft.CppBuild.targets(1186,5): warning MSB8012: TargetPath(C:\Users\alexarse\Desktop\axLib\libs\portaudio\build\msvc\Win32\Debug\portaudio.dll) does not match the Linker's OutputFile property value (C:\Users\alexarse\Desktop\axLib\libs\portaudio\build\msvc\Win32\Debug\portaudio_x86.dll). This may cause your project to build incorrectly. To correct this, please make sure that $(OutDir), $(TargetName) and $(TargetExt) property values match the value specified in %(Link.OutputFile).
C:\Program Files (x86)\MSBuild\Microsoft.Cpp\v4.0\V120\Microsoft.CppBuild.targets(1188,5): warning MSB8012: TargetName(portaudio) does not match the Linker's OutputFile property value (portaudio_x86). This may cause your project to build incorrectly. To correct this, please make sure that $(OutDir), $(TargetName) and $(TargetExt) property values match the value specified in %(Link.OutputFile).
asio.obj : warning LNK4075: ignoring '/EDITANDCONTINUE' due to '/SAFESEH' specification
     Creating library Win32\Debug\portaudio_x86.lib and object Win32\Debug\portaudio_x86.exp
  portaudio.vcxproj -> C:\Users\alexarse\Desktop\axLib\libs\portaudio\build\msvc\Win32\Debug\portaudio.dll
