Build started 16/08/2014 10:03:54 PM.
     1>Project "C:\Users\alexarse\Desktop\axLib\libs\VST3 SDK\public.sdk\samples\vst\adelay\win\adelay_vc10.vcxproj" on node 2 (Build target(s)).
     1>ClCompile:
         C:\Program Files (x86)\Microsoft Visual Studio 12.0\VC\bin\CL.exe /c /I../../../../.. /ZI /nologo /W3 /WX- /Od /Oy- /D WINDOWS=1 /D DEVELOPMENT=1 /D _CRT_SECURE_NO_DEPRECATE=1 /D _VC80_UPGRADE=0x0710 /D _WINDLL /D _MBCS /Gm- /EHsc /RTC1 /MTd /GS /fp:precise /Zc:wchar_t /Zc:forScope /Fo"Win32\Debug\\" /Fd"Win32\Debug\vc120.pdb" /FR"Win32\Debug\\" /Gd /TP /analyze- /errorReport:prompt /MP ..\source\adelaycontroller.cpp ..\source\adelayprocessor.cpp ..\source\exampletest.cpp ..\source\factory.cpp ..\..\..\..\source\main\dllmain.cpp ..\..\..\..\source\main\pluginfactoryvst3.cpp ..\..\..\..\source\common\pluginview.cpp ..\..\..\..\source\vst\vstaudioeffect.cpp ..\..\..\..\source\vst\vstbus.cpp ..\..\..\..\source\vst\vstcomponent.cpp ..\..\..\..\source\vst\vstcomponentbase.cpp ..\..\..\..\source\vst\vsteditcontroller.cpp ..\..\..\..\source\vst\vstinitiids.cpp ..\..\..\..\source\vst\vstparameters.cpp ..\..\..\..\..\pluginterfaces\base\conststringtable.cpp ..\..\..\..\..\pluginterfaces\base\funknown.cpp ..\..\..\..\..\pluginterfaces\base\ustring.cpp
         adelaycontroller.cpp
         adelayprocessor.cpp
         exampletest.cpp
         factory.cpp
         dllmain.cpp
         pluginfactoryvst3.cpp
         pluginview.cpp
         vstaudioeffect.cpp
         vstbus.cpp
         vstcomponent.cpp
         vstcomponentbase.cpp
         vsteditcontroller.cpp
         vstinitiids.cpp
         vstparameters.cpp
         conststringtable.cpp
         funknown.cpp
         ustring.cpp
       ResourceCompile:
         C:\Program Files (x86)\Windows Kits\8.1\bin\x86\rc.exe /D _VC80_UPGRADE=0x0710 /l"0x0409" /I../../../../.. /nologo /fo"Win32\Debug\adelay.res" adelay.rc 
     1>C:\Program Files (x86)\MSBuild\Microsoft.Cpp\v4.0\V120\Microsoft.CppBuild.targets(1186,5): warning MSB8012: TargetPath(C:\Users\alexarse\Desktop\axLib\libs\VST3 SDK\public.sdk\samples\vst\adelay\win\Win32\Debug\ADelay.vst3) does not match the Linker's OutputFile property value (C:\Program Files (x86)\Common Files\VST3\Steinberg\ADelay.vst3). This may cause your project to build incorrectly. To correct this, please make sure that $(OutDir), $(TargetName) and $(TargetExt) property values match the value specified in %(Link.OutputFile).
       Link:
         C:\Program Files (x86)\Microsoft Visual Studio 12.0\VC\bin\link.exe /ERRORREPORT:PROMPT /OUT:"C:\Program Files (x86)\Common Files\VST3\Steinberg\ADelay.vst3" /INCREMENTAL /NOLOGO kernel32.lib user32.lib gdi32.lib winspool.lib comdlg32.lib advapi32.lib shell32.lib ole32.lib oleaut32.lib uuid.lib odbc32.lib odbccp32.lib /DEF:"adelay.def" /MANIFEST:NO /DEBUG /PDB:"Win32\Debug\adelay.pdb" /SUBSYSTEM:WINDOWS /TLBID:1 /DYNAMICBASE:NO /IMPLIB:"Win32\Debug\ADelay.lib" /MACHINE:X86 /SAFESEH /DLL Win32\Debug\adelay.res
         Win32\Debug\adelaycontroller.obj
         Win32\Debug\adelayprocessor.obj
         Win32\Debug\exampletest.obj
         Win32\Debug\factory.obj
         Win32\Debug\dllmain.obj
         Win32\Debug\pluginfactoryvst3.obj
         Win32\Debug\pluginview.obj
         Win32\Debug\vstaudioeffect.obj
         Win32\Debug\vstbus.obj
         Win32\Debug\vstcomponent.obj
         Win32\Debug\vstcomponentbase.obj
         Win32\Debug\vsteditcontroller.obj
         Win32\Debug\vstinitiids.obj
         Win32\Debug\vstparameters.obj
         Win32\Debug\conststringtable.obj
         Win32\Debug\funknown.obj
         Win32\Debug\ustring.obj
         "C:\Users\alexarse\Desktop\axLib\libs\VST3 SDK\base\win\Win32\Debug.base_vc10\base_vc10.lib"
     1>adelaycontroller.obj : warning LNK4075: ignoring '/EDITANDCONTINUE' due to '/SAFESEH' specification
            Creating library Win32\Debug\ADelay.lib and object Win32\Debug\ADelay.exp
         adelay_vc10.vcxproj -> C:\Users\alexarse\Desktop\axLib\libs\VST3 SDK\public.sdk\samples\vst\adelay\win\Win32\Debug\ADelay.vst3
       BscMake:
         C:\Program Files (x86)\Microsoft Visual Studio 12.0\VC\bin\bscmake.exe /nologo /o"Win32\Debug\ADelay.bsc" Win32\Debug\adelaycontroller.sbr Win32\Debug\adelayprocessor.sbr Win32\Debug\exampletest.sbr Win32\Debug\factory.sbr Win32\Debug\dllmain.sbr Win32\Debug\pluginfactoryvst3.sbr Win32\Debug\pluginview.sbr Win32\Debug\vstaudioeffect.sbr Win32\Debug\vstbus.sbr Win32\Debug\vstcomponent.sbr Win32\Debug\vstcomponentbase.sbr Win32\Debug\vsteditcontroller.sbr Win32\Debug\vstinitiids.sbr Win32\Debug\vstparameters.sbr Win32\Debug\conststringtable.sbr Win32\Debug\funknown.sbr Win32\Debug\ustring.sbr
     1>Done Building Project "C:\Users\alexarse\Desktop\axLib\libs\VST3 SDK\public.sdk\samples\vst\adelay\win\adelay_vc10.vcxproj" (Build target(s)).

Build succeeded.

Time Elapsed 00:00:12.52
